三月 31, 2021 9:09:55 上午 org.apache.catalina.startup.VersionLoggerListener log
信息: Server.服务器版本:     Apache Tomcat/7.0.103
三月 31, 2021 9:09:55 上午 org.apache.catalina.startup.VersionLoggerListener log
信息: 服务器构建:            Mar 16 2020 08:34:15 UTC
三月 31, 2021 9:09:55 上午 org.apache.catalina.startup.VersionLoggerListener log
信息: 服务器版本号(：7.0.103.0
三月 31, 2021 9:09:55 上午 org.apache.catalina.startup.VersionLoggerListener log
信息: OS Name:               Windows 10
三月 31, 2021 9:09:55 上午 org.apache.catalina.startup.VersionLoggerListener log
信息: OS.版本:               10.0
三月 31, 2021 9:09:55 上午 org.apache.catalina.startup.VersionLoggerListener log
信息: 架构:                  amd64
三月 31, 2021 9:09:55 上午 org.apache.catalina.startup.VersionLoggerListener log
信息: Java 环境变量:         C:\Program Files\Java\jdk1.8.0_281\jre
三月 31, 2021 9:09:55 上午 org.apache.catalina.startup.VersionLoggerListener log
信息: JVM 版本:              1.8.0_281-b09
三月 31, 2021 9:09:55 上午 org.apache.catalina.startup.VersionLoggerListener log
信息: JVM.供应商:            Oracle Corporation
三月 31, 2021 9:09:55 上午 org.apache.catalina.startup.VersionLoggerListener log
信息: CATALINA_BASE:         E:\MyFile\learn\java\apache-tomcat-7.0.103
三月 31, 2021 9:09:55 上午 org.apache.catalina.startup.VersionLoggerListener log
信息: CATALINA_HOME:         E:\MyFile\learn\java\apache-tomcat-7.0.103
三月 31, 2021 9:09:55 上午 org.apache.catalina.startup.VersionLoggerListener log
信息: Command line argument: -Djava.util.logging.config.file=E:\MyFile\learn\java\apache-tomcat-7.0.103\conf\logging.properties
三月 31, 2021 9:09:55 上午 org.apache.catalina.startup.VersionLoggerListener log
信息: Command line argument: -Djava.util.logging.manager=org.apache.juli.ClassLoaderLogManager
三月 31, 2021 9:09:55 上午 org.apache.catalina.startup.VersionLoggerListener log
信息: Command line argument: -Djdk.tls.ephemeralDHKeySize=2048
三月 31, 2021 9:09:55 上午 org.apache.catalina.startup.VersionLoggerListener log
信息: Command line argument: -Dignore.endorsed.dirs=
三月 31, 2021 9:09:55 上午 org.apache.catalina.startup.VersionLoggerListener log
信息: Command line argument: -Dcatalina.base=E:\MyFile\learn\java\apache-tomcat-7.0.103
三月 31, 2021 9:09:55 上午 org.apache.catalina.startup.VersionLoggerListener log
信息: Command line argument: -Dcatalina.home=E:\MyFile\learn\java\apache-tomcat-7.0.103
三月 31, 2021 9:09:55 上午 org.apache.catalina.startup.VersionLoggerListener log
信息: Command line argument: -Djava.io.tmpdir=E:\MyFile\learn\java\apache-tomcat-7.0.103\temp
三月 31, 2021 9:09:55 上午 org.apache.catalina.core.AprLifecycleListener lifecycleEvent
信息: Loaded APR based Apache Tomcat Native library [1.2.23] using APR version [1.7.0].
三月 31, 2021 9:09:55 上午 org.apache.catalina.core.AprLifecycleListener lifecycleEvent
信息: APR capabilities: IPv6 [true], sendfile [true], accept filters [false], random [true].
三月 31, 2021 9:09:55 上午 org.apache.catalina.core.AprLifecycleListener initializeSSL
信息: OpenSSL successfully initialized [OpenSSL 1.1.1c  28 May 2019]
三月 31, 2021 9:09:55 上午 org.apache.coyote.AbstractProtocol init
信息: 初始化协议处理器 ["http-apr-8080"]
三月 31, 2021 9:09:55 上午 org.apache.catalina.startup.Catalina load
信息: Initialization processed in 1085 ms
三月 31, 2021 9:09:55 上午 org.apache.catalina.core.StandardService startInternal
信息: Starting service [Catalina]
三月 31, 2021 9:09:55 上午 org.apache.catalina.core.StandardEngine startInternal
信息: Starting Servlet Engine: Apache Tomcat/7.0.103
三月 31, 2021 9:09:56 上午 org.apache.catalina.startup.HostConfig deployWAR
信息: Deploying web application archive [E:\MyFile\learn\java\apache-tomcat-7.0.103\webapps\geoserver.war]
三月 31, 2021 9:10:15 上午 org.apache.catalina.startup.TldConfig execute
信息: At least one JAR was scanned for TLDs yet contained no TLDs. Enable debug logging for this logger for a complete list of JARs that were scanned but no TLDs were found in them. Skipping unneeded JARs during scanning can improve startup time and JSP compilation time.
三月 31, 2021 9:10:17 上午 org.geoserver.platform.GeoServerExtensions checkContext
警告: Extension lookup 'XStreamPersisterInitializer', but ApplicationContext is unset.
三月 31, 2021 9:10:17 上午 org.geoserver.platform.GeoServerExtensions checkContext
警告: Extension lookup 'ExtensionFilter', but ApplicationContext is unset.
三月 31, 2021 9:10:17 上午 org.geoserver.platform.GeoServerExtensions checkContext
警告: Extension lookup 'ExtensionProvider', but ApplicationContext is unset.
三月 31, 2021 9:10:17 上午 org.geoserver.platform.GeoServerExtensions checkContext
警告: Extension lookup 'ExtensionFilter', but ApplicationContext is unset.
三月 31, 2021 9:10:19 上午 org.geoserver.platform.GeoServerExtensions checkContext
警告: Extension lookup 'GeoServerSecurityProvider', but ApplicationContext is unset.
三月 31, 2021 9:10:19 上午 org.geoserver.platform.GeoServerExtensions checkContext
警告: Extension lookup 'ExtensionFilter', but ApplicationContext is unset.
三月 31, 2021 9:10:19 上午 org.geoserver.platform.GeoServerExtensions checkContext
警告: Extension lookup 'ExtensionProvider', but ApplicationContext is unset.
三月 31, 2021 9:10:19 上午 org.geoserver.platform.GeoServerExtensions checkContext
警告: Extension lookup 'ExtensionFilter', but ApplicationContext is unset.
三月 31, 2021 9:10:33 上午 org.apache.catalina.startup.HostConfig deployWAR
信息: Deployment of web application archive [E:\MyFile\learn\java\apache-tomcat-7.0.103\webapps\geoserver.war] has finished in [37,211] ms
三月 31, 2021 9:10:33 上午 org.apache.coyote.AbstractProtocol start
信息: 开始协议处理句柄["http-apr-8080"]
三月 31, 2021 9:10:33 上午 org.apache.catalina.startup.Catalina start
信息: Server startup in 37455 ms
三月 31, 2021 9:24:49 上午 org.apache.catalina.startup.VersionLoggerListener log
信息: Server.服务器版本:     Apache Tomcat/7.0.103
三月 31, 2021 9:24:49 上午 org.apache.catalina.startup.VersionLoggerListener log
信息: 服务器构建:            Mar 16 2020 08:34:15 UTC
三月 31, 2021 9:24:49 上午 org.apache.catalina.startup.VersionLoggerListener log
信息: 服务器版本号(：7.0.103.0
三月 31, 2021 9:24:49 上午 org.apache.catalina.startup.VersionLoggerListener log
信息: OS Name:               Windows 10
三月 31, 2021 9:24:49 上午 org.apache.catalina.startup.VersionLoggerListener log
信息: OS.版本:               10.0
三月 31, 2021 9:24:49 上午 org.apache.catalina.startup.VersionLoggerListener log
信息: 架构:                  amd64
三月 31, 2021 9:24:49 上午 org.apache.catalina.startup.VersionLoggerListener log
信息: Java 环境变量:         C:\Program Files\Java\jdk1.8.0_281\jre
三月 31, 2021 9:24:49 上午 org.apache.catalina.startup.VersionLoggerListener log
信息: JVM 版本:              1.8.0_281-b09
三月 31, 2021 9:24:49 上午 org.apache.catalina.startup.VersionLoggerListener log
信息: JVM.供应商:            Oracle Corporation
三月 31, 2021 9:24:49 上午 org.apache.catalina.startup.VersionLoggerListener log
信息: CATALINA_BASE:         E:\MyFile\learn\java\apache-tomcat-7.0.103
三月 31, 2021 9:24:49 上午 org.apache.catalina.startup.VersionLoggerListener log
信息: CATALINA_HOME:         E:\MyFile\learn\java\apache-tomcat-7.0.103
三月 31, 2021 9:24:49 上午 org.apache.catalina.startup.VersionLoggerListener log
信息: Command line argument: -Djava.util.logging.config.file=E:\MyFile\learn\java\apache-tomcat-7.0.103\conf\logging.properties
三月 31, 2021 9:24:49 上午 org.apache.catalina.startup.VersionLoggerListener log
信息: Command line argument: -Djava.util.logging.manager=org.apache.juli.ClassLoaderLogManager
三月 31, 2021 9:24:49 上午 org.apache.catalina.startup.VersionLoggerListener log
信息: Command line argument: -Djdk.tls.ephemeralDHKeySize=2048
三月 31, 2021 9:24:49 上午 org.apache.catalina.startup.VersionLoggerListener log
信息: Command line argument: -Dignore.endorsed.dirs=
三月 31, 2021 9:24:49 上午 org.apache.catalina.startup.VersionLoggerListener log
信息: Command line argument: -Dcatalina.base=E:\MyFile\learn\java\apache-tomcat-7.0.103
三月 31, 2021 9:24:49 上午 org.apache.catalina.startup.VersionLoggerListener log
信息: Command line argument: -Dcatalina.home=E:\MyFile\learn\java\apache-tomcat-7.0.103
三月 31, 2021 9:24:49 上午 org.apache.catalina.startup.VersionLoggerListener log
信息: Command line argument: -Djava.io.tmpdir=E:\MyFile\learn\java\apache-tomcat-7.0.103\temp
三月 31, 2021 9:24:49 上午 org.apache.catalina.core.AprLifecycleListener lifecycleEvent
信息: Loaded APR based Apache Tomcat Native library [1.2.23] using APR version [1.7.0].
三月 31, 2021 9:24:49 上午 org.apache.catalina.core.AprLifecycleListener lifecycleEvent
信息: APR capabilities: IPv6 [true], sendfile [true], accept filters [false], random [true].
三月 31, 2021 9:24:49 上午 org.apache.catalina.core.AprLifecycleListener initializeSSL
信息: OpenSSL successfully initialized [OpenSSL 1.1.1c  28 May 2019]
三月 31, 2021 9:24:49 上午 org.apache.coyote.AbstractProtocol init
信息: 初始化协议处理器 ["http-apr-8080"]
三月 31, 2021 9:24:49 上午 org.apache.catalina.startup.Catalina load
信息: Initialization processed in 564 ms
三月 31, 2021 9:24:49 上午 org.apache.catalina.core.StandardService startInternal
信息: Starting service [Catalina]
三月 31, 2021 9:24:49 上午 org.apache.catalina.core.StandardEngine startInternal
信息: Starting Servlet Engine: Apache Tomcat/7.0.103
三月 31, 2021 9:24:49 上午 org.apache.catalina.startup.HostConfig deployWAR
信息: Deploying web application archive [E:\MyFile\learn\java\apache-tomcat-7.0.103\webapps\geoserver.war]
三月 31, 2021 9:25:01 上午 org.apache.catalina.startup.TldConfig execute
信息: At least one JAR was scanned for TLDs yet contained no TLDs. Enable debug logging for this logger for a complete list of JARs that were scanned but no TLDs were found in them. Skipping unneeded JARs during scanning can improve startup time and JSP compilation time.
三月 31, 2021 9:25:03 上午 org.geoserver.platform.GeoServerExtensions checkContext
警告: Extension lookup 'XStreamPersisterInitializer', but ApplicationContext is unset.
三月 31, 2021 9:25:03 上午 org.geoserver.platform.GeoServerExtensions checkContext
警告: Extension lookup 'ExtensionFilter', but ApplicationContext is unset.
三月 31, 2021 9:25:03 上午 org.geoserver.platform.GeoServerExtensions checkContext
警告: Extension lookup 'ExtensionProvider', but ApplicationContext is unset.
三月 31, 2021 9:25:03 上午 org.geoserver.platform.GeoServerExtensions checkContext
警告: Extension lookup 'ExtensionFilter', but ApplicationContext is unset.
三月 31, 2021 9:25:05 上午 org.geoserver.platform.GeoServerExtensions checkContext
警告: Extension lookup 'GeoServerSecurityProvider', but ApplicationContext is unset.
三月 31, 2021 9:25:05 上午 org.geoserver.platform.GeoServerExtensions checkContext
警告: Extension lookup 'ExtensionFilter', but ApplicationContext is unset.
三月 31, 2021 9:25:05 上午 org.geoserver.platform.GeoServerExtensions checkContext
警告: Extension lookup 'ExtensionProvider', but ApplicationContext is unset.
三月 31, 2021 9:25:05 上午 org.geoserver.platform.GeoServerExtensions checkContext
警告: Extension lookup 'ExtensionFilter', but ApplicationContext is unset.
三月 31, 2021 9:25:17 上午 org.apache.catalina.startup.HostConfig deployWAR
信息: Deployment of web application archive [E:\MyFile\learn\java\apache-tomcat-7.0.103\webapps\geoserver.war] has finished in [27,515] ms
三月 31, 2021 9:25:17 上午 org.apache.coyote.AbstractProtocol start
信息: 开始协议处理句柄["http-apr-8080"]
三月 31, 2021 9:25:17 上午 org.apache.catalina.startup.Catalina start
信息: Server startup in 27613 ms
三月 31, 2021 2:43:12 下午 org.apache.catalina.startup.VersionLoggerListener log
信息: Server.服务器版本:     Apache Tomcat/7.0.103
三月 31, 2021 2:43:12 下午 org.apache.catalina.startup.VersionLoggerListener log
信息: 服务器构建:            Mar 16 2020 08:34:15 UTC
三月 31, 2021 2:43:12 下午 org.apache.catalina.startup.VersionLoggerListener log
信息: 服务器版本号(：7.0.103.0
三月 31, 2021 2:43:12 下午 org.apache.catalina.startup.VersionLoggerListener log
信息: OS Name:               Windows 10
三月 31, 2021 2:43:12 下午 org.apache.catalina.startup.VersionLoggerListener log
信息: OS.版本:               10.0
三月 31, 2021 2:43:12 下午 org.apache.catalina.startup.VersionLoggerListener log
信息: 架构:                  amd64
三月 31, 2021 2:43:12 下午 org.apache.catalina.startup.VersionLoggerListener log
信息: Java 环境变量:         C:\Program Files\Java\jdk1.8.0_281\jre
三月 31, 2021 2:43:12 下午 org.apache.catalina.startup.VersionLoggerListener log
信息: JVM 版本:              1.8.0_281-b09
三月 31, 2021 2:43:12 下午 org.apache.catalina.startup.VersionLoggerListener log
信息: JVM.供应商:            Oracle Corporation
三月 31, 2021 2:43:12 下午 org.apache.catalina.startup.VersionLoggerListener log
信息: CATALINA_BASE:         E:\MyFile\learn\java\apache-tomcat-7.0.103
三月 31, 2021 2:43:12 下午 org.apache.catalina.startup.VersionLoggerListener log
信息: CATALINA_HOME:         E:\MyFile\learn\java\apache-tomcat-7.0.103
三月 31, 2021 2:43:12 下午 org.apache.catalina.startup.VersionLoggerListener log
信息: Command line argument: -Djava.util.logging.config.file=E:\MyFile\learn\java\apache-tomcat-7.0.103\conf\logging.properties
三月 31, 2021 2:43:12 下午 org.apache.catalina.startup.VersionLoggerListener log
信息: Command line argument: -Djava.util.logging.manager=org.apache.juli.ClassLoaderLogManager
三月 31, 2021 2:43:12 下午 org.apache.catalina.startup.VersionLoggerListener log
信息: Command line argument: -Djdk.tls.ephemeralDHKeySize=2048
三月 31, 2021 2:43:12 下午 org.apache.catalina.startup.VersionLoggerListener log
信息: Command line argument: -Dignore.endorsed.dirs=
三月 31, 2021 2:43:12 下午 org.apache.catalina.startup.VersionLoggerListener log
信息: Command line argument: -Dcatalina.base=E:\MyFile\learn\java\apache-tomcat-7.0.103
三月 31, 2021 2:43:12 下午 org.apache.catalina.startup.VersionLoggerListener log
信息: Command line argument: -Dcatalina.home=E:\MyFile\learn\java\apache-tomcat-7.0.103
三月 31, 2021 2:43:12 下午 org.apache.catalina.startup.VersionLoggerListener log
信息: Command line argument: -Djava.io.tmpdir=E:\MyFile\learn\java\apache-tomcat-7.0.103\temp
三月 31, 2021 2:43:12 下午 org.apache.catalina.core.AprLifecycleListener lifecycleEvent
信息: Loaded APR based Apache Tomcat Native library [1.2.23] using APR version [1.7.0].
三月 31, 2021 2:43:12 下午 org.apache.catalina.core.AprLifecycleListener lifecycleEvent
信息: APR capabilities: IPv6 [true], sendfile [true], accept filters [false], random [true].
三月 31, 2021 2:43:12 下午 org.apache.catalina.core.AprLifecycleListener initializeSSL
信息: OpenSSL successfully initialized [OpenSSL 1.1.1c  28 May 2019]
三月 31, 2021 2:43:12 下午 org.apache.coyote.AbstractProtocol init
信息: 初始化协议处理器 ["http-apr-8080"]
三月 31, 2021 2:43:12 下午 org.apache.catalina.startup.Catalina load
信息: Initialization processed in 570 ms
三月 31, 2021 2:43:12 下午 org.apache.catalina.core.StandardService startInternal
信息: Starting service [Catalina]
三月 31, 2021 2:43:12 下午 org.apache.catalina.core.StandardEngine startInternal
信息: Starting Servlet Engine: Apache Tomcat/7.0.103
三月 31, 2021 2:43:12 下午 org.apache.catalina.startup.HostConfig deployWAR
信息: Deploying web application archive [E:\MyFile\learn\java\apache-tomcat-7.0.103\webapps\geoserver.war]
三月 31, 2021 2:43:23 下午 org.apache.catalina.startup.TldConfig execute
信息: At least one JAR was scanned for TLDs yet contained no TLDs. Enable debug logging for this logger for a complete list of JARs that were scanned but no TLDs were found in them. Skipping unneeded JARs during scanning can improve startup time and JSP compilation time.
三月 31, 2021 2:43:24 下午 org.geoserver.platform.GeoServerExtensions checkContext
警告: Extension lookup 'XStreamPersisterInitializer', but ApplicationContext is unset.
三月 31, 2021 2:43:24 下午 org.geoserver.platform.GeoServerExtensions checkContext
警告: Extension lookup 'ExtensionFilter', but ApplicationContext is unset.
三月 31, 2021 2:43:24 下午 org.geoserver.platform.GeoServerExtensions checkContext
警告: Extension lookup 'ExtensionProvider', but ApplicationContext is unset.
三月 31, 2021 2:43:24 下午 org.geoserver.platform.GeoServerExtensions checkContext
警告: Extension lookup 'ExtensionFilter', but ApplicationContext is unset.
三月 31, 2021 2:43:26 下午 org.geoserver.platform.GeoServerExtensions checkContext
警告: Extension lookup 'GeoServerSecurityProvider', but ApplicationContext is unset.
三月 31, 2021 2:43:26 下午 org.geoserver.platform.GeoServerExtensions checkContext
警告: Extension lookup 'ExtensionFilter', but ApplicationContext is unset.
三月 31, 2021 2:43:26 下午 org.geoserver.platform.GeoServerExtensions checkContext
警告: Extension lookup 'ExtensionProvider', but ApplicationContext is unset.
三月 31, 2021 2:43:26 下午 org.geoserver.platform.GeoServerExtensions checkContext
警告: Extension lookup 'ExtensionFilter', but ApplicationContext is unset.
三月 31, 2021 2:43:38 下午 org.apache.catalina.startup.HostConfig deployWAR
信息: Deployment of web application archive [E:\MyFile\learn\java\apache-tomcat-7.0.103\webapps\geoserver.war] has finished in [25,483] ms
三月 31, 2021 2:43:38 下午 org.apache.coyote.AbstractProtocol start
信息: 开始协议处理句柄["http-apr-8080"]
三月 31, 2021 2:43:38 下午 org.apache.catalina.startup.Catalina start
信息: Server startup in 25598 ms
三月 31, 2021 4:08:33 下午 org.apache.catalina.core.StandardServer await
信息: A valid shutdown command was received via the shutdown port. Stopping the Server instance.
三月 31, 2021 4:08:33 下午 org.apache.coyote.AbstractProtocol pause
信息: Pausing ProtocolHandler ["http-apr-8080"]
三月 31, 2021 4:08:34 下午 org.apache.catalina.core.StandardService stopInternal
信息: 正在停止服务[Catalina]
三月 31, 2021 4:08:34 下午 org.geoserver.GeoserverInitStartupListener contextDestroyed
信息: Beginning GeoServer cleanup sequence
三月 31, 2021 4:08:34 下午 org.geoserver.GeoserverInitStartupListener contextDestroyed
信息: Unregistered JDBC driver org.sqlite.JDBC@669b4c08
三月 31, 2021 4:08:34 下午 org.geoserver.GeoserverInitStartupListener contextDestroyed
信息: Unregistered JDBC driver org.hsqldb.jdbc.JDBCDriver@4f7fd085
三月 31, 2021 4:08:34 下午 org.geoserver.GeoserverInitStartupListener contextDestroyed
信息: Unregistered JDBC driver org.h2.Driver@1b344c98
三月 31, 2021 4:08:34 下午 org.geoserver.GeoserverInitStartupListener contextDestroyed
信息: Unregistered JDBC driver org.postgresql.Driver@a1f2270
三月 31, 2021 4:08:34 下午 org.geoserver.GeoserverInitStartupListener disposeAuthorityFactories
信息: Disposing referencing factory GeoserverWKTOperationFactory["European Petroleum Survey Group"]
  COORDINATE_OPERATION_AUTHORITY_FACTORY = PropertyCoordinateOperationAuthorityFactory["European Petroleum Survey Group"]
    CRS_FACTORY                          = ReferencingObjectFactory                                                      
    CS_FACTORY                           = (same as CRS_FACTORY)                                                         
    DATUM_FACTORY                        = DatumAliases                                                                  
    MATH_TRANSFORM_FACTORY               = DefaultMathTransformFactory                                                   

三月 31, 2021 4:08:34 下午 org.geoserver.GeoserverInitStartupListener disposeAuthorityFactories
信息: Disposing referencing factory LongitudeFirstFactory["European Petroleum Survey Group"]
  FORCE_LONGITUDE_FIRST_AXIS_ORDER           = true                                                          
  FORCE_STANDARD_AXIS_DIRECTIONS             = false                                                         
  FORCE_STANDARD_AXIS_UNITS                  = false                                                         
  CS_AUTHORITY_FACTORY                       = OrderedAxisAuthorityFactory["European Petroleum Survey Group"]
    DATUM_AUTHORITY_FACTORY                  = ThreadedHsqlEpsgFactory["European Petroleum Survey Group"]    
      EPSG_DATA_SOURCE                       = java:comp/env/jdbc/EPSG                                       
      DATUM_AUTHORITY_FACTORY                = ThreadedHsqlEpsgFactory.["European Petroleum Survey Group"]   
        FORCE_LONGITUDE_FIRST_AXIS_ORDER     = false                                                         
        FORCE_STANDARD_AXIS_DIRECTIONS       = false                                                         
        FORCE_STANDARD_AXIS_UNITS            = false                                                         
        VERSION                              = 9.6                                                           
        CRS_FACTORY                          = ReferencingObjectFactory                                      
        CS_FACTORY                           = (same as CRS_FACTORY)                                         
        DATUM_FACTORY                        = DatumAliases                                                  
        MATH_TRANSFORM_FACTORY               = DefaultMathTransformFactory                                   
      CS_AUTHORITY_FACTORY                   = (same as DATUM_AUTHORITY_FACTORY)                             
      CRS_AUTHORITY_FACTORY                  = (same as DATUM_AUTHORITY_FACTORY)                             
      COORDINATE_OPERATION_AUTHORITY_FACTORY = (same as DATUM_AUTHORITY_FACTORY)                             
    CS_AUTHORITY_FACTORY                     = (same as DATUM_AUTHORITY_FACTORY)                             
    CRS_AUTHORITY_FACTORY                    = (same as DATUM_AUTHORITY_FACTORY)                             
    COORDINATE_OPERATION_AUTHORITY_FACTORY   = (same as DATUM_AUTHORITY_FACTORY)                             
    FORCE_STANDARD_AXIS_UNITS                = false                                                         
    FORCE_STANDARD_AXIS_DIRECTIONS           = false                                                         
    FORCE_LONGITUDE_FIRST_AXIS_ORDER         = true                                                          
  CRS_AUTHORITY_FACTORY                      = (same as CS_AUTHORITY_FACTORY)                                

三月 31, 2021 4:08:34 下午 org.geoserver.GeoserverInitStartupListener disposeAuthorityFactories
信息: Disposing referencing factory HTTP_AuthorityFactory["URL in OGC namespace"]
  DATUM_AUTHORITY_FACTORY                = AllAuthoritiesFactory["All"]     
  CS_AUTHORITY_FACTORY                   = (same as DATUM_AUTHORITY_FACTORY)
  CRS_AUTHORITY_FACTORY                  = (same as DATUM_AUTHORITY_FACTORY)
  COORDINATE_OPERATION_AUTHORITY_FACTORY = (same as DATUM_AUTHORITY_FACTORY)

三月 31, 2021 4:08:34 下午 org.geoserver.GeoserverInitStartupListener disposeAuthorityFactories
信息: Disposing referencing factory GeoserverOverridingWKTFactory["European Petroleum Survey Group"]
  CRS_AUTHORITY_EXTRA_DIRECTORY    = null                                                       
  DATUM_AUTHORITY_FACTORY          = PropertyAuthorityFactory["European Petroleum Survey Group"]
    FORCE_STANDARD_AXIS_DIRECTIONS = false                                                      
    FORCE_STANDARD_AXIS_UNITS      = false                                                      
    CRS_FACTORY                    = ReferencingObjectFactory                                   
    CS_FACTORY                     = (same as CRS_FACTORY)                                      
    DATUM_FACTORY                  = DatumAliases                                               
    MATH_TRANSFORM_FACTORY         = DefaultMathTransformFactory                                
  CS_AUTHORITY_FACTORY             = (same as DATUM_AUTHORITY_FACTORY)                          
  CRS_AUTHORITY_FACTORY            = (same as DATUM_AUTHORITY_FACTORY)                          

三月 31, 2021 4:08:34 下午 org.geoserver.GeoserverInitStartupListener disposeAuthorityFactories
信息: Disposing referencing factory LongitudeFirstFactory["European Petroleum Survey Group"]
  FORCE_LONGITUDE_FIRST_AXIS_ORDER           = true                                                          
  FORCE_STANDARD_AXIS_DIRECTIONS             = false                                                         
  FORCE_STANDARD_AXIS_UNITS                  = false                                                         
  CS_AUTHORITY_FACTORY                       = OrderedAxisAuthorityFactory["European Petroleum Survey Group"]
    DATUM_AUTHORITY_FACTORY                  = ThreadedHsqlEpsgFactory["European Petroleum Survey Group"]    
      EPSG_DATA_SOURCE                       = java:comp/env/jdbc/EPSG                                       
      DATUM_AUTHORITY_FACTORY                = ThreadedHsqlEpsgFactory.["European Petroleum Survey Group"]   
        FORCE_LONGITUDE_FIRST_AXIS_ORDER     = false                                                         
        FORCE_STANDARD_AXIS_DIRECTIONS       = false                                                         
        FORCE_STANDARD_AXIS_UNITS            = false                                                         
        VERSION                              = 9.6                                                           
        CRS_FACTORY                          = ReferencingObjectFactory                                      
        CS_FACTORY                           = (same as CRS_FACTORY)                                         
        DATUM_FACTORY                        = DatumAliases                                                  
        MATH_TRANSFORM_FACTORY               = DefaultMathTransformFactory                                   
      CS_AUTHORITY_FACTORY                   = (same as DATUM_AUTHORITY_FACTORY)                             
      CRS_AUTHORITY_FACTORY                  = (same as DATUM_AUTHORITY_FACTORY)                             
      COORDINATE_OPERATION_AUTHORITY_FACTORY = (same as DATUM_AUTHORITY_FACTORY)                             
    CS_AUTHORITY_FACTORY                     = (same as DATUM_AUTHORITY_FACTORY)                             
    CRS_AUTHORITY_FACTORY                    = (same as DATUM_AUTHORITY_FACTORY)                             
    COORDINATE_OPERATION_AUTHORITY_FACTORY   = (same as DATUM_AUTHORITY_FACTORY)                             
    FORCE_STANDARD_AXIS_UNITS                = false                                                         
    FORCE_STANDARD_AXIS_DIRECTIONS           = false                                                         
    FORCE_LONGITUDE_FIRST_AXIS_ORDER         = true                                                          
  CRS_AUTHORITY_FACTORY                      = (same as CS_AUTHORITY_FACTORY)                                

三月 31, 2021 4:08:34 下午 org.geoserver.GeoserverInitStartupListener disposeAuthorityFactories
信息: Disposing referencing factory CartesianAuthorityFactory["European Petroleum Survey Group"]
  CRS_FACTORY            = ReferencingObjectFactory   
  CS_FACTORY             = (same as CRS_FACTORY)      
  DATUM_FACTORY          = DatumAliases               
  MATH_TRANSFORM_FACTORY = DefaultMathTransformFactory

三月 31, 2021 4:08:34 下午 org.geoserver.GeoserverInitStartupListener disposeAuthorityFactories
信息: Disposing referencing factory GeoserverCustomWKTFactory["European Petroleum Survey Group"]
  CRS_AUTHORITY_EXTRA_DIRECTORY    = null                                                       
  DATUM_AUTHORITY_FACTORY          = PropertyAuthorityFactory["European Petroleum Survey Group"]
    FORCE_STANDARD_AXIS_DIRECTIONS = false                                                      
    FORCE_STANDARD_AXIS_UNITS      = false                                                      
    CRS_FACTORY                    = ReferencingObjectFactory                                   
    CS_FACTORY                     = (same as CRS_FACTORY)                                      
    DATUM_FACTORY                  = DatumAliases                                               
    MATH_TRANSFORM_FACTORY         = DefaultMathTransformFactory                                
  CS_AUTHORITY_FACTORY             = (same as DATUM_AUTHORITY_FACTORY)                          
  CRS_AUTHORITY_FACTORY            = (same as DATUM_AUTHORITY_FACTORY)                          

三月 31, 2021 4:08:34 下午 org.geoserver.GeoserverInitStartupListener disposeAuthorityFactories
信息: Disposing referencing factory HTTP_AuthorityFactory["URL in OGC namespace"]
  DATUM_AUTHORITY_FACTORY                = AllAuthoritiesFactory["All"]     
  CS_AUTHORITY_FACTORY                   = (same as DATUM_AUTHORITY_FACTORY)
  CRS_AUTHORITY_FACTORY                  = (same as DATUM_AUTHORITY_FACTORY)
  COORDINATE_OPERATION_AUTHORITY_FACTORY = (same as DATUM_AUTHORITY_FACTORY)

三月 31, 2021 4:08:34 下午 org.geoserver.GeoserverInitStartupListener disposeAuthorityFactories
信息: Disposing referencing factory WebCRSFactory["Web Map Service CRS"]
  CRS_FACTORY            = ReferencingObjectFactory   
  CS_FACTORY             = (same as CRS_FACTORY)      
  DATUM_FACTORY          = DatumAliases               
  MATH_TRANSFORM_FACTORY = DefaultMathTransformFactory

三月 31, 2021 4:08:34 下午 org.geoserver.GeoserverInitStartupListener disposeAuthorityFactories
信息: Disposing referencing factory AutoCRSFactory["Automatic Projections"]
  CRS_FACTORY            = ReferencingObjectFactory   
  CS_FACTORY             = (same as CRS_FACTORY)      
  DATUM_FACTORY          = DatumAliases               
  MATH_TRANSFORM_FACTORY = DefaultMathTransformFactory

三月 31, 2021 4:08:34 下午 org.geoserver.GeoserverInitStartupListener disposeAuthorityFactories
信息: Disposing referencing factory LongitudeFirstFactory["European Petroleum Survey Group"]
  FORCE_LONGITUDE_FIRST_AXIS_ORDER           = true                                                          
  FORCE_STANDARD_AXIS_DIRECTIONS             = false                                                         
  FORCE_STANDARD_AXIS_UNITS                  = false                                                         
  CS_AUTHORITY_FACTORY                       = OrderedAxisAuthorityFactory["European Petroleum Survey Group"]
    DATUM_AUTHORITY_FACTORY                  = ThreadedHsqlEpsgFactory["European Petroleum Survey Group"]    
      EPSG_DATA_SOURCE                       = java:comp/env/jdbc/EPSG                                       
      DATUM_AUTHORITY_FACTORY                = ThreadedHsqlEpsgFactory.["European Petroleum Survey Group"]   
        FORCE_LONGITUDE_FIRST_AXIS_ORDER     = false                                                         
        FORCE_STANDARD_AXIS_DIRECTIONS       = false                                                         
        FORCE_STANDARD_AXIS_UNITS            = false                                                         
        VERSION                              = 9.6                                                           
        CRS_FACTORY                          = ReferencingObjectFactory                                      
        CS_FACTORY                           = (same as CRS_FACTORY)                                         
        DATUM_FACTORY                        = DatumAliases                                                  
        MATH_TRANSFORM_FACTORY               = DefaultMathTransformFactory                                   
      CS_AUTHORITY_FACTORY                   = (same as DATUM_AUTHORITY_FACTORY)                             
      CRS_AUTHORITY_FACTORY                  = (same as DATUM_AUTHORITY_FACTORY)                             
      COORDINATE_OPERATION_AUTHORITY_FACTORY = (same as DATUM_AUTHORITY_FACTORY)                             
    CS_AUTHORITY_FACTORY                     = (same as DATUM_AUTHORITY_FACTORY)                             
    CRS_AUTHORITY_FACTORY                    = (same as DATUM_AUTHORITY_FACTORY)                             
    COORDINATE_OPERATION_AUTHORITY_FACTORY   = (same as DATUM_AUTHORITY_FACTORY)                             
    FORCE_STANDARD_AXIS_UNITS                = false                                                         
    FORCE_STANDARD_AXIS_DIRECTIONS           = false                                                         
    FORCE_LONGITUDE_FIRST_AXIS_ORDER         = true                                                          
  CRS_AUTHORITY_FACTORY                      = (same as CS_AUTHORITY_FACTORY)                                

三月 31, 2021 4:08:34 下午 org.geoserver.GeoserverInitStartupListener disposeAuthorityFactories
信息: Disposing referencing factory HTTP_AuthorityFactory["URL in OGC namespace"]
  DATUM_AUTHORITY_FACTORY                = AllAuthoritiesFactory["All"]     
  CS_AUTHORITY_FACTORY                   = (same as DATUM_AUTHORITY_FACTORY)
  CRS_AUTHORITY_FACTORY                  = (same as DATUM_AUTHORITY_FACTORY)
  COORDINATE_OPERATION_AUTHORITY_FACTORY = (same as DATUM_AUTHORITY_FACTORY)

三月 31, 2021 4:08:34 下午 org.geoserver.GeoserverInitStartupListener contextDestroyed
信息: Shut down GT referencing threads 
三月 31, 2021 4:08:34 下午 org.geoserver.GeoserverInitStartupListener contextDestroyed
信息: Shut down GT  SPI 
三月 31, 2021 4:08:34 下午 org.geoserver.GeoserverInitStartupListener contextDestroyed
信息: Shut down coverage thread pool 
三月 31, 2021 4:08:34 下午 org.geoserver.GeoserverInitStartupListener contextDestroyed
信息: Unregistering Image I/O provider it.geosolutions.imageio.stream.input.spi.URLImageInputStreamSpi@4049178a
三月 31, 2021 4:08:34 下午 org.geoserver.GeoserverInitStartupListener contextDestroyed
信息: Unregistering Image I/O provider it.geosolutions.imageioimpl.plugins.tiff.TIFFImageReaderSpi@70cd6729
三月 31, 2021 4:08:34 下午 org.geoserver.GeoserverInitStartupListener contextDestroyed
信息: Unregistering Image I/O provider com.sun.media.imageioimpl.plugins.tiff.TIFFImageReaderSpi@6ef6c7f3
三月 31, 2021 4:08:34 下午 org.geoserver.GeoserverInitStartupListener contextDestroyed
信息: Unregistering Image I/O provider it.geosolutions.imageio.stream.output.spi.URLImageOutputStreamSpi@52e47ca2
三月 31, 2021 4:08:34 下午 org.geoserver.GeoserverInitStartupListener contextDestroyed
信息: Unregistering Image I/O provider com.sun.media.imageioimpl.plugins.wbmp.WBMPImageWriterSpi@1b082b8e
三月 31, 2021 4:08:34 下午 org.geoserver.GeoserverInitStartupListener contextDestroyed
信息: Unregistering Image I/O provider com.sun.media.imageioimpl.plugins.pnm.PNMImageReaderSpi@758edf46
三月 31, 2021 4:08:34 下午 org.geoserver.GeoserverInitStartupListener contextDestroyed
信息: Unregistering Image I/O provider com.sun.media.imageioimpl.stream.ChannelImageInputStreamSpi@5a3d39b4
三月 31, 2021 4:08:34 下午 org.geoserver.GeoserverInitStartupListener contextDestroyed
信息: Unregistering Image I/O provider com.sun.media.imageioimpl.plugins.bmp.BMPImageWriterSpi@470b3222
三月 31, 2021 4:08:34 下午 org.geoserver.GeoserverInitStartupListener contextDestroyed
信息: Unregistering Image I/O provider com.sun.media.imageioimpl.plugins.wbmp.WBMPImageReaderSpi@5b7e4894
三月 31, 2021 4:08:34 下午 org.geoserver.GeoserverInitStartupListener contextDestroyed
信息: Unregistering Image I/O provider it.geosolutions.imageio.plugins.arcgrid.spi.AsciiGridsImageReaderSpi@43e8acc4
三月 31, 2021 4:08:34 下午 org.geoserver.GeoserverInitStartupListener contextDestroyed
信息: Unregistering Image I/O provider it.geosolutions.imageio.plugins.arcgrid.spi.AsciiGridsImageWriterSpi@504c228
三月 31, 2021 4:08:34 下午 org.geoserver.GeoserverInitStartupListener contextDestroyed
信息: Unregistering Image I/O provider it.geosolutions.imageio.stream.input.spi.StringImageInputStreamSpi@944b3e9
三月 31, 2021 4:08:34 下午 org.geoserver.GeoserverInitStartupListener contextDestroyed
信息: Unregistering Image I/O provider it.geosolutions.imageioimpl.plugins.tiff.TIFFImageWriterSpi@2044bbea
三月 31, 2021 4:08:34 下午 org.geoserver.GeoserverInitStartupListener contextDestroyed
信息: Unregistering Image I/O provider com.sun.media.imageioimpl.stream.ChannelImageOutputStreamSpi@3538bf89
三月 31, 2021 4:08:34 下午 org.geoserver.GeoserverInitStartupListener contextDestroyed
信息: Unregistering Image I/O provider it.geosolutions.imageio.stream.output.spi.StringImageOutputStreamSpi@4c0bfd58
三月 31, 2021 4:08:34 下午 org.geoserver.GeoserverInitStartupListener contextDestroyed
信息: Unregistering Image I/O provider com.sun.media.imageioimpl.plugins.tiff.TIFFImageWriterSpi@3ed5d1e1
三月 31, 2021 4:08:34 下午 org.geoserver.GeoserverInitStartupListener contextDestroyed
信息: Unregistering Image I/O provider com.sun.media.imageioimpl.plugins.raw.RawImageReaderSpi@47e51d73
三月 31, 2021 4:08:34 下午 org.geoserver.GeoserverInitStartupListener contextDestroyed
信息: Unregistering Image I/O provider org.geotools.geopkg.ByteArrayImageInputStreamSpi@11a108c
三月 31, 2021 4:08:34 下午 org.geoserver.GeoserverInitStartupListener contextDestroyed
信息: Unregistering Image I/O provider com.sun.media.imageioimpl.plugins.bmp.BMPImageReaderSpi@7a173740
三月 31, 2021 4:08:34 下午 org.geoserver.GeoserverInitStartupListener contextDestroyed
信息: Unregistering Image I/O provider it.geosolutions.imageio.stream.input.spi.FileImageInputStreamExtImplSpi@3915eda2
三月 31, 2021 4:08:34 下午 org.geoserver.GeoserverInitStartupListener contextDestroyed
信息: Unregistering Image I/O provider it.geosolutions.imageio.stream.output.spi.FileImageOutputStreamExtImplSpi@199fdee6
三月 31, 2021 4:08:34 下午 org.geoserver.GeoserverInitStartupListener contextDestroyed
信息: Unregistering Image I/O provider com.sun.media.imageioimpl.plugins.pnm.PNMImageWriterSpi@7adf7d65
三月 31, 2021 4:08:34 下午 org.geoserver.GeoserverInitStartupListener contextDestroyed
信息: Unregistering Image I/O provider com.sun.media.imageioimpl.plugins.raw.RawImageWriterSpi@20517deb
三月 31, 2021 4:08:34 下午 org.geoserver.GeoserverInitStartupListener contextDestroyed
信息: Unregistering Image I/O provider com.sun.media.imageioimpl.plugins.gif.GIFImageWriterSpi@24b4000a
三月 31, 2021 4:08:34 下午 org.geoserver.GeoserverInitStartupListener contextDestroyed
信息: Unregistering JAI factory class com.sun.media.jai.mlib.MlibMultiplyRIF
三月 31, 2021 4:08:34 下午 org.geoserver.GeoserverInitStartupListener contextDestroyed
信息: Unregistering JAI factory class com.sun.media.jai.opimage.MultiplyCRIF
三月 31, 2021 4:08:34 下午 org.geoserver.GeoserverInitStartupListener contextDestroyed
信息: Unregistering JAI factory class com.sun.media.jai.mlib.MlibLogRIF
三月 31, 2021 4:08:34 下午 org.geoserver.GeoserverInitStartupListener contextDestroyed
信息: Unregistering JAI factory class com.sun.media.jai.opimage.LogCRIF
三月 31, 2021 4:08:34 下午 org.geoserver.GeoserverInitStartupListener contextDestroyed
信息: Unregistering JAI factory class com.sun.media.jai.opimage.PNMRIF
三月 31, 2021 4:08:34 下午 org.geoserver.GeoserverInitStartupListener contextDestroyed
信息: Unregistering JAI factory class com.sun.media.jai.opimage.IIPCRIF
三月 31, 2021 4:08:34 下午 org.geoserver.GeoserverInitStartupListener contextDestroyed
信息: Unregistering JAI factory class com.sun.media.jai.mlib.MlibGradientRIF
三月 31, 2021 4:08:34 下午 org.geoserver.GeoserverInitStartupListener contextDestroyed
信息: Unregistering JAI factory class com.sun.media.jai.opimage.GradientRIF
三月 31, 2021 4:08:34 下午 org.geoserver.GeoserverInitStartupListener contextDestroyed
信息: Unregistering JAI factory class com.sun.media.jai.opimage.PatternRIF
三月 31, 2021 4:08:34 下午 org.geoserver.GeoserverInitStartupListener contextDestroyed
信息: Unregistering JAI factory class com.sun.media.jai.opimage.PNGRIF
三月 31, 2021 4:08:34 下午 org.geoserver.GeoserverInitStartupListener contextDestroyed
信息: Unregistering JAI factory class it.geosolutions.jaiext.nullop.NullCRIF
三月 31, 2021 4:08:34 下午 org.geoserver.GeoserverInitStartupListener contextDestroyed
信息: Unregistering JAI factory class com.sun.media.jai.opimage.FileStoreRIF
三月 31, 2021 4:08:34 下午 org.geoserver.GeoserverInitStartupListener contextDestroyed
信息: Unregistering JAI factory class it.geosolutions.jaiext.zonal.ZonalStatsRIF
三月 31, 2021 4:08:34 下午 org.geoserver.GeoserverInitStartupListener contextDestroyed
信息: Unregistering JAI factory class com.sun.media.jai.imageioimpl.ImageWriteCRIF
三月 31, 2021 4:08:34 下午 org.geoserver.GeoserverInitStartupListener contextDestroyed
信息: Unregistering JAI factory class it.geosolutions.jaiext.jiffleop.JiffleRIF
三月 31, 2021 4:08:34 下午 org.geoserver.GeoserverInitStartupListener contextDestroyed
信息: Unregistering JAI factory class it.geosolutions.jaiext.bandcombine.BandCombineCRIF
三月 31, 2021 4:08:34 下午 org.geoserver.GeoserverInitStartupListener contextDestroyed
信息: Unregistering JAI factory class it.geosolutions.jaiext.translate.TranslateCRIF
三月 31, 2021 4:08:34 下午 org.geoserver.GeoserverInitStartupListener contextDestroyed
信息: Unregistering JAI factory class com.sun.media.jai.mlib.MlibConvolveRIF
三月 31, 2021 4:08:34 下午 org.geoserver.GeoserverInitStartupListener contextDestroyed
信息: Unregistering JAI factory class com.sun.media.jai.opimage.ConvolveRIF
三月 31, 2021 4:08:34 下午 org.geoserver.GeoserverInitStartupListener contextDestroyed
信息: Unregistering JAI factory class com.sun.media.jai.mlib.MlibDCTRIF
三月 31, 2021 4:08:34 下午 org.geoserver.GeoserverInitStartupListener contextDestroyed
信息: Unregistering JAI factory class com.sun.media.jai.opimage.DCTCRIF
三月 31, 2021 4:08:34 下午 org.geoserver.GeoserverInitStartupListener contextDestroyed
信息: Unregistering JAI factory class com.sun.media.jai.opimage.GIFRIF
三月 31, 2021 4:08:34 下午 org.geoserver.GeoserverInitStartupListener contextDestroyed
信息: Unregistering JAI factory class it.geosolutions.jaiext.format.FormatCRIF
三月 31, 2021 4:08:34 下午 org.geoserver.GeoserverInitStartupListener contextDestroyed
信息: Unregistering JAI factory class com.sun.media.jai.opimage.IIPResolutionRIF
三月 31, 2021 4:08:34 下午 org.geoserver.GeoserverInitStartupListener contextDestroyed
信息: Unregistering JAI factory class com.sun.media.jai.mlib.MlibAddRIF
三月 31, 2021 4:08:34 下午 org.geoserver.GeoserverInitStartupListener contextDestroyed
信息: Unregistering JAI factory class com.sun.media.jai.opimage.AddCRIF
三月 31, 2021 4:08:34 下午 org.geoserver.GeoserverInitStartupListener contextDestroyed
信息: Unregistering JAI factory class com.sun.media.jai.mlib.MlibMaxRIF
三月 31, 2021 4:08:34 下午 org.geoserver.GeoserverInitStartupListener contextDestroyed
信息: Unregistering JAI factory class com.sun.media.jai.opimage.MaxCRIF
三月 31, 2021 4:08:34 下午 org.geoserver.GeoserverInitStartupListener contextDestroyed
信息: Unregistering JAI factory class it.geosolutions.jaiext.border.BorderRIF
三月 31, 2021 4:08:34 下午 org.geoserver.GeoserverInitStartupListener contextDestroyed
信息: Unregistering JAI factory class it.geosolutions.jaiext.rescale.RescaleCRIF
三月 31, 2021 4:08:34 下午 org.geoserver.GeoserverInitStartupListener contextDestroyed
信息: Unregistering JAI factory class it.geosolutions.jaiext.binarize.BinarizeCRIF
三月 31, 2021 4:08:34 下午 org.geoserver.GeoserverInitStartupListener contextDestroyed
信息: Unregistering JAI factory class com.sun.media.jai.opimage.DivideComplexCRIF
三月 31, 2021 4:08:34 下午 org.geoserver.GeoserverInitStartupListener contextDestroyed
信息: Unregistering JAI factory class com.sun.media.jai.mlib.MlibDilateRIF
三月 31, 2021 4:08:34 下午 org.geoserver.GeoserverInitStartupListener contextDestroyed
信息: Unregistering JAI factory class com.sun.media.jai.opimage.DilateRIF
三月 31, 2021 4:08:34 下午 org.geoserver.GeoserverInitStartupListener contextDestroyed
信息: Unregistering JAI factory class com.sun.media.jai.mlib.MlibHistogramRIF
三月 31, 2021 4:08:34 下午 org.geoserver.GeoserverInitStartupListener contextDestroyed
信息: Unregistering JAI factory class com.sun.media.jai.opimage.HistogramRIF
三月 31, 2021 4:08:34 下午 org.geoserver.GeoserverInitStartupListener contextDestroyed
信息: Unregistering JAI factory class com.sun.media.jai.opimage.AddCollectionCRIF
三月 31, 2021 4:08:34 下午 org.geoserver.GeoserverInitStartupListener contextDestroyed
信息: Unregistering JAI factory class com.sun.media.jai.opimage.URLRIF
三月 31, 2021 4:08:34 下午 org.geoserver.GeoserverInitStartupListener contextDestroyed
信息: Unregistering JAI factory class org.jaitools.media.jai.vectorize.VectorizeRIF
三月 31, 2021 4:08:34 下午 org.geoserver.GeoserverInitStartupListener contextDestroyed
信息: Unregistering JAI factory class com.sun.media.jai.opimage.PolarToComplexCRIF
三月 31, 2021 4:08:34 下午 org.geoserver.GeoserverInitStartupListener contextDestroyed
信息: Unregistering JAI factory class it.geosolutions.jaiext.colorindexer.ColorIndexerCRIF
三月 31, 2021 4:08:34 下午 org.geoserver.GeoserverInitStartupListener contextDestroyed
信息: Unregistering JAI factory class it.geosolutions.jaiext.classbreaks.ClassBreaksRIF
三月 31, 2021 4:08:34 下午 org.geoserver.GeoserverInitStartupListener contextDestroyed
信息: Unregistering JAI factory class com.sun.media.jai.mlib.MlibSubtractConstRIF
三月 31, 2021 4:08:34 下午 org.geoserver.GeoserverInitStartupListener contextDestroyed
信息: Unregistering JAI factory class com.sun.media.jai.opimage.SubtractConstCRIF
三月 31, 2021 4:08:34 下午 org.geoserver.GeoserverInitStartupListener contextDestroyed
信息: Unregistering JAI factory class com.sun.media.jai.mlib.MlibMaxFilterRIF
三月 31, 2021 4:08:34 下午 org.geoserver.GeoserverInitStartupListener contextDestroyed
信息: Unregistering JAI factory class com.sun.media.jai.opimage.MaxFilterRIF
三月 31, 2021 4:08:34 下午 org.geoserver.GeoserverInitStartupListener contextDestroyed
信息: Unregistering JAI factory class com.sun.media.jai.opimage.JPEGRIF
三月 31, 2021 4:08:34 下午 org.geoserver.GeoserverInitStartupListener contextDestroyed
信息: Unregistering JAI factory class it.geosolutions.jaiext.errordiffusion.ErrorDiffusionRIF
三月 31, 2021 4:08:34 下午 org.geoserver.GeoserverInitStartupListener contextDestroyed
信息: Unregistering JAI factory class it.geosolutions.jaiext.algebra.constant.OperationConstCRIF
三月 31, 2021 4:08:34 下午 org.geoserver.GeoserverInitStartupListener contextDestroyed
信息: Unregistering JAI factory class it.geosolutions.jaiext.piecewise.GenericPiecewiseCRIF
三月 31, 2021 4:08:34 下午 org.geoserver.GeoserverInitStartupListener contextDestroyed
信息: Unregistering JAI factory class com.sun.media.jai.imageioimpl.ImageReadCRIF
三月 31, 2021 4:08:34 下午 org.geoserver.GeoserverInitStartupListener contextDestroyed
信息: Unregistering JAI factory class com.sun.media.jai.mlib.MlibMeanRIF
三月 31, 2021 4:08:34 下午 org.geoserver.GeoserverInitStartupListener contextDestroyed
信息: Unregistering JAI factory class com.sun.media.jai.opimage.MeanRIF
三月 31, 2021 4:08:34 下午 org.geoserver.GeoserverInitStartupListener contextDestroyed
信息: Unregistering JAI factory class com.sun.media.jai.opimage.EncodeRIF
三月 31, 2021 4:08:35 下午 org.geoserver.GeoserverInitStartupListener contextDestroyed
信息: Unregistering JAI factory class com.sun.media.jai.opimage.PhaseCRIF
三月 31, 2021 4:08:35 下午 org.geoserver.GeoserverInitStartupListener contextDestroyed
信息: Unregistering JAI factory class com.sun.media.jai.opimage.ConjugateCRIF
三月 31, 2021 4:08:35 下午 org.geoserver.GeoserverInitStartupListener contextDestroyed
信息: Unregistering JAI factory class it.geosolutions.jaiext.orderdither.OrderedDitherRIF
三月 31, 2021 4:08:35 下午 org.geoserver.GeoserverInitStartupListener contextDestroyed
信息: Unregistering JAI factory class com.sun.media.jai.mlib.MlibOrRIF
三月 31, 2021 4:08:35 下午 org.geoserver.GeoserverInitStartupListener contextDestroyed
信息: Unregistering JAI factory class com.sun.media.jai.opimage.OrCRIF
三月 31, 2021 4:08:35 下午 org.geoserver.GeoserverInitStartupListener contextDestroyed
信息: Unregistering JAI factory class it.geosolutions.jaiext.shadedrelief.ShadedReliefRIF
三月 31, 2021 4:08:35 下午 org.geoserver.GeoserverInitStartupListener contextDestroyed
信息: Unregistering JAI factory class it.geosolutions.jaiext.bandmerge.BandMergeCRIF
三月 31, 2021 4:08:35 下午 org.geoserver.GeoserverInitStartupListener contextDestroyed
信息: Unregistering JAI factory class it.geosolutions.jaiext.crop.CropCRIF
三月 31, 2021 4:08:35 下午 org.geoserver.GeoserverInitStartupListener contextDestroyed
信息: Unregistering JAI factory class com.sun.media.jai.mlib.MlibExtremaRIF
三月 31, 2021 4:08:35 下午 org.geoserver.GeoserverInitStartupListener contextDestroyed
信息: Unregistering JAI factory class com.sun.media.jai.opimage.ExtremaRIF
三月 31, 2021 4:08:35 下午 org.geoserver.GeoserverInitStartupListener contextDestroyed
信息: Unregistering JAI factory class com.sun.media.jai.mlib.MlibSubtractRIF
三月 31, 2021 4:08:35 下午 org.geoserver.GeoserverInitStartupListener contextDestroyed
信息: Unregistering JAI factory class com.sun.media.jai.opimage.SubtractCRIF
三月 31, 2021 4:08:35 下午 org.geoserver.GeoserverInitStartupListener contextDestroyed
信息: Unregistering JAI factory class com.sun.media.jai.opimage.ConstantCRIF
三月 31, 2021 4:08:35 下午 org.geoserver.GeoserverInitStartupListener contextDestroyed
信息: Unregistering JAI factory class com.sun.media.jai.mlib.MlibIDFTRIF
三月 31, 2021 4:08:35 下午 org.geoserver.GeoserverInitStartupListener contextDestroyed
信息: Unregistering JAI factory class com.sun.media.jai.opimage.IDFTCRIF
三月 31, 2021 4:08:35 下午 org.geoserver.GeoserverInitStartupListener contextDestroyed
信息: Unregistering JAI factory class com.sun.media.jai.mlib.MlibInvertRIF
三月 31, 2021 4:08:35 下午 org.geoserver.GeoserverInitStartupListener contextDestroyed
信息: Unregistering JAI factory class com.sun.media.jai.opimage.InvertCRIF
三月 31, 2021 4:08:35 下午 org.geoserver.GeoserverInitStartupListener contextDestroyed
信息: Unregistering JAI factory class com.sun.media.jai.opimage.PiecewiseCRIF
三月 31, 2021 4:08:35 下午 org.geoserver.GeoserverInitStartupListener contextDestroyed
信息: Unregistering JAI factory class com.sun.media.jai.mlib.MlibDivideByConstRIF
三月 31, 2021 4:08:35 下午 org.geoserver.GeoserverInitStartupListener contextDestroyed
信息: Unregistering JAI factory class com.sun.media.jai.opimage.DivideByConstCRIF
三月 31, 2021 4:08:35 下午 org.geoserver.GeoserverInitStartupListener contextDestroyed
信息: Unregistering JAI factory class com.sun.media.jai.mlib.MlibOrConstRIF
三月 31, 2021 4:08:35 下午 org.geoserver.GeoserverInitStartupListener contextDestroyed
信息: Unregistering JAI factory class com.sun.media.jai.opimage.OrConstCRIF
三月 31, 2021 4:08:35 下午 org.geoserver.GeoserverInitStartupListener contextDestroyed
信息: Unregistering JAI factory class it.geosolutions.jaiext.mosaic.MosaicRIF
三月 31, 2021 4:08:35 下午 org.geoserver.GeoserverInitStartupListener contextDestroyed
信息: Unregistering JAI factory class it.geosolutions.jaiext.algebra.AlgebraCRIF
三月 31, 2021 4:08:35 下午 org.geoserver.GeoserverInitStartupListener contextDestroyed
信息: Unregistering JAI factory class com.sun.media.jai.mlib.MlibRotateRIF
三月 31, 2021 4:08:35 下午 org.geoserver.GeoserverInitStartupListener contextDestroyed
信息: Unregistering JAI factory class com.sun.media.jai.opimage.RotateCRIF
三月 31, 2021 4:08:35 下午 org.geoserver.GeoserverInitStartupListener contextDestroyed
信息: Unregistering JAI factory class com.sun.media.jai.mlib.MlibXorConstRIF
三月 31, 2021 4:08:35 下午 org.geoserver.GeoserverInitStartupListener contextDestroyed
信息: Unregistering JAI factory class com.sun.media.jai.opimage.XorConstCRIF
三月 31, 2021 4:08:35 下午 org.geoserver.GeoserverInitStartupListener contextDestroyed
信息: Unregistering JAI factory class com.sun.media.jai.mlib.MlibShearRIF
三月 31, 2021 4:08:35 下午 org.geoserver.GeoserverInitStartupListener contextDestroyed
信息: Unregistering JAI factory class com.sun.media.jai.opimage.ShearRIF
三月 31, 2021 4:08:35 下午 org.geoserver.GeoserverInitStartupListener contextDestroyed
信息: Unregistering JAI factory class com.sun.media.jai.opimage.MagnitudeSquaredCRIF
三月 31, 2021 4:08:35 下午 org.geoserver.GeoserverInitStartupListener contextDestroyed
信息: Unregistering JAI factory class com.sun.media.jai.mlib.MlibAddConstRIF
三月 31, 2021 4:08:35 下午 org.geoserver.GeoserverInitStartupListener contextDestroyed
信息: Unregistering JAI factory class com.sun.media.jai.opimage.AddConstCRIF
三月 31, 2021 4:08:35 下午 org.geoserver.GeoserverInitStartupListener contextDestroyed
信息: Unregistering JAI factory class it.geosolutions.jaiext.rlookup.RangeLookupRIF
三月 31, 2021 4:08:35 下午 org.geoserver.GeoserverInitStartupListener contextDestroyed
信息: Unregistering JAI factory class com.sun.media.jai.mlib.MlibAndRIF
三月 31, 2021 4:08:35 下午 org.geoserver.GeoserverInitStartupListener contextDestroyed
信息: Unregistering JAI factory class com.sun.media.jai.opimage.AndCRIF
三月 31, 2021 4:08:35 下午 org.geoserver.GeoserverInitStartupListener contextDestroyed
信息: Unregistering JAI factory class com.sun.media.jai.opimage.StreamRIF
三月 31, 2021 4:08:35 下午 org.geoserver.GeoserverInitStartupListener contextDestroyed
信息: Unregistering JAI factory class it.geosolutions.jaiext.colorconvert.ColorConvertCRIF
三月 31, 2021 4:08:35 下午 org.geoserver.GeoserverInitStartupListener contextDestroyed
信息: Unregistering JAI factory class com.sun.media.jai.mlib.MlibXorRIF
三月 31, 2021 4:08:35 下午 org.geoserver.GeoserverInitStartupListener contextDestroyed
信息: Unregistering JAI factory class com.sun.media.jai.opimage.XorCRIF
三月 31, 2021 4:08:35 下午 org.geoserver.GeoserverInitStartupListener contextDestroyed
信息: Unregistering JAI factory class it.geosolutions.jaiext.classifier.RasterClassifierCRIF
三月 31, 2021 4:08:35 下午 org.geoserver.GeoserverInitStartupListener contextDestroyed
信息: Unregistering JAI factory class com.sun.media.jai.mlib.MlibAbsoluteRIF
三月 31, 2021 4:08:35 下午 org.geoserver.GeoserverInitStartupListener contextDestroyed
信息: Unregistering JAI factory class com.sun.media.jai.opimage.AbsoluteCRIF
三月 31, 2021 4:08:35 下午 org.geoserver.GeoserverInitStartupListener contextDestroyed
信息: Unregistering JAI factory class com.sun.media.jai.mlib.MlibSubtractFromConstRIF
三月 31, 2021 4:08:35 下午 org.geoserver.GeoserverInitStartupListener contextDestroyed
信息: Unregistering JAI factory class com.sun.media.jai.opimage.SubtractFromConstCRIF
三月 31, 2021 4:08:35 下午 org.geoserver.GeoserverInitStartupListener contextDestroyed
信息: Unregistering JAI factory class com.sun.media.jai.mlib.MlibCompositeRIF
三月 31, 2021 4:08:35 下午 org.geoserver.GeoserverInitStartupListener contextDestroyed
信息: Unregistering JAI factory class com.sun.media.jai.opimage.CompositeCRIF
三月 31, 2021 4:08:35 下午 org.geoserver.GeoserverInitStartupListener contextDestroyed
信息: Unregistering JAI factory class com.sun.media.jai.opimage.BMPRIF
三月 31, 2021 4:08:35 下午 org.geoserver.GeoserverInitStartupListener contextDestroyed
信息: Unregistering JAI factory class com.sun.media.jai.opimage.TIFFRIF
三月 31, 2021 4:08:35 下午 org.geoserver.GeoserverInitStartupListener contextDestroyed
信息: Unregistering JAI factory class com.sun.media.jai.mlib.MlibBoxFilterRIF
三月 31, 2021 4:08:35 下午 org.geoserver.GeoserverInitStartupListener contextDestroyed
信息: Unregistering JAI factory class com.sun.media.jai.opimage.BoxFilterRIF
三月 31, 2021 4:08:35 下午 org.geoserver.GeoserverInitStartupListener contextDestroyed
信息: Unregistering JAI factory class it.geosolutions.jaiext.bandselect.BandSelectCRIF
三月 31, 2021 4:08:35 下午 org.geoserver.GeoserverInitStartupListener contextDestroyed
信息: Unregistering JAI factory class com.sun.media.jai.mlib.MlibDFTRIF
三月 31, 2021 4:08:35 下午 org.geoserver.GeoserverInitStartupListener contextDestroyed
信息: Unregistering JAI factory class com.sun.media.jai.opimage.DFTCRIF
三月 31, 2021 4:08:35 下午 org.geoserver.GeoserverInitStartupListener contextDestroyed
信息: Unregistering JAI factory class it.geosolutions.jaiext.buffer.BufferRIF
三月 31, 2021 4:08:35 下午 org.geoserver.GeoserverInitStartupListener contextDestroyed
信息: Unregistering JAI factory class com.sun.media.jai.mlib.MlibErodeRIF
三月 31, 2021 4:08:35 下午 org.geoserver.GeoserverInitStartupListener contextDestroyed
信息: Unregistering JAI factory class com.sun.media.jai.opimage.ErodeRIF
三月 31, 2021 4:08:35 下午 org.geoserver.GeoserverInitStartupListener contextDestroyed
信息: Unregistering JAI factory class com.sun.media.jai.mlib.MlibMultiplyConstRIF
三月 31, 2021 4:08:35 下午 org.geoserver.GeoserverInitStartupListener contextDestroyed
信息: Unregistering JAI factory class com.sun.media.jai.opimage.MultiplyConstCRIF
三月 31, 2021 4:08:35 下午 org.geoserver.GeoserverInitStartupListener contextDestroyed
信息: Unregistering JAI factory class com.sun.media.jai.mlib.MlibUnsharpMaskRIF
三月 31, 2021 4:08:35 下午 org.geoserver.GeoserverInitStartupListener contextDestroyed
信息: Unregistering JAI factory class com.sun.media.jai.opimage.UnsharpMaskRIF
三月 31, 2021 4:08:35 下午 org.geoserver.GeoserverInitStartupListener contextDestroyed
信息: Unregistering JAI factory class it.geosolutions.jaiext.vectorbin.VectorBinarizeRIF
三月 31, 2021 4:08:35 下午 org.geoserver.GeoserverInitStartupListener contextDestroyed
信息: Unregistering JAI factory class com.sun.media.jai.mlib.MlibMinFilterRIF
三月 31, 2021 4:08:35 下午 org.geoserver.GeoserverInitStartupListener contextDestroyed
信息: Unregistering JAI factory class com.sun.media.jai.opimage.MinFilterRIF
三月 31, 2021 4:08:35 下午 org.geoserver.GeoserverInitStartupListener contextDestroyed
信息: Unregistering JAI factory class com.sun.media.jai.mlib.MlibExpRIF
三月 31, 2021 4:08:35 下午 org.geoserver.GeoserverInitStartupListener contextDestroyed
信息: Unregistering JAI factory class com.sun.media.jai.opimage.ExpCRIF
三月 31, 2021 4:08:35 下午 org.geoserver.GeoserverInitStartupListener contextDestroyed
信息: Unregistering JAI factory class com.sun.media.jai.opimage.ColorQuantizerRIF
三月 31, 2021 4:08:35 下午 org.geoserver.GeoserverInitStartupListener contextDestroyed
信息: Unregistering JAI factory class com.sun.media.jai.opimage.OverlayCRIF
三月 31, 2021 4:08:35 下午 org.geoserver.GeoserverInitStartupListener contextDestroyed
信息: Unregistering JAI factory class com.sun.media.jai.mlib.MlibAndConstRIF
三月 31, 2021 4:08:35 下午 org.geoserver.GeoserverInitStartupListener contextDestroyed
信息: Unregistering JAI factory class com.sun.media.jai.opimage.AndConstCRIF
三月 31, 2021 4:08:35 下午 org.geoserver.GeoserverInitStartupListener contextDestroyed
信息: Unregistering JAI factory class com.sun.media.jai.opimage.FileLoadRIF
三月 31, 2021 4:08:35 下午 org.geoserver.GeoserverInitStartupListener contextDestroyed
信息: Unregistering JAI factory class com.sun.media.jai.mlib.MlibSubsampleAverageRIF
三月 31, 2021 4:08:35 下午 org.geoserver.GeoserverInitStartupListener contextDestroyed
信息: Unregistering JAI factory class com.sun.media.jai.opimage.SubsampleAverageCRIF
三月 31, 2021 4:08:35 下午 org.geoserver.GeoserverInitStartupListener contextDestroyed
信息: Unregistering JAI factory class it.geosolutions.jaiext.scale.Scale2CRIF
三月 31, 2021 4:08:35 下午 org.geoserver.GeoserverInitStartupListener contextDestroyed
信息: Unregistering JAI factory class com.sun.media.jai.mlib.MlibThresholdRIF
三月 31, 2021 4:08:35 下午 org.geoserver.GeoserverInitStartupListener contextDestroyed
信息: Unregistering JAI factory class com.sun.media.jai.opimage.ThresholdCRIF
三月 31, 2021 4:08:35 下午 org.geoserver.GeoserverInitStartupListener contextDestroyed
信息: Unregistering JAI factory class com.sun.media.jai.opimage.MatchCDFCRIF
三月 31, 2021 4:08:35 下午 org.geoserver.GeoserverInitStartupListener contextDestroyed
信息: Unregistering JAI factory class com.sun.media.jai.opimage.MultiplyComplexCRIF
三月 31, 2021 4:08:35 下午 org.geoserver.GeoserverInitStartupListener contextDestroyed
信息: Unregistering JAI factory class it.geosolutions.jaiext.scale.ScaleCRIF
三月 31, 2021 4:08:35 下午 org.geoserver.GeoserverInitStartupListener contextDestroyed
信息: Unregistering JAI factory class com.sun.media.jai.mlib.MlibDivideRIF
三月 31, 2021 4:08:35 下午 org.geoserver.GeoserverInitStartupListener contextDestroyed
信息: Unregistering JAI factory class com.sun.media.jai.opimage.DivideCRIF
三月 31, 2021 4:08:35 下午 org.geoserver.GeoserverInitStartupListener contextDestroyed
信息: Unregistering JAI factory class com.sun.media.jai.mlib.MlibClampRIF
三月 31, 2021 4:08:35 下午 org.geoserver.GeoserverInitStartupListener contextDestroyed
信息: Unregistering JAI factory class com.sun.media.jai.opimage.ClampCRIF
三月 31, 2021 4:08:35 下午 org.geoserver.GeoserverInitStartupListener contextDestroyed
信息: Unregistering JAI factory class org.jaitools.media.jai.contour.ContourRIF
三月 31, 2021 4:08:35 下午 org.geoserver.GeoserverInitStartupListener contextDestroyed
信息: Unregistering JAI factory class it.geosolutions.jaiext.stats.StatisticsRIF
三月 31, 2021 4:08:35 下午 org.geoserver.GeoserverInitStartupListener contextDestroyed
信息: Unregistering JAI factory class it.geosolutions.jaiext.affine.AffineCRIF
三月 31, 2021 4:08:35 下午 org.geoserver.GeoserverInitStartupListener contextDestroyed
信息: Unregistering JAI factory class it.geosolutions.jaiext.lookup.LookupCRIF
三月 31, 2021 4:08:35 下午 org.geoserver.GeoserverInitStartupListener contextDestroyed
信息: Unregistering JAI factory class com.sun.media.jai.opimage.AWTImageRIF
三月 31, 2021 4:08:35 下午 org.geoserver.GeoserverInitStartupListener contextDestroyed
信息: Unregistering JAI factory class com.sun.media.jai.opimage.MagnitudeCRIF
三月 31, 2021 4:08:35 下午 org.geoserver.GeoserverInitStartupListener contextDestroyed
信息: Unregistering JAI factory class com.sun.media.jai.mlib.MlibSubsampleBinaryToGrayRIF
三月 31, 2021 4:08:35 下午 org.geoserver.GeoserverInitStartupListener contextDestroyed
信息: Unregistering JAI factory class com.sun.media.jai.opimage.SubsampleBinaryToGrayCRIF
三月 31, 2021 4:08:35 下午 org.geoserver.GeoserverInitStartupListener contextDestroyed
信息: Unregistering JAI factory class com.sun.media.jai.mlib.MlibNotRIF
三月 31, 2021 4:08:35 下午 org.geoserver.GeoserverInitStartupListener contextDestroyed
信息: Unregistering JAI factory class com.sun.media.jai.opimage.NotCRIF
三月 31, 2021 4:08:35 下午 org.geoserver.GeoserverInitStartupListener contextDestroyed
信息: Unregistering JAI factory class com.sun.media.jai.mlib.MlibIDCTRIF
三月 31, 2021 4:08:35 下午 org.geoserver.GeoserverInitStartupListener contextDestroyed
信息: Unregistering JAI factory class com.sun.media.jai.opimage.IDCTCRIF
三月 31, 2021 4:08:35 下午 org.geoserver.GeoserverInitStartupListener contextDestroyed
信息: Unregistering JAI factory class com.sun.media.jai.mlib.MlibDivideIntoConstRIF
三月 31, 2021 4:08:35 下午 org.geoserver.GeoserverInitStartupListener contextDestroyed
信息: Unregistering JAI factory class com.sun.media.jai.opimage.DivideIntoConstCRIF
三月 31, 2021 4:08:35 下午 org.geoserver.GeoserverInitStartupListener contextDestroyed
信息: Unregistering JAI factory class it.geosolutions.jaiext.imagefunction.ImageFunctionRIF
三月 31, 2021 4:08:35 下午 org.geoserver.GeoserverInitStartupListener contextDestroyed
信息: Unregistering JAI factory class com.sun.media.jai.mlib.MlibMedianFilterRIF
三月 31, 2021 4:08:35 下午 org.geoserver.GeoserverInitStartupListener contextDestroyed
信息: Unregistering JAI factory class com.sun.media.jai.opimage.MedianFilterRIF
三月 31, 2021 4:08:35 下午 org.geoserver.GeoserverInitStartupListener contextDestroyed
信息: Unregistering JAI factory class com.sun.media.jai.mlib.MlibFilteredSubsampleRIF
三月 31, 2021 4:08:35 下午 org.geoserver.GeoserverInitStartupListener contextDestroyed
信息: Unregistering JAI factory class com.sun.media.jai.opimage.FilteredSubsampleRIF
三月 31, 2021 4:08:35 下午 org.geoserver.GeoserverInitStartupListener contextDestroyed
信息: Unregistering JAI factory class com.sun.media.jai.mlib.MlibMinRIF
三月 31, 2021 4:08:35 下午 org.geoserver.GeoserverInitStartupListener contextDestroyed
信息: Unregistering JAI factory class com.sun.media.jai.opimage.MinCRIF
三月 31, 2021 4:08:35 下午 org.geoserver.GeoserverInitStartupListener contextDestroyed
信息: Unregistering JAI factory class it.geosolutions.jaiext.warp.WarpRIF
三月 31, 2021 4:08:35 下午 org.geoserver.GeoserverInitStartupListener contextDestroyed
信息: Unregistering JAI factory class com.sun.media.jai.opimage.PeriodicShiftCRIF
三月 31, 2021 4:08:35 下午 org.geoserver.GeoserverInitStartupListener contextDestroyed
信息: Unregistering JAI factory class com.sun.media.jai.opimage.FPXRIF
三月 31, 2021 4:08:35 下午 org.geoserver.GeoserverInitStartupListener contextDestroyed
信息: Unregistering JAI factory class com.sun.media.jai.mlib.MlibTransposeRIF
三月 31, 2021 4:08:35 下午 org.geoserver.GeoserverInitStartupListener contextDestroyed
信息: Unregistering JAI factory class com.sun.media.jai.opimage.TransposeCRIF
三月 31, 2021 4:08:35 下午 org.geoserver.GeoserverInitStartupListener contextDestroyed
信息: Unregistering JAI factory class com.sun.media.jai.imageioimpl.ImageReadCIF
三月 31, 2021 4:08:35 下午 org.geoserver.GeoserverInitStartupListener contextDestroyed
信息: Unregistering JAI factory class com.sun.media.jai.opimage.AddConstToCollectionCIF
三月 31, 2021 4:08:35 下午 org.geoserver.GeoserverInitStartupListener contextDestroyed
信息: Unregistering JAI factory class com.sun.media.jai.imageioimpl.ImageWriteCIF
三月 31, 2021 4:08:35 下午 org.geoserver.GeoserverInitStartupListener contextDestroyed
信息: Unregistering JAI factory class com.sun.media.jai.tilecodec.RawTileDecoderFactory
三月 31, 2021 4:08:35 下午 org.geoserver.GeoserverInitStartupListener contextDestroyed
信息: Unregistering JAI factory class com.sun.media.jai.tilecodec.JPEGTileDecoderFactory
三月 31, 2021 4:08:35 下午 org.geoserver.GeoserverInitStartupListener contextDestroyed
信息: Unregistering JAI factory class com.sun.media.jai.tilecodec.GZIPTileDecoderFactory
三月 31, 2021 4:08:35 下午 org.geoserver.GeoserverInitStartupListener contextDestroyed
信息: Unregistering JAI factory class com.sun.media.jai.tilecodec.RawTileEncoderFactory
三月 31, 2021 4:08:35 下午 org.geoserver.GeoserverInitStartupListener contextDestroyed
信息: Unregistering JAI factory class com.sun.media.jai.tilecodec.JPEGTileEncoderFactory
三月 31, 2021 4:08:35 下午 org.geoserver.GeoserverInitStartupListener contextDestroyed
信息: Unregistering JAI factory class com.sun.media.jai.tilecodec.GZIPTileEncoderFactory
三月 31, 2021 4:08:35 下午 org.geoserver.GeoserverInitStartupListener contextDestroyed
信息: Cleaned up javabean caches
三月 31, 2021 4:08:35 下午 org.apache.catalina.startup.VersionLoggerListener log
信息: Server.服务器版本:     Apache Tomcat/7.0.103
三月 31, 2021 4:08:35 下午 org.apache.catalina.startup.VersionLoggerListener log
信息: 服务器构建:            Mar 16 2020 08:34:15 UTC
三月 31, 2021 4:08:35 下午 org.apache.catalina.startup.VersionLoggerListener log
信息: 服务器版本号(：7.0.103.0
三月 31, 2021 4:08:35 下午 org.apache.catalina.startup.VersionLoggerListener log
信息: OS Name:               Windows 10
三月 31, 2021 4:08:35 下午 org.apache.catalina.startup.VersionLoggerListener log
信息: OS.版本:               10.0
三月 31, 2021 4:08:35 下午 org.apache.catalina.startup.VersionLoggerListener log
信息: 架构:                  amd64
三月 31, 2021 4:08:35 下午 org.apache.catalina.startup.VersionLoggerListener log
信息: Java 环境变量:         C:\Program Files\Java\jdk1.8.0_281\jre
三月 31, 2021 4:08:35 下午 org.apache.catalina.startup.VersionLoggerListener log
信息: JVM 版本:              1.8.0_281-b09
三月 31, 2021 4:08:35 下午 org.apache.catalina.startup.VersionLoggerListener log
信息: JVM.供应商:            Oracle Corporation
三月 31, 2021 4:08:35 下午 org.apache.catalina.startup.VersionLoggerListener log
信息: CATALINA_BASE:         E:\MyFile\learn\java\apache-tomcat-7.0.103
三月 31, 2021 4:08:35 下午 org.apache.catalina.startup.VersionLoggerListener log
信息: CATALINA_HOME:         E:\MyFile\learn\java\apache-tomcat-7.0.103
三月 31, 2021 4:08:35 下午 org.apache.catalina.startup.VersionLoggerListener log
信息: Command line argument: -Djava.util.logging.config.file=E:\MyFile\learn\java\apache-tomcat-7.0.103\conf\logging.properties
三月 31, 2021 4:08:35 下午 org.apache.catalina.startup.VersionLoggerListener log
信息: Command line argument: -Djava.util.logging.manager=org.apache.juli.ClassLoaderLogManager
三月 31, 2021 4:08:35 下午 org.apache.catalina.startup.VersionLoggerListener log
信息: Command line argument: -Djdk.tls.ephemeralDHKeySize=2048
三月 31, 2021 4:08:35 下午 org.apache.catalina.startup.VersionLoggerListener log
信息: Command line argument: -Dignore.endorsed.dirs=
三月 31, 2021 4:08:35 下午 org.apache.catalina.startup.VersionLoggerListener log
信息: Command line argument: -Dcatalina.base=E:\MyFile\learn\java\apache-tomcat-7.0.103
三月 31, 2021 4:08:35 下午 org.apache.catalina.startup.VersionLoggerListener log
信息: Command line argument: -Dcatalina.home=E:\MyFile\learn\java\apache-tomcat-7.0.103
三月 31, 2021 4:08:35 下午 org.apache.catalina.startup.VersionLoggerListener log
信息: Command line argument: -Djava.io.tmpdir=E:\MyFile\learn\java\apache-tomcat-7.0.103\temp
三月 31, 2021 4:08:35 下午 org.apache.catalina.core.AprLifecycleListener lifecycleEvent
信息: Loaded APR based Apache Tomcat Native library [1.2.23] using APR version [1.7.0].
三月 31, 2021 4:08:35 下午 org.apache.catalina.core.AprLifecycleListener lifecycleEvent
信息: APR capabilities: IPv6 [true], sendfile [true], accept filters [false], random [true].
三月 31, 2021 4:08:35 下午 org.apache.catalina.core.AprLifecycleListener initializeSSL
信息: OpenSSL successfully initialized [OpenSSL 1.1.1c  28 May 2019]
三月 31, 2021 4:08:35 下午 org.apache.catalina.loader.WebappClassLoaderBase clearReferencesThreads
严重: The web application [/geoserver] appears to have started a thread named [FileSystemWatcher-1] but has failed to stop it. This is very likely to create a memory leak.
三月 31, 2021 4:08:35 下午 org.apache.catalina.loader.WebappClassLoaderBase clearReferencesThreads
严重: The web application [/geoserver] appears to have started a thread named [Thread-4] but has failed to stop it. This is very likely to create a memory leak.
三月 31, 2021 4:08:35 下午 org.apache.catalina.loader.WebappClassLoaderBase clearReferencesThreads
严重: The web application [/geoserver] appears to have started a thread named [EMF Reference Cleaner] but has failed to stop it. This is very likely to create a memory leak.
三月 31, 2021 4:08:35 下午 org.apache.catalina.loader.WebappClassLoaderBase clearReferencesThreads
严重: The web application [/geoserver] appears to have started a thread named [GuavaAuthCache-0-1] but has failed to stop it. This is very likely to create a memory leak.
三月 31, 2021 4:08:35 下午 org.apache.catalina.loader.WebappClassLoaderBase checkThreadLocalMapForLeaks
严重: The web application [/geoserver] created a ThreadLocal with key of type [java.lang.InheritableThreadLocal] (value [java.lang.InheritableThreadLocal@6583b94b]) and a value of type [org.geoserver.ows.Request] (value [WMS 1.1.1 GetMap]) but failed to remove it when the web application was stopped. Threads are going to be renewed over time to try and avoid a probable memory leak.
三月 31, 2021 4:08:35 下午 org.apache.catalina.loader.WebappClassLoaderBase checkThreadLocalMapForLeaks
严重: The web application [/geoserver] created a ThreadLocal with key of type [com.sun.jna.Structure$2] (value [com.sun.jna.Structure$2@34d6b795]) and a value of type [com.sun.jna.Structure.StructureSet] (value [[]]) but failed to remove it when the web application was stopped. Threads are going to be renewed over time to try and avoid a probable memory leak.
三月 31, 2021 4:08:35 下午 org.apache.catalina.loader.WebappClassLoaderBase checkThreadLocalMapForLeaks
严重: The web application [/geoserver] created a ThreadLocal with key of type [org.geotools.renderer.lite.RendererUtilities$1] (value [org.geotools.renderer.lite.RendererUtilities$1@18974d90]) and a value of type [org.geotools.referencing.operation.builder.GridToEnvelopeMapper] (value [org.geotools.referencing.operation.builder.GridToEnvelopeMapper@405c8dcf]) but failed to remove it when the web application was stopped. Threads are going to be renewed over time to try and avoid a probable memory leak.
三月 31, 2021 4:08:35 下午 org.apache.catalina.loader.WebappClassLoaderBase checkThreadLocalMapForLeaks
严重: The web application [/geoserver] created a ThreadLocal with key of type [org.geotools.renderer.lite.RendererUtilities$1] (value [org.geotools.renderer.lite.RendererUtilities$1@18974d90]) and a value of type [org.geotools.referencing.operation.builder.GridToEnvelopeMapper] (value [org.geotools.referencing.operation.builder.GridToEnvelopeMapper@503ef2ca]) but failed to remove it when the web application was stopped. Threads are going to be renewed over time to try and avoid a probable memory leak.
三月 31, 2021 4:08:35 下午 org.apache.catalina.loader.WebappClassLoaderBase checkThreadLocalMapForLeaks
严重: The web application [/geoserver] created a ThreadLocal with key of type [org.geotools.renderer.lite.RendererUtilities$1] (value [org.geotools.renderer.lite.RendererUtilities$1@18974d90]) and a value of type [org.geotools.referencing.operation.builder.GridToEnvelopeMapper] (value [org.geotools.referencing.operation.builder.GridToEnvelopeMapper@6d6aa529]) but failed to remove it when the web application was stopped. Threads are going to be renewed over time to try and avoid a probable memory leak.
三月 31, 2021 4:08:35 下午 org.apache.catalina.loader.WebappClassLoaderBase checkThreadLocalMapForLeaks
严重: The web application [/geoserver] created a ThreadLocal with key of type [org.geotools.renderer.lite.RendererUtilities$1] (value [org.geotools.renderer.lite.RendererUtilities$1@18974d90]) and a value of type [org.geotools.referencing.operation.builder.GridToEnvelopeMapper] (value [org.geotools.referencing.operation.builder.GridToEnvelopeMapper@4fb39ed9]) but failed to remove it when the web application was stopped. Threads are going to be renewed over time to try and avoid a probable memory leak.
三月 31, 2021 4:08:35 下午 org.apache.catalina.loader.WebappClassLoaderBase checkThreadLocalMapForLeaks
严重: The web application [/geoserver] created a ThreadLocal with key of type [org.geotools.renderer.lite.RendererUtilities$1] (value [org.geotools.renderer.lite.RendererUtilities$1@18974d90]) and a value of type [org.geotools.referencing.operation.builder.GridToEnvelopeMapper] (value [org.geotools.referencing.operation.builder.GridToEnvelopeMapper@6b255015]) but failed to remove it when the web application was stopped. Threads are going to be renewed over time to try and avoid a probable memory leak.
三月 31, 2021 4:08:35 下午 org.apache.catalina.loader.WebappClassLoaderBase checkThreadLocalMapForLeaks
严重: The web application [/geoserver] created a ThreadLocal with key of type [org.geotools.renderer.lite.RendererUtilities$1] (value [org.geotools.renderer.lite.RendererUtilities$1@18974d90]) and a value of type [org.geotools.referencing.operation.builder.GridToEnvelopeMapper] (value [org.geotools.referencing.operation.builder.GridToEnvelopeMapper@4c2a4719]) but failed to remove it when the web application was stopped. Threads are going to be renewed over time to try and avoid a probable memory leak.
三月 31, 2021 4:08:35 下午 org.apache.catalina.loader.WebappClassLoaderBase checkThreadLocalMapForLeaks
严重: The web application [/geoserver] created a ThreadLocal with key of type [org.geotools.renderer.lite.RendererUtilities$1] (value [org.geotools.renderer.lite.RendererUtilities$1@18974d90]) and a value of type [org.geotools.referencing.operation.builder.GridToEnvelopeMapper] (value [org.geotools.referencing.operation.builder.GridToEnvelopeMapper@7451e058]) but failed to remove it when the web application was stopped. Threads are going to be renewed over time to try and avoid a probable memory leak.
三月 31, 2021 4:08:35 下午 org.apache.catalina.loader.WebappClassLoaderBase checkThreadLocalMapForLeaks
严重: The web application [/geoserver] created a ThreadLocal with key of type [org.geotools.renderer.lite.RendererUtilities$1] (value [org.geotools.renderer.lite.RendererUtilities$1@18974d90]) and a value of type [org.geotools.referencing.operation.builder.GridToEnvelopeMapper] (value [org.geotools.referencing.operation.builder.GridToEnvelopeMapper@27c7fd5d]) but failed to remove it when the web application was stopped. Threads are going to be renewed over time to try and avoid a probable memory leak.
三月 31, 2021 4:08:35 下午 org.apache.catalina.loader.WebappClassLoaderBase checkThreadLocalMapForLeaks
严重: The web application [/geoserver] created a ThreadLocal with key of type [org.geotools.renderer.lite.RendererUtilities$1] (value [org.geotools.renderer.lite.RendererUtilities$1@18974d90]) and a value of type [org.geotools.referencing.operation.builder.GridToEnvelopeMapper] (value [org.geotools.referencing.operation.builder.GridToEnvelopeMapper@66a3b448]) but failed to remove it when the web application was stopped. Threads are going to be renewed over time to try and avoid a probable memory leak.
三月 31, 2021 4:08:35 下午 org.apache.catalina.loader.WebappClassLoaderBase checkThreadLocalMapForLeaks
严重: The web application [/geoserver] created a ThreadLocal with key of type [org.geotools.renderer.lite.RendererUtilities$1] (value [org.geotools.renderer.lite.RendererUtilities$1@18974d90]) and a value of type [org.geotools.referencing.operation.builder.GridToEnvelopeMapper] (value [org.geotools.referencing.operation.builder.GridToEnvelopeMapper@78af250a]) but failed to remove it when the web application was stopped. Threads are going to be renewed over time to try and avoid a probable memory leak.
三月 31, 2021 4:08:35 下午 org.apache.catalina.loader.WebappClassLoaderBase checkThreadLocalMapForLeaks
严重: The web application [/geoserver] created a ThreadLocal with key of type [java.lang.ThreadLocal] (value [java.lang.ThreadLocal@3075967]) and a value of type [org.geotools.referencing.wkt.Formatter] (value []) but failed to remove it when the web application was stopped. Threads are going to be renewed over time to try and avoid a probable memory leak.
三月 31, 2021 4:08:35 下午 org.apache.coyote.AbstractProtocol stop
信息: 正在停止ProtocolHandler ["http-apr-8080"]
三月 31, 2021 4:08:35 下午 org.apache.coyote.AbstractProtocol destroy
信息: 正在摧毁协议处理器 ["http-apr-8080"]
三月 31, 2021 4:08:36 下午 org.apache.coyote.AbstractProtocol init
信息: 初始化协议处理器 ["http-apr-8080"]
三月 31, 2021 4:08:36 下午 org.apache.catalina.startup.Catalina load
信息: Initialization processed in 663 ms
三月 31, 2021 4:08:36 下午 org.apache.catalina.core.StandardService startInternal
信息: Starting service [Catalina]
三月 31, 2021 4:08:36 下午 org.apache.catalina.core.StandardEngine startInternal
信息: Starting Servlet Engine: Apache Tomcat/7.0.103
三月 31, 2021 4:08:36 下午 org.apache.catalina.startup.HostConfig deployWAR
信息: Deploying web application archive [E:\MyFile\learn\java\apache-tomcat-7.0.103\webapps\geoserver.war]
三月 31, 2021 4:08:47 下午 org.apache.catalina.startup.TldConfig execute
信息: At least one JAR was scanned for TLDs yet contained no TLDs. Enable debug logging for this logger for a complete list of JARs that were scanned but no TLDs were found in them. Skipping unneeded JARs during scanning can improve startup time and JSP compilation time.
三月 31, 2021 4:08:49 下午 org.geoserver.platform.GeoServerExtensions checkContext
警告: Extension lookup 'XStreamPersisterInitializer', but ApplicationContext is unset.
三月 31, 2021 4:08:49 下午 org.geoserver.platform.GeoServerExtensions checkContext
警告: Extension lookup 'ExtensionFilter', but ApplicationContext is unset.
三月 31, 2021 4:08:49 下午 org.geoserver.platform.GeoServerExtensions checkContext
警告: Extension lookup 'ExtensionProvider', but ApplicationContext is unset.
三月 31, 2021 4:08:49 下午 org.geoserver.platform.GeoServerExtensions checkContext
警告: Extension lookup 'ExtensionFilter', but ApplicationContext is unset.
三月 31, 2021 4:08:52 下午 org.geoserver.platform.GeoServerExtensions checkContext
警告: Extension lookup 'GeoServerSecurityProvider', but ApplicationContext is unset.
三月 31, 2021 4:08:52 下午 org.geoserver.platform.GeoServerExtensions checkContext
警告: Extension lookup 'ExtensionFilter', but ApplicationContext is unset.
三月 31, 2021 4:08:52 下午 org.geoserver.platform.GeoServerExtensions checkContext
警告: Extension lookup 'ExtensionProvider', but ApplicationContext is unset.
三月 31, 2021 4:08:52 下午 org.geoserver.platform.GeoServerExtensions checkContext
警告: Extension lookup 'ExtensionFilter', but ApplicationContext is unset.
三月 31, 2021 4:09:07 下午 org.apache.catalina.startup.HostConfig deployWAR
信息: Deployment of web application archive [E:\MyFile\learn\java\apache-tomcat-7.0.103\webapps\geoserver.war] has finished in [30,975] ms
三月 31, 2021 4:09:07 下午 org.apache.coyote.AbstractProtocol start
信息: 开始协议处理句柄["http-apr-8080"]
三月 31, 2021 4:09:07 下午 org.apache.catalina.startup.Catalina start
信息: Server startup in 31052 ms
