12月 08, 2020 3:44:04 下午 org.apache.catalina.startup.VersionLoggerListener log
信息: Server.服务器版本:     Apache Tomcat/7.0.103
12月 08, 2020 3:44:04 下午 org.apache.catalina.startup.VersionLoggerListener log
信息: 服务器构建:            Mar 16 2020 08:34:15 UTC
12月 08, 2020 3:44:04 下午 org.apache.catalina.startup.VersionLoggerListener log
信息: 服务器版本号(：7.0.103.0
12月 08, 2020 3:44:04 下午 org.apache.catalina.startup.VersionLoggerListener log
信息: OS Name:               Windows 10
12月 08, 2020 3:44:04 下午 org.apache.catalina.startup.VersionLoggerListener log
信息: OS.版本:               10.0
12月 08, 2020 3:44:04 下午 org.apache.catalina.startup.VersionLoggerListener log
信息: 架构:                  amd64
12月 08, 2020 3:44:04 下午 org.apache.catalina.startup.VersionLoggerListener log
信息: Java 环境变量:         E:\Program Files\java\jdk-14.0.1
12月 08, 2020 3:44:04 下午 org.apache.catalina.startup.VersionLoggerListener log
信息: JVM 版本:              14.0.1+7
12月 08, 2020 3:44:04 下午 org.apache.catalina.startup.VersionLoggerListener log
信息: JVM.供应商:            Oracle Corporation
12月 08, 2020 3:44:04 下午 org.apache.catalina.startup.VersionLoggerListener log
信息: CATALINA_BASE:         E:\MyFile\learn\java\apache-tomcat-7.0.103
12月 08, 2020 3:44:04 下午 org.apache.catalina.startup.VersionLoggerListener log
信息: CATALINA_HOME:         E:\MyFile\learn\java\apache-tomcat-7.0.103
12月 08, 2020 3:44:04 下午 org.apache.catalina.startup.VersionLoggerListener log
信息: Command line argument: --add-opens=java.base/java.lang=ALL-UNNAMED
12月 08, 2020 3:44:04 下午 org.apache.catalina.startup.VersionLoggerListener log
信息: Command line argument: --add-opens=java.base/java.io=ALL-UNNAMED
12月 08, 2020 3:44:04 下午 org.apache.catalina.startup.VersionLoggerListener log
信息: Command line argument: --add-opens=java.rmi/sun.rmi.transport=ALL-UNNAMED
12月 08, 2020 3:44:04 下午 org.apache.catalina.startup.VersionLoggerListener log
信息: Command line argument: -Djava.util.logging.config.file=E:\MyFile\learn\java\apache-tomcat-7.0.103\conf\logging.properties
12月 08, 2020 3:44:04 下午 org.apache.catalina.startup.VersionLoggerListener log
信息: Command line argument: -Djava.util.logging.manager=org.apache.juli.ClassLoaderLogManager
12月 08, 2020 3:44:04 下午 org.apache.catalina.startup.VersionLoggerListener log
信息: Command line argument: -Djdk.tls.ephemeralDHKeySize=2048
12月 08, 2020 3:44:04 下午 org.apache.catalina.startup.VersionLoggerListener log
信息: Command line argument: -Dignore.endorsed.dirs=
12月 08, 2020 3:44:04 下午 org.apache.catalina.startup.VersionLoggerListener log
信息: Command line argument: -Dcatalina.base=E:\MyFile\learn\java\apache-tomcat-7.0.103
12月 08, 2020 3:44:04 下午 org.apache.catalina.startup.VersionLoggerListener log
信息: Command line argument: -Dcatalina.home=E:\MyFile\learn\java\apache-tomcat-7.0.103
12月 08, 2020 3:44:04 下午 org.apache.catalina.startup.VersionLoggerListener log
信息: Command line argument: -Djava.io.tmpdir=E:\MyFile\learn\java\apache-tomcat-7.0.103\temp
12月 08, 2020 3:44:04 下午 org.apache.catalina.core.AprLifecycleListener lifecycleEvent
信息: Loaded APR based Apache Tomcat Native library [1.2.23] using APR version [1.7.0].
12月 08, 2020 3:44:04 下午 org.apache.catalina.core.AprLifecycleListener lifecycleEvent
信息: APR capabilities: IPv6 [true], sendfile [true], accept filters [false], random [true].
12月 08, 2020 3:44:04 下午 org.apache.catalina.core.AprLifecycleListener initializeSSL
信息: OpenSSL successfully initialized [OpenSSL 1.1.1c  28 May 2019]
12月 08, 2020 3:44:04 下午 org.apache.coyote.AbstractProtocol init
信息: 初始化协议处理器 ["http-apr-8080"]
12月 08, 2020 3:44:04 下午 org.apache.catalina.startup.Catalina load
信息: Initialization processed in 2395 ms
12月 08, 2020 3:44:04 下午 org.apache.catalina.core.StandardService startInternal
信息: Starting service [Catalina]
12月 08, 2020 3:44:04 下午 org.apache.catalina.core.StandardEngine startInternal
信息: Starting Servlet Engine: Apache Tomcat/7.0.103
12月 08, 2020 3:44:04 下午 org.apache.catalina.startup.HostConfig deployWAR
信息: Deploying web application archive [E:\MyFile\learn\java\apache-tomcat-7.0.103\webapps\geoserver.war]
12月 08, 2020 3:44:52 下午 org.apache.catalina.startup.TldConfig execute
信息: At least one JAR was scanned for TLDs yet contained no TLDs. Enable debug logging for this logger for a complete list of JARs that were scanned but no TLDs were found in them. Skipping unneeded JARs during scanning can improve startup time and JSP compilation time.
12月 08, 2020 3:44:55 下午 org.geoserver.platform.GeoServerExtensions checkContext
警告: Extension lookup 'XStreamPersisterInitializer', but ApplicationContext is unset.
12月 08, 2020 3:44:55 下午 org.geoserver.platform.GeoServerExtensions checkContext
警告: Extension lookup 'ExtensionFilter', but ApplicationContext is unset.
12月 08, 2020 3:44:55 下午 org.geoserver.platform.GeoServerExtensions checkContext
警告: Extension lookup 'ExtensionProvider', but ApplicationContext is unset.
12月 08, 2020 3:44:55 下午 org.geoserver.platform.GeoServerExtensions checkContext
警告: Extension lookup 'ExtensionFilter', but ApplicationContext is unset.
12月 08, 2020 3:44:59 下午 org.geoserver.platform.GeoServerExtensions checkContext
警告: Extension lookup 'GeoServerSecurityProvider', but ApplicationContext is unset.
12月 08, 2020 3:44:59 下午 org.geoserver.platform.GeoServerExtensions checkContext
警告: Extension lookup 'ExtensionFilter', but ApplicationContext is unset.
12月 08, 2020 3:44:59 下午 org.geoserver.platform.GeoServerExtensions checkContext
警告: Extension lookup 'ExtensionProvider', but ApplicationContext is unset.
12月 08, 2020 3:44:59 下午 org.geoserver.platform.GeoServerExtensions checkContext
警告: Extension lookup 'ExtensionFilter', but ApplicationContext is unset.
12月 08, 2020 3:45:22 下午 org.apache.catalina.startup.HostConfig deployWAR
信息: Deployment of web application archive [E:\MyFile\learn\java\apache-tomcat-7.0.103\webapps\geoserver.war] has finished in [77,662] ms
12月 08, 2020 3:45:22 下午 org.apache.coyote.AbstractProtocol start
信息: 开始协议处理句柄["http-apr-8080"]
12月 08, 2020 3:45:22 下午 org.apache.catalina.startup.Catalina start
信息: Server startup in 77881 ms
12月 08, 2020 4:14:09 下午 org.apache.catalina.core.StandardServer await
信息: A valid shutdown command was received via the shutdown port. Stopping the Server instance.
12月 08, 2020 4:14:09 下午 org.apache.coyote.AbstractProtocol pause
信息: Pausing ProtocolHandler ["http-apr-8080"]
12月 08, 2020 4:14:09 下午 org.apache.catalina.core.StandardService stopInternal
信息: 正在停止服务[Catalina]
12月 08, 2020 4:14:09 下午 org.geoserver.GeoserverInitStartupListener contextDestroyed
信息: Beginning GeoServer cleanup sequence
12月 08, 2020 4:14:09 下午 org.geoserver.GeoserverInitStartupListener contextDestroyed
信息: Unregistered JDBC driver org.sqlite.JDBC@7d19526a
12月 08, 2020 4:14:09 下午 org.geoserver.GeoserverInitStartupListener contextDestroyed
信息: Unregistered JDBC driver org.h2.Driver@4b682e0c
12月 08, 2020 4:14:09 下午 org.geoserver.GeoserverInitStartupListener contextDestroyed
信息: Unregistered JDBC driver org.hsqldb.jdbc.JDBCDriver@3a2457c1
12月 08, 2020 4:14:09 下午 org.geoserver.GeoserverInitStartupListener contextDestroyed
信息: Unregistered JDBC driver org.postgresql.Driver@2697fc4c
12月 08, 2020 4:14:09 下午 org.geoserver.GeoserverInitStartupListener disposeAuthorityFactories
信息: Disposing referencing factory GeoserverWKTOperationFactory["European Petroleum Survey Group"]
  COORDINATE_OPERATION_AUTHORITY_FACTORY = PropertyCoordinateOperationAuthorityFactory["European Petroleum Survey Group"]
    CRS_FACTORY                          = ReferencingObjectFactory                                                      
    CS_FACTORY                           = (same as CRS_FACTORY)                                                         
    DATUM_FACTORY                        = DatumAliases                                                                  
    MATH_TRANSFORM_FACTORY               = DefaultMathTransformFactory                                                   

12月 08, 2020 4:14:09 下午 org.geoserver.GeoserverInitStartupListener disposeAuthorityFactories
信息: Disposing referencing factory LongitudeFirstFactory["European Petroleum Survey Group"]
  FORCE_LONGITUDE_FIRST_AXIS_ORDER           = true                                                          
  FORCE_STANDARD_AXIS_DIRECTIONS             = false                                                         
  FORCE_STANDARD_AXIS_UNITS                  = false                                                         
  CS_AUTHORITY_FACTORY                       = OrderedAxisAuthorityFactory["European Petroleum Survey Group"]
    DATUM_AUTHORITY_FACTORY                  = ThreadedHsqlEpsgFactory["European Petroleum Survey Group"]    
      EPSG_DATA_SOURCE                       = java:comp/env/jdbc/EPSG                                       
      DATUM_AUTHORITY_FACTORY                = ThreadedHsqlEpsgFactory.["European Petroleum Survey Group"]   
        FORCE_LONGITUDE_FIRST_AXIS_ORDER     = false                                                         
        FORCE_STANDARD_AXIS_DIRECTIONS       = false                                                         
        FORCE_STANDARD_AXIS_UNITS            = false                                                         
        VERSION                              = 9.6                                                           
        CRS_FACTORY                          = ReferencingObjectFactory                                      
        CS_FACTORY                           = (same as CRS_FACTORY)                                         
        DATUM_FACTORY                        = DatumAliases                                                  
        MATH_TRANSFORM_FACTORY               = DefaultMathTransformFactory                                   
      CS_AUTHORITY_FACTORY                   = (same as DATUM_AUTHORITY_FACTORY)                             
      CRS_AUTHORITY_FACTORY                  = (same as DATUM_AUTHORITY_FACTORY)                             
      COORDINATE_OPERATION_AUTHORITY_FACTORY = (same as DATUM_AUTHORITY_FACTORY)                             
    CS_AUTHORITY_FACTORY                     = (same as DATUM_AUTHORITY_FACTORY)                             
    CRS_AUTHORITY_FACTORY                    = (same as DATUM_AUTHORITY_FACTORY)                             
    COORDINATE_OPERATION_AUTHORITY_FACTORY   = (same as DATUM_AUTHORITY_FACTORY)                             
    FORCE_STANDARD_AXIS_UNITS                = false                                                         
    FORCE_STANDARD_AXIS_DIRECTIONS           = false                                                         
    FORCE_LONGITUDE_FIRST_AXIS_ORDER         = true                                                          
  CRS_AUTHORITY_FACTORY                      = (same as CS_AUTHORITY_FACTORY)                                

12月 08, 2020 4:14:09 下午 org.geoserver.GeoserverInitStartupListener disposeAuthorityFactories
信息: Disposing referencing factory HTTP_AuthorityFactory["URL in OGC namespace"]
  DATUM_AUTHORITY_FACTORY                = AllAuthoritiesFactory["All"]     
  CS_AUTHORITY_FACTORY                   = (same as DATUM_AUTHORITY_FACTORY)
  CRS_AUTHORITY_FACTORY                  = (same as DATUM_AUTHORITY_FACTORY)
  COORDINATE_OPERATION_AUTHORITY_FACTORY = (same as DATUM_AUTHORITY_FACTORY)

12月 08, 2020 4:14:09 下午 org.geoserver.GeoserverInitStartupListener disposeAuthorityFactories
信息: Disposing referencing factory GeoserverOverridingWKTFactory["European Petroleum Survey Group"]
  CRS_AUTHORITY_EXTRA_DIRECTORY    = null                                                       
  DATUM_AUTHORITY_FACTORY          = PropertyAuthorityFactory["European Petroleum Survey Group"]
    FORCE_STANDARD_AXIS_DIRECTIONS = false                                                      
    FORCE_STANDARD_AXIS_UNITS      = false                                                      
    CRS_FACTORY                    = ReferencingObjectFactory                                   
    CS_FACTORY                     = (same as CRS_FACTORY)                                      
    DATUM_FACTORY                  = DatumAliases                                               
    MATH_TRANSFORM_FACTORY         = DefaultMathTransformFactory                                
  CS_AUTHORITY_FACTORY             = (same as DATUM_AUTHORITY_FACTORY)                          
  CRS_AUTHORITY_FACTORY            = (same as DATUM_AUTHORITY_FACTORY)                          

12月 08, 2020 4:14:09 下午 org.geoserver.GeoserverInitStartupListener disposeAuthorityFactories
信息: Disposing referencing factory LongitudeFirstFactory["European Petroleum Survey Group"]
  FORCE_LONGITUDE_FIRST_AXIS_ORDER           = true                                                          
  FORCE_STANDARD_AXIS_DIRECTIONS             = false                                                         
  FORCE_STANDARD_AXIS_UNITS                  = false                                                         
  CS_AUTHORITY_FACTORY                       = OrderedAxisAuthorityFactory["European Petroleum Survey Group"]
    DATUM_AUTHORITY_FACTORY                  = ThreadedHsqlEpsgFactory["European Petroleum Survey Group"]    
      EPSG_DATA_SOURCE                       = java:comp/env/jdbc/EPSG                                       
      DATUM_AUTHORITY_FACTORY                = ThreadedHsqlEpsgFactory.["European Petroleum Survey Group"]   
        FORCE_LONGITUDE_FIRST_AXIS_ORDER     = false                                                         
        FORCE_STANDARD_AXIS_DIRECTIONS       = false                                                         
        FORCE_STANDARD_AXIS_UNITS            = false                                                         
        VERSION                              = 9.6                                                           
        CRS_FACTORY                          = ReferencingObjectFactory                                      
        CS_FACTORY                           = (same as CRS_FACTORY)                                         
        DATUM_FACTORY                        = DatumAliases                                                  
        MATH_TRANSFORM_FACTORY               = DefaultMathTransformFactory                                   
      CS_AUTHORITY_FACTORY                   = (same as DATUM_AUTHORITY_FACTORY)                             
      CRS_AUTHORITY_FACTORY                  = (same as DATUM_AUTHORITY_FACTORY)                             
      COORDINATE_OPERATION_AUTHORITY_FACTORY = (same as DATUM_AUTHORITY_FACTORY)                             
    CS_AUTHORITY_FACTORY                     = (same as DATUM_AUTHORITY_FACTORY)                             
    CRS_AUTHORITY_FACTORY                    = (same as DATUM_AUTHORITY_FACTORY)                             
    COORDINATE_OPERATION_AUTHORITY_FACTORY   = (same as DATUM_AUTHORITY_FACTORY)                             
    FORCE_STANDARD_AXIS_UNITS                = false                                                         
    FORCE_STANDARD_AXIS_DIRECTIONS           = false                                                         
    FORCE_LONGITUDE_FIRST_AXIS_ORDER         = true                                                          
  CRS_AUTHORITY_FACTORY                      = (same as CS_AUTHORITY_FACTORY)                                

12月 08, 2020 4:14:09 下午 org.geoserver.GeoserverInitStartupListener disposeAuthorityFactories
信息: Disposing referencing factory CartesianAuthorityFactory["European Petroleum Survey Group"]
  CRS_FACTORY            = ReferencingObjectFactory   
  CS_FACTORY             = (same as CRS_FACTORY)      
  DATUM_FACTORY          = DatumAliases               
  MATH_TRANSFORM_FACTORY = DefaultMathTransformFactory

12月 08, 2020 4:14:09 下午 org.geoserver.GeoserverInitStartupListener disposeAuthorityFactories
信息: Disposing referencing factory GeoserverCustomWKTFactory["European Petroleum Survey Group"]
  CRS_AUTHORITY_EXTRA_DIRECTORY    = null                                                       
  DATUM_AUTHORITY_FACTORY          = PropertyAuthorityFactory["European Petroleum Survey Group"]
    FORCE_STANDARD_AXIS_DIRECTIONS = false                                                      
    FORCE_STANDARD_AXIS_UNITS      = false                                                      
    CRS_FACTORY                    = ReferencingObjectFactory                                   
    CS_FACTORY                     = (same as CRS_FACTORY)                                      
    DATUM_FACTORY                  = DatumAliases                                               
    MATH_TRANSFORM_FACTORY         = DefaultMathTransformFactory                                
  CS_AUTHORITY_FACTORY             = (same as DATUM_AUTHORITY_FACTORY)                          
  CRS_AUTHORITY_FACTORY            = (same as DATUM_AUTHORITY_FACTORY)                          

12月 08, 2020 4:14:09 下午 org.geoserver.GeoserverInitStartupListener disposeAuthorityFactories
信息: Disposing referencing factory AutoCRSFactory["Automatic Projections"]
  CRS_FACTORY            = ReferencingObjectFactory   
  CS_FACTORY             = (same as CRS_FACTORY)      
  DATUM_FACTORY          = DatumAliases               
  MATH_TRANSFORM_FACTORY = DefaultMathTransformFactory

12月 08, 2020 4:14:09 下午 org.geoserver.GeoserverInitStartupListener disposeAuthorityFactories
信息: Disposing referencing factory HTTP_AuthorityFactory["URL in OGC namespace"]
  DATUM_AUTHORITY_FACTORY                = AllAuthoritiesFactory["All"]     
  CS_AUTHORITY_FACTORY                   = (same as DATUM_AUTHORITY_FACTORY)
  CRS_AUTHORITY_FACTORY                  = (same as DATUM_AUTHORITY_FACTORY)
  COORDINATE_OPERATION_AUTHORITY_FACTORY = (same as DATUM_AUTHORITY_FACTORY)

12月 08, 2020 4:14:09 下午 org.geoserver.GeoserverInitStartupListener disposeAuthorityFactories
信息: Disposing referencing factory WebCRSFactory["Web Map Service CRS"]
  CRS_FACTORY            = ReferencingObjectFactory   
  CS_FACTORY             = (same as CRS_FACTORY)      
  DATUM_FACTORY          = DatumAliases               
  MATH_TRANSFORM_FACTORY = DefaultMathTransformFactory

12月 08, 2020 4:14:09 下午 org.geoserver.GeoserverInitStartupListener disposeAuthorityFactories
信息: Disposing referencing factory LongitudeFirstFactory["European Petroleum Survey Group"]
  FORCE_LONGITUDE_FIRST_AXIS_ORDER           = true                                                          
  FORCE_STANDARD_AXIS_DIRECTIONS             = false                                                         
  FORCE_STANDARD_AXIS_UNITS                  = false                                                         
  CS_AUTHORITY_FACTORY                       = OrderedAxisAuthorityFactory["European Petroleum Survey Group"]
    DATUM_AUTHORITY_FACTORY                  = ThreadedHsqlEpsgFactory["European Petroleum Survey Group"]    
      EPSG_DATA_SOURCE                       = java:comp/env/jdbc/EPSG                                       
      DATUM_AUTHORITY_FACTORY                = ThreadedHsqlEpsgFactory.["European Petroleum Survey Group"]   
        FORCE_LONGITUDE_FIRST_AXIS_ORDER     = false                                                         
        FORCE_STANDARD_AXIS_DIRECTIONS       = false                                                         
        FORCE_STANDARD_AXIS_UNITS            = false                                                         
        VERSION                              = 9.6                                                           
        CRS_FACTORY                          = ReferencingObjectFactory                                      
        CS_FACTORY                           = (same as CRS_FACTORY)                                         
        DATUM_FACTORY                        = DatumAliases                                                  
        MATH_TRANSFORM_FACTORY               = DefaultMathTransformFactory                                   
      CS_AUTHORITY_FACTORY                   = (same as DATUM_AUTHORITY_FACTORY)                             
      CRS_AUTHORITY_FACTORY                  = (same as DATUM_AUTHORITY_FACTORY)                             
      COORDINATE_OPERATION_AUTHORITY_FACTORY = (same as DATUM_AUTHORITY_FACTORY)                             
    CS_AUTHORITY_FACTORY                     = (same as DATUM_AUTHORITY_FACTORY)                             
    CRS_AUTHORITY_FACTORY                    = (same as DATUM_AUTHORITY_FACTORY)                             
    COORDINATE_OPERATION_AUTHORITY_FACTORY   = (same as DATUM_AUTHORITY_FACTORY)                             
    FORCE_STANDARD_AXIS_UNITS                = false                                                         
    FORCE_STANDARD_AXIS_DIRECTIONS           = false                                                         
    FORCE_LONGITUDE_FIRST_AXIS_ORDER         = true                                                          
  CRS_AUTHORITY_FACTORY                      = (same as CS_AUTHORITY_FACTORY)                                

12月 08, 2020 4:14:10 下午 org.geoserver.GeoserverInitStartupListener disposeAuthorityFactories
信息: Disposing referencing factory HTTP_AuthorityFactory["URL in OGC namespace"]
  DATUM_AUTHORITY_FACTORY                = AllAuthoritiesFactory["All"]     
  CS_AUTHORITY_FACTORY                   = (same as DATUM_AUTHORITY_FACTORY)
  CRS_AUTHORITY_FACTORY                  = (same as DATUM_AUTHORITY_FACTORY)
  COORDINATE_OPERATION_AUTHORITY_FACTORY = (same as DATUM_AUTHORITY_FACTORY)

12月 08, 2020 4:14:10 下午 org.geoserver.GeoserverInitStartupListener contextDestroyed
信息: Shut down GT referencing threads 
12月 08, 2020 4:14:10 下午 org.geoserver.GeoserverInitStartupListener contextDestroyed
信息: Shut down GT  SPI 
12月 08, 2020 4:14:10 下午 org.geoserver.GeoserverInitStartupListener contextDestroyed
信息: Shut down coverage thread pool 
12月 08, 2020 4:14:10 下午 org.geoserver.GeoserverInitStartupListener contextDestroyed
信息: Unregistering Image I/O provider org.geotools.geopkg.ByteArrayImageInputStreamSpi@d4aa94b
12月 08, 2020 4:14:10 下午 org.geoserver.GeoserverInitStartupListener contextDestroyed
信息: Unregistering Image I/O provider com.sun.media.imageioimpl.plugins.gif.GIFImageWriterSpi@3a5cb55d
12月 08, 2020 4:14:10 下午 org.geoserver.GeoserverInitStartupListener contextDestroyed
信息: Unregistering Image I/O provider it.geosolutions.imageio.stream.input.spi.URLImageInputStreamSpi@7d69132b
12月 08, 2020 4:14:10 下午 org.geoserver.GeoserverInitStartupListener contextDestroyed
信息: Unregistering Image I/O provider it.geosolutions.imageio.stream.output.spi.StringImageOutputStreamSpi@32957fb6
12月 08, 2020 4:14:10 下午 org.geoserver.GeoserverInitStartupListener contextDestroyed
信息: Unregistering Image I/O provider it.geosolutions.imageio.stream.output.spi.FileImageOutputStreamExtImplSpi@696fe32
12月 08, 2020 4:14:10 下午 org.geoserver.GeoserverInitStartupListener contextDestroyed
信息: Unregistering Image I/O provider it.geosolutions.imageio.stream.output.spi.URLImageOutputStreamSpi@71467223
12月 08, 2020 4:14:10 下午 org.geoserver.GeoserverInitStartupListener contextDestroyed
信息: Unregistering Image I/O provider com.sun.media.imageioimpl.plugins.wbmp.WBMPImageWriterSpi@72491e8f
12月 08, 2020 4:14:10 下午 org.geoserver.GeoserverInitStartupListener contextDestroyed
信息: Unregistering Image I/O provider it.geosolutions.imageioimpl.plugins.tiff.TIFFImageWriterSpi@5c68e0ce
12月 08, 2020 4:14:10 下午 org.geoserver.GeoserverInitStartupListener contextDestroyed
信息: Unregistering Image I/O provider it.geosolutions.imageioimpl.plugins.tiff.TIFFImageReaderSpi@6a2112c6
12月 08, 2020 4:14:10 下午 org.geoserver.GeoserverInitStartupListener contextDestroyed
信息: Unregistering Image I/O provider it.geosolutions.imageio.plugins.arcgrid.spi.AsciiGridsImageReaderSpi@6cb06978
12月 08, 2020 4:14:10 下午 org.geoserver.GeoserverInitStartupListener contextDestroyed
信息: Unregistering Image I/O provider com.sun.media.imageioimpl.plugins.pnm.PNMImageReaderSpi@2d9cb068
12月 08, 2020 4:14:10 下午 org.geoserver.GeoserverInitStartupListener contextDestroyed
信息: Unregistering Image I/O provider com.sun.media.imageioimpl.plugins.raw.RawImageReaderSpi@3d11a27
12月 08, 2020 4:14:10 下午 org.geoserver.GeoserverInitStartupListener contextDestroyed
信息: Unregistering Image I/O provider com.sun.media.imageioimpl.plugins.raw.RawImageWriterSpi@20171ac1
12月 08, 2020 4:14:10 下午 org.geoserver.GeoserverInitStartupListener contextDestroyed
信息: Unregistering Image I/O provider com.sun.media.imageioimpl.plugins.tiff.TIFFImageReaderSpi@1240f7b7
12月 08, 2020 4:14:10 下午 org.geoserver.GeoserverInitStartupListener contextDestroyed
信息: Unregistering Image I/O provider com.sun.media.imageioimpl.plugins.tiff.TIFFImageWriterSpi@7633c224
12月 08, 2020 4:14:10 下午 org.geoserver.GeoserverInitStartupListener contextDestroyed
信息: Unregistering Image I/O provider com.sun.media.imageioimpl.stream.ChannelImageInputStreamSpi@f4daec
12月 08, 2020 4:14:10 下午 org.geoserver.GeoserverInitStartupListener contextDestroyed
信息: Unregistering Image I/O provider it.geosolutions.imageio.stream.input.spi.StringImageInputStreamSpi@6d74fe0c
12月 08, 2020 4:14:10 下午 org.geoserver.GeoserverInitStartupListener contextDestroyed
信息: Unregistering Image I/O provider it.geosolutions.imageio.plugins.arcgrid.spi.AsciiGridsImageWriterSpi@45e52ebd
12月 08, 2020 4:14:10 下午 org.geoserver.GeoserverInitStartupListener contextDestroyed
信息: Unregistering Image I/O provider com.sun.media.imageioimpl.plugins.bmp.BMPImageReaderSpi@587cc185
12月 08, 2020 4:14:10 下午 org.geoserver.GeoserverInitStartupListener contextDestroyed
信息: Unregistering Image I/O provider com.sun.media.imageioimpl.plugins.bmp.BMPImageWriterSpi@55c07659
12月 08, 2020 4:14:10 下午 org.geoserver.GeoserverInitStartupListener contextDestroyed
信息: Unregistering Image I/O provider com.sun.media.imageioimpl.stream.ChannelImageOutputStreamSpi@4d1ee104
12月 08, 2020 4:14:10 下午 org.geoserver.GeoserverInitStartupListener contextDestroyed
信息: Unregistering Image I/O provider com.sun.media.imageioimpl.plugins.pnm.PNMImageWriterSpi@1a10c26a
12月 08, 2020 4:14:10 下午 org.geoserver.GeoserverInitStartupListener contextDestroyed
信息: Unregistering Image I/O provider com.sun.media.imageioimpl.plugins.wbmp.WBMPImageReaderSpi@77acc597
12月 08, 2020 4:14:10 下午 org.geoserver.GeoserverInitStartupListener contextDestroyed
信息: Unregistering Image I/O provider it.geosolutions.imageio.stream.input.spi.FileImageInputStreamExtImplSpi@332c9231
12月 08, 2020 4:14:10 下午 org.geoserver.GeoserverInitStartupListener contextDestroyed
信息: Unregistering JAI factory class com.sun.media.jai.mlib.MlibMultiplyRIF
12月 08, 2020 4:14:10 下午 org.geoserver.GeoserverInitStartupListener contextDestroyed
信息: Unregistering JAI factory class com.sun.media.jai.opimage.MultiplyCRIF
12月 08, 2020 4:14:10 下午 org.geoserver.GeoserverInitStartupListener contextDestroyed
信息: Unregistering JAI factory class com.sun.media.jai.mlib.MlibLogRIF
12月 08, 2020 4:14:10 下午 org.geoserver.GeoserverInitStartupListener contextDestroyed
信息: Unregistering JAI factory class com.sun.media.jai.opimage.LogCRIF
12月 08, 2020 4:14:10 下午 org.geoserver.GeoserverInitStartupListener contextDestroyed
信息: Unregistering JAI factory class com.sun.media.jai.opimage.PNMRIF
12月 08, 2020 4:14:10 下午 org.geoserver.GeoserverInitStartupListener contextDestroyed
信息: Unregistering JAI factory class com.sun.media.jai.opimage.IIPCRIF
12月 08, 2020 4:14:10 下午 org.geoserver.GeoserverInitStartupListener contextDestroyed
信息: Unregistering JAI factory class com.sun.media.jai.mlib.MlibGradientRIF
12月 08, 2020 4:14:10 下午 org.geoserver.GeoserverInitStartupListener contextDestroyed
信息: Unregistering JAI factory class com.sun.media.jai.opimage.GradientRIF
12月 08, 2020 4:14:10 下午 org.geoserver.GeoserverInitStartupListener contextDestroyed
信息: Unregistering JAI factory class com.sun.media.jai.opimage.PatternRIF
12月 08, 2020 4:14:10 下午 org.geoserver.GeoserverInitStartupListener contextDestroyed
信息: Unregistering JAI factory class com.sun.media.jai.opimage.PNGRIF
12月 08, 2020 4:14:10 下午 org.geoserver.GeoserverInitStartupListener contextDestroyed
信息: Unregistering JAI factory class it.geosolutions.jaiext.nullop.NullCRIF
12月 08, 2020 4:14:10 下午 org.geoserver.GeoserverInitStartupListener contextDestroyed
信息: Unregistering JAI factory class com.sun.media.jai.opimage.FileStoreRIF
12月 08, 2020 4:14:10 下午 org.geoserver.GeoserverInitStartupListener contextDestroyed
信息: Unregistering JAI factory class it.geosolutions.jaiext.zonal.ZonalStatsRIF
12月 08, 2020 4:14:10 下午 org.geoserver.GeoserverInitStartupListener contextDestroyed
信息: Unregistering JAI factory class com.sun.media.jai.imageioimpl.ImageWriteCRIF
12月 08, 2020 4:14:10 下午 org.geoserver.GeoserverInitStartupListener contextDestroyed
信息: Unregistering JAI factory class it.geosolutions.jaiext.jiffleop.JiffleRIF
12月 08, 2020 4:14:10 下午 org.geoserver.GeoserverInitStartupListener contextDestroyed
信息: Unregistering JAI factory class it.geosolutions.jaiext.bandcombine.BandCombineCRIF
12月 08, 2020 4:14:10 下午 org.geoserver.GeoserverInitStartupListener contextDestroyed
信息: Unregistering JAI factory class it.geosolutions.jaiext.translate.TranslateCRIF
12月 08, 2020 4:14:10 下午 org.geoserver.GeoserverInitStartupListener contextDestroyed
信息: Unregistering JAI factory class com.sun.media.jai.mlib.MlibConvolveRIF
12月 08, 2020 4:14:10 下午 org.geoserver.GeoserverInitStartupListener contextDestroyed
信息: Unregistering JAI factory class com.sun.media.jai.opimage.ConvolveRIF
12月 08, 2020 4:14:10 下午 org.geoserver.GeoserverInitStartupListener contextDestroyed
信息: Unregistering JAI factory class com.sun.media.jai.mlib.MlibDCTRIF
12月 08, 2020 4:14:10 下午 org.geoserver.GeoserverInitStartupListener contextDestroyed
信息: Unregistering JAI factory class com.sun.media.jai.opimage.DCTCRIF
12月 08, 2020 4:14:10 下午 org.geoserver.GeoserverInitStartupListener contextDestroyed
信息: Unregistering JAI factory class com.sun.media.jai.opimage.GIFRIF
12月 08, 2020 4:14:10 下午 org.geoserver.GeoserverInitStartupListener contextDestroyed
信息: Unregistering JAI factory class it.geosolutions.jaiext.format.FormatCRIF
12月 08, 2020 4:14:10 下午 org.geoserver.GeoserverInitStartupListener contextDestroyed
信息: Unregistering JAI factory class com.sun.media.jai.opimage.IIPResolutionRIF
12月 08, 2020 4:14:10 下午 org.geoserver.GeoserverInitStartupListener contextDestroyed
信息: Unregistering JAI factory class com.sun.media.jai.mlib.MlibAddRIF
12月 08, 2020 4:14:10 下午 org.geoserver.GeoserverInitStartupListener contextDestroyed
信息: Unregistering JAI factory class com.sun.media.jai.opimage.AddCRIF
12月 08, 2020 4:14:10 下午 org.geoserver.GeoserverInitStartupListener contextDestroyed
信息: Unregistering JAI factory class com.sun.media.jai.mlib.MlibMaxRIF
12月 08, 2020 4:14:10 下午 org.geoserver.GeoserverInitStartupListener contextDestroyed
信息: Unregistering JAI factory class com.sun.media.jai.opimage.MaxCRIF
12月 08, 2020 4:14:10 下午 org.geoserver.GeoserverInitStartupListener contextDestroyed
信息: Unregistering JAI factory class it.geosolutions.jaiext.border.BorderRIF
12月 08, 2020 4:14:10 下午 org.geoserver.GeoserverInitStartupListener contextDestroyed
信息: Unregistering JAI factory class it.geosolutions.jaiext.rescale.RescaleCRIF
12月 08, 2020 4:14:10 下午 org.geoserver.GeoserverInitStartupListener contextDestroyed
信息: Unregistering JAI factory class it.geosolutions.jaiext.binarize.BinarizeCRIF
12月 08, 2020 4:14:10 下午 org.geoserver.GeoserverInitStartupListener contextDestroyed
信息: Unregistering JAI factory class com.sun.media.jai.opimage.DivideComplexCRIF
12月 08, 2020 4:14:10 下午 org.geoserver.GeoserverInitStartupListener contextDestroyed
信息: Unregistering JAI factory class com.sun.media.jai.mlib.MlibDilateRIF
12月 08, 2020 4:14:10 下午 org.geoserver.GeoserverInitStartupListener contextDestroyed
信息: Unregistering JAI factory class com.sun.media.jai.opimage.DilateRIF
12月 08, 2020 4:14:10 下午 org.geoserver.GeoserverInitStartupListener contextDestroyed
信息: Unregistering JAI factory class com.sun.media.jai.mlib.MlibHistogramRIF
12月 08, 2020 4:14:10 下午 org.geoserver.GeoserverInitStartupListener contextDestroyed
信息: Unregistering JAI factory class com.sun.media.jai.opimage.HistogramRIF
12月 08, 2020 4:14:10 下午 org.geoserver.GeoserverInitStartupListener contextDestroyed
信息: Unregistering JAI factory class com.sun.media.jai.opimage.AddCollectionCRIF
12月 08, 2020 4:14:10 下午 org.geoserver.GeoserverInitStartupListener contextDestroyed
信息: Unregistering JAI factory class com.sun.media.jai.opimage.URLRIF
12月 08, 2020 4:14:10 下午 org.geoserver.GeoserverInitStartupListener contextDestroyed
信息: Unregistering JAI factory class org.jaitools.media.jai.vectorize.VectorizeRIF
12月 08, 2020 4:14:10 下午 org.geoserver.GeoserverInitStartupListener contextDestroyed
信息: Unregistering JAI factory class com.sun.media.jai.opimage.PolarToComplexCRIF
12月 08, 2020 4:14:10 下午 org.geoserver.GeoserverInitStartupListener contextDestroyed
信息: Unregistering JAI factory class it.geosolutions.jaiext.colorindexer.ColorIndexerCRIF
12月 08, 2020 4:14:10 下午 org.geoserver.GeoserverInitStartupListener contextDestroyed
信息: Unregistering JAI factory class it.geosolutions.jaiext.classbreaks.ClassBreaksRIF
12月 08, 2020 4:14:10 下午 org.geoserver.GeoserverInitStartupListener contextDestroyed
信息: Unregistering JAI factory class com.sun.media.jai.mlib.MlibSubtractConstRIF
12月 08, 2020 4:14:10 下午 org.geoserver.GeoserverInitStartupListener contextDestroyed
信息: Unregistering JAI factory class com.sun.media.jai.opimage.SubtractConstCRIF
12月 08, 2020 4:14:10 下午 org.geoserver.GeoserverInitStartupListener contextDestroyed
信息: Unregistering JAI factory class com.sun.media.jai.mlib.MlibMaxFilterRIF
12月 08, 2020 4:14:10 下午 org.geoserver.GeoserverInitStartupListener contextDestroyed
信息: Unregistering JAI factory class com.sun.media.jai.opimage.MaxFilterRIF
12月 08, 2020 4:14:10 下午 org.geoserver.GeoserverInitStartupListener contextDestroyed
信息: Unregistering JAI factory class com.sun.media.jai.opimage.JPEGRIF
12月 08, 2020 4:14:10 下午 org.geoserver.GeoserverInitStartupListener contextDestroyed
信息: Unregistering JAI factory class it.geosolutions.jaiext.errordiffusion.ErrorDiffusionRIF
12月 08, 2020 4:14:10 下午 org.geoserver.GeoserverInitStartupListener contextDestroyed
信息: Unregistering JAI factory class it.geosolutions.jaiext.algebra.constant.OperationConstCRIF
12月 08, 2020 4:14:10 下午 org.geoserver.GeoserverInitStartupListener contextDestroyed
信息: Unregistering JAI factory class it.geosolutions.jaiext.piecewise.GenericPiecewiseCRIF
12月 08, 2020 4:14:10 下午 org.geoserver.GeoserverInitStartupListener contextDestroyed
信息: Unregistering JAI factory class com.sun.media.jai.imageioimpl.ImageReadCRIF
12月 08, 2020 4:14:10 下午 org.geoserver.GeoserverInitStartupListener contextDestroyed
信息: Unregistering JAI factory class com.sun.media.jai.mlib.MlibMeanRIF
12月 08, 2020 4:14:10 下午 org.geoserver.GeoserverInitStartupListener contextDestroyed
信息: Unregistering JAI factory class com.sun.media.jai.opimage.MeanRIF
12月 08, 2020 4:14:10 下午 org.geoserver.GeoserverInitStartupListener contextDestroyed
信息: Unregistering JAI factory class com.sun.media.jai.opimage.EncodeRIF
12月 08, 2020 4:14:10 下午 org.geoserver.GeoserverInitStartupListener contextDestroyed
信息: Unregistering JAI factory class com.sun.media.jai.opimage.PhaseCRIF
12月 08, 2020 4:14:10 下午 org.geoserver.GeoserverInitStartupListener contextDestroyed
信息: Unregistering JAI factory class com.sun.media.jai.opimage.ConjugateCRIF
12月 08, 2020 4:14:10 下午 org.geoserver.GeoserverInitStartupListener contextDestroyed
信息: Unregistering JAI factory class it.geosolutions.jaiext.orderdither.OrderedDitherRIF
12月 08, 2020 4:14:10 下午 org.geoserver.GeoserverInitStartupListener contextDestroyed
信息: Unregistering JAI factory class com.sun.media.jai.mlib.MlibOrRIF
12月 08, 2020 4:14:10 下午 org.geoserver.GeoserverInitStartupListener contextDestroyed
信息: Unregistering JAI factory class com.sun.media.jai.opimage.OrCRIF
12月 08, 2020 4:14:10 下午 org.geoserver.GeoserverInitStartupListener contextDestroyed
信息: Unregistering JAI factory class it.geosolutions.jaiext.shadedrelief.ShadedReliefRIF
12月 08, 2020 4:14:10 下午 org.geoserver.GeoserverInitStartupListener contextDestroyed
信息: Unregistering JAI factory class it.geosolutions.jaiext.bandmerge.BandMergeCRIF
12月 08, 2020 4:14:10 下午 org.geoserver.GeoserverInitStartupListener contextDestroyed
信息: Unregistering JAI factory class it.geosolutions.jaiext.crop.CropCRIF
12月 08, 2020 4:14:10 下午 org.geoserver.GeoserverInitStartupListener contextDestroyed
信息: Unregistering JAI factory class com.sun.media.jai.mlib.MlibExtremaRIF
12月 08, 2020 4:14:10 下午 org.geoserver.GeoserverInitStartupListener contextDestroyed
信息: Unregistering JAI factory class com.sun.media.jai.opimage.ExtremaRIF
12月 08, 2020 4:14:10 下午 org.geoserver.GeoserverInitStartupListener contextDestroyed
信息: Unregistering JAI factory class com.sun.media.jai.mlib.MlibSubtractRIF
12月 08, 2020 4:14:10 下午 org.geoserver.GeoserverInitStartupListener contextDestroyed
信息: Unregistering JAI factory class com.sun.media.jai.opimage.SubtractCRIF
12月 08, 2020 4:14:10 下午 org.geoserver.GeoserverInitStartupListener contextDestroyed
信息: Unregistering JAI factory class com.sun.media.jai.opimage.ConstantCRIF
12月 08, 2020 4:14:10 下午 org.geoserver.GeoserverInitStartupListener contextDestroyed
信息: Unregistering JAI factory class com.sun.media.jai.mlib.MlibIDFTRIF
12月 08, 2020 4:14:10 下午 org.geoserver.GeoserverInitStartupListener contextDestroyed
信息: Unregistering JAI factory class com.sun.media.jai.opimage.IDFTCRIF
12月 08, 2020 4:14:10 下午 org.geoserver.GeoserverInitStartupListener contextDestroyed
信息: Unregistering JAI factory class com.sun.media.jai.mlib.MlibInvertRIF
12月 08, 2020 4:14:10 下午 org.geoserver.GeoserverInitStartupListener contextDestroyed
信息: Unregistering JAI factory class com.sun.media.jai.opimage.InvertCRIF
12月 08, 2020 4:14:10 下午 org.geoserver.GeoserverInitStartupListener contextDestroyed
信息: Unregistering JAI factory class com.sun.media.jai.opimage.PiecewiseCRIF
12月 08, 2020 4:14:10 下午 org.geoserver.GeoserverInitStartupListener contextDestroyed
信息: Unregistering JAI factory class com.sun.media.jai.mlib.MlibDivideByConstRIF
12月 08, 2020 4:14:10 下午 org.geoserver.GeoserverInitStartupListener contextDestroyed
信息: Unregistering JAI factory class com.sun.media.jai.opimage.DivideByConstCRIF
12月 08, 2020 4:14:10 下午 org.geoserver.GeoserverInitStartupListener contextDestroyed
信息: Unregistering JAI factory class com.sun.media.jai.mlib.MlibOrConstRIF
12月 08, 2020 4:14:10 下午 org.geoserver.GeoserverInitStartupListener contextDestroyed
信息: Unregistering JAI factory class com.sun.media.jai.opimage.OrConstCRIF
12月 08, 2020 4:14:10 下午 org.geoserver.GeoserverInitStartupListener contextDestroyed
信息: Unregistering JAI factory class it.geosolutions.jaiext.mosaic.MosaicRIF
12月 08, 2020 4:14:10 下午 org.geoserver.GeoserverInitStartupListener contextDestroyed
信息: Unregistering JAI factory class it.geosolutions.jaiext.algebra.AlgebraCRIF
12月 08, 2020 4:14:10 下午 org.geoserver.GeoserverInitStartupListener contextDestroyed
信息: Unregistering JAI factory class com.sun.media.jai.mlib.MlibRotateRIF
12月 08, 2020 4:14:10 下午 org.geoserver.GeoserverInitStartupListener contextDestroyed
信息: Unregistering JAI factory class com.sun.media.jai.opimage.RotateCRIF
12月 08, 2020 4:14:10 下午 org.geoserver.GeoserverInitStartupListener contextDestroyed
信息: Unregistering JAI factory class com.sun.media.jai.mlib.MlibXorConstRIF
12月 08, 2020 4:14:10 下午 org.geoserver.GeoserverInitStartupListener contextDestroyed
信息: Unregistering JAI factory class com.sun.media.jai.opimage.XorConstCRIF
12月 08, 2020 4:14:10 下午 org.geoserver.GeoserverInitStartupListener contextDestroyed
信息: Unregistering JAI factory class com.sun.media.jai.mlib.MlibShearRIF
12月 08, 2020 4:14:10 下午 org.geoserver.GeoserverInitStartupListener contextDestroyed
信息: Unregistering JAI factory class com.sun.media.jai.opimage.ShearRIF
12月 08, 2020 4:14:10 下午 org.geoserver.GeoserverInitStartupListener contextDestroyed
信息: Unregistering JAI factory class com.sun.media.jai.opimage.MagnitudeSquaredCRIF
12月 08, 2020 4:14:10 下午 org.geoserver.GeoserverInitStartupListener contextDestroyed
信息: Unregistering JAI factory class com.sun.media.jai.mlib.MlibAddConstRIF
12月 08, 2020 4:14:10 下午 org.geoserver.GeoserverInitStartupListener contextDestroyed
信息: Unregistering JAI factory class com.sun.media.jai.opimage.AddConstCRIF
12月 08, 2020 4:14:10 下午 org.geoserver.GeoserverInitStartupListener contextDestroyed
信息: Unregistering JAI factory class it.geosolutions.jaiext.rlookup.RangeLookupRIF
12月 08, 2020 4:14:10 下午 org.geoserver.GeoserverInitStartupListener contextDestroyed
信息: Unregistering JAI factory class com.sun.media.jai.mlib.MlibAndRIF
12月 08, 2020 4:14:10 下午 org.geoserver.GeoserverInitStartupListener contextDestroyed
信息: Unregistering JAI factory class com.sun.media.jai.opimage.AndCRIF
12月 08, 2020 4:14:10 下午 org.geoserver.GeoserverInitStartupListener contextDestroyed
信息: Unregistering JAI factory class com.sun.media.jai.opimage.StreamRIF
12月 08, 2020 4:14:10 下午 org.geoserver.GeoserverInitStartupListener contextDestroyed
信息: Unregistering JAI factory class it.geosolutions.jaiext.colorconvert.ColorConvertCRIF
12月 08, 2020 4:14:10 下午 org.geoserver.GeoserverInitStartupListener contextDestroyed
信息: Unregistering JAI factory class com.sun.media.jai.mlib.MlibXorRIF
12月 08, 2020 4:14:10 下午 org.geoserver.GeoserverInitStartupListener contextDestroyed
信息: Unregistering JAI factory class com.sun.media.jai.opimage.XorCRIF
12月 08, 2020 4:14:10 下午 org.geoserver.GeoserverInitStartupListener contextDestroyed
信息: Unregistering JAI factory class it.geosolutions.jaiext.classifier.RasterClassifierCRIF
12月 08, 2020 4:14:10 下午 org.geoserver.GeoserverInitStartupListener contextDestroyed
信息: Unregistering JAI factory class com.sun.media.jai.mlib.MlibAbsoluteRIF
12月 08, 2020 4:14:10 下午 org.geoserver.GeoserverInitStartupListener contextDestroyed
信息: Unregistering JAI factory class com.sun.media.jai.opimage.AbsoluteCRIF
12月 08, 2020 4:14:10 下午 org.geoserver.GeoserverInitStartupListener contextDestroyed
信息: Unregistering JAI factory class com.sun.media.jai.mlib.MlibSubtractFromConstRIF
12月 08, 2020 4:14:10 下午 org.geoserver.GeoserverInitStartupListener contextDestroyed
信息: Unregistering JAI factory class com.sun.media.jai.opimage.SubtractFromConstCRIF
12月 08, 2020 4:14:10 下午 org.geoserver.GeoserverInitStartupListener contextDestroyed
信息: Unregistering JAI factory class com.sun.media.jai.mlib.MlibCompositeRIF
12月 08, 2020 4:14:10 下午 org.geoserver.GeoserverInitStartupListener contextDestroyed
信息: Unregistering JAI factory class com.sun.media.jai.opimage.CompositeCRIF
12月 08, 2020 4:14:10 下午 org.geoserver.GeoserverInitStartupListener contextDestroyed
信息: Unregistering JAI factory class com.sun.media.jai.opimage.BMPRIF
12月 08, 2020 4:14:10 下午 org.geoserver.GeoserverInitStartupListener contextDestroyed
信息: Unregistering JAI factory class com.sun.media.jai.opimage.TIFFRIF
12月 08, 2020 4:14:10 下午 org.geoserver.GeoserverInitStartupListener contextDestroyed
信息: Unregistering JAI factory class com.sun.media.jai.mlib.MlibBoxFilterRIF
12月 08, 2020 4:14:10 下午 org.geoserver.GeoserverInitStartupListener contextDestroyed
信息: Unregistering JAI factory class com.sun.media.jai.opimage.BoxFilterRIF
12月 08, 2020 4:14:10 下午 org.geoserver.GeoserverInitStartupListener contextDestroyed
信息: Unregistering JAI factory class it.geosolutions.jaiext.bandselect.BandSelectCRIF
12月 08, 2020 4:14:10 下午 org.geoserver.GeoserverInitStartupListener contextDestroyed
信息: Unregistering JAI factory class com.sun.media.jai.mlib.MlibDFTRIF
12月 08, 2020 4:14:10 下午 org.geoserver.GeoserverInitStartupListener contextDestroyed
信息: Unregistering JAI factory class com.sun.media.jai.opimage.DFTCRIF
12月 08, 2020 4:14:10 下午 org.geoserver.GeoserverInitStartupListener contextDestroyed
信息: Unregistering JAI factory class it.geosolutions.jaiext.buffer.BufferRIF
12月 08, 2020 4:14:10 下午 org.geoserver.GeoserverInitStartupListener contextDestroyed
信息: Unregistering JAI factory class com.sun.media.jai.mlib.MlibErodeRIF
12月 08, 2020 4:14:10 下午 org.geoserver.GeoserverInitStartupListener contextDestroyed
信息: Unregistering JAI factory class com.sun.media.jai.opimage.ErodeRIF
12月 08, 2020 4:14:10 下午 org.geoserver.GeoserverInitStartupListener contextDestroyed
信息: Unregistering JAI factory class com.sun.media.jai.mlib.MlibMultiplyConstRIF
12月 08, 2020 4:14:10 下午 org.geoserver.GeoserverInitStartupListener contextDestroyed
信息: Unregistering JAI factory class com.sun.media.jai.opimage.MultiplyConstCRIF
12月 08, 2020 4:14:10 下午 org.geoserver.GeoserverInitStartupListener contextDestroyed
信息: Unregistering JAI factory class com.sun.media.jai.mlib.MlibUnsharpMaskRIF
12月 08, 2020 4:14:10 下午 org.geoserver.GeoserverInitStartupListener contextDestroyed
信息: Unregistering JAI factory class com.sun.media.jai.opimage.UnsharpMaskRIF
12月 08, 2020 4:14:10 下午 org.geoserver.GeoserverInitStartupListener contextDestroyed
信息: Unregistering JAI factory class it.geosolutions.jaiext.vectorbin.VectorBinarizeRIF
12月 08, 2020 4:14:10 下午 org.geoserver.GeoserverInitStartupListener contextDestroyed
信息: Unregistering JAI factory class com.sun.media.jai.mlib.MlibMinFilterRIF
12月 08, 2020 4:14:10 下午 org.geoserver.GeoserverInitStartupListener contextDestroyed
信息: Unregistering JAI factory class com.sun.media.jai.opimage.MinFilterRIF
12月 08, 2020 4:14:10 下午 org.geoserver.GeoserverInitStartupListener contextDestroyed
信息: Unregistering JAI factory class com.sun.media.jai.mlib.MlibExpRIF
12月 08, 2020 4:14:10 下午 org.geoserver.GeoserverInitStartupListener contextDestroyed
信息: Unregistering JAI factory class com.sun.media.jai.opimage.ExpCRIF
12月 08, 2020 4:14:10 下午 org.geoserver.GeoserverInitStartupListener contextDestroyed
信息: Unregistering JAI factory class com.sun.media.jai.opimage.ColorQuantizerRIF
12月 08, 2020 4:14:10 下午 org.geoserver.GeoserverInitStartupListener contextDestroyed
信息: Unregistering JAI factory class com.sun.media.jai.opimage.OverlayCRIF
12月 08, 2020 4:14:10 下午 org.geoserver.GeoserverInitStartupListener contextDestroyed
信息: Unregistering JAI factory class com.sun.media.jai.mlib.MlibAndConstRIF
12月 08, 2020 4:14:10 下午 org.geoserver.GeoserverInitStartupListener contextDestroyed
信息: Unregistering JAI factory class com.sun.media.jai.opimage.AndConstCRIF
12月 08, 2020 4:14:10 下午 org.geoserver.GeoserverInitStartupListener contextDestroyed
信息: Unregistering JAI factory class com.sun.media.jai.opimage.FileLoadRIF
12月 08, 2020 4:14:10 下午 org.geoserver.GeoserverInitStartupListener contextDestroyed
信息: Unregistering JAI factory class com.sun.media.jai.mlib.MlibSubsampleAverageRIF
12月 08, 2020 4:14:10 下午 org.geoserver.GeoserverInitStartupListener contextDestroyed
信息: Unregistering JAI factory class com.sun.media.jai.opimage.SubsampleAverageCRIF
12月 08, 2020 4:14:10 下午 org.geoserver.GeoserverInitStartupListener contextDestroyed
信息: Unregistering JAI factory class it.geosolutions.jaiext.scale.Scale2CRIF
12月 08, 2020 4:14:10 下午 org.geoserver.GeoserverInitStartupListener contextDestroyed
信息: Unregistering JAI factory class com.sun.media.jai.mlib.MlibThresholdRIF
12月 08, 2020 4:14:10 下午 org.geoserver.GeoserverInitStartupListener contextDestroyed
信息: Unregistering JAI factory class com.sun.media.jai.opimage.ThresholdCRIF
12月 08, 2020 4:14:10 下午 org.geoserver.GeoserverInitStartupListener contextDestroyed
信息: Unregistering JAI factory class com.sun.media.jai.opimage.MatchCDFCRIF
12月 08, 2020 4:14:10 下午 org.geoserver.GeoserverInitStartupListener contextDestroyed
信息: Unregistering JAI factory class com.sun.media.jai.opimage.MultiplyComplexCRIF
12月 08, 2020 4:14:10 下午 org.geoserver.GeoserverInitStartupListener contextDestroyed
信息: Unregistering JAI factory class it.geosolutions.jaiext.scale.ScaleCRIF
12月 08, 2020 4:14:10 下午 org.geoserver.GeoserverInitStartupListener contextDestroyed
信息: Unregistering JAI factory class com.sun.media.jai.mlib.MlibDivideRIF
12月 08, 2020 4:14:10 下午 org.geoserver.GeoserverInitStartupListener contextDestroyed
信息: Unregistering JAI factory class com.sun.media.jai.opimage.DivideCRIF
12月 08, 2020 4:14:10 下午 org.geoserver.GeoserverInitStartupListener contextDestroyed
信息: Unregistering JAI factory class com.sun.media.jai.mlib.MlibClampRIF
12月 08, 2020 4:14:10 下午 org.geoserver.GeoserverInitStartupListener contextDestroyed
信息: Unregistering JAI factory class com.sun.media.jai.opimage.ClampCRIF
12月 08, 2020 4:14:10 下午 org.geoserver.GeoserverInitStartupListener contextDestroyed
信息: Unregistering JAI factory class org.jaitools.media.jai.contour.ContourRIF
12月 08, 2020 4:14:10 下午 org.geoserver.GeoserverInitStartupListener contextDestroyed
信息: Unregistering JAI factory class it.geosolutions.jaiext.stats.StatisticsRIF
12月 08, 2020 4:14:10 下午 org.geoserver.GeoserverInitStartupListener contextDestroyed
信息: Unregistering JAI factory class it.geosolutions.jaiext.affine.AffineCRIF
12月 08, 2020 4:14:10 下午 org.geoserver.GeoserverInitStartupListener contextDestroyed
信息: Unregistering JAI factory class it.geosolutions.jaiext.lookup.LookupCRIF
12月 08, 2020 4:14:10 下午 org.geoserver.GeoserverInitStartupListener contextDestroyed
信息: Unregistering JAI factory class com.sun.media.jai.opimage.AWTImageRIF
12月 08, 2020 4:14:10 下午 org.geoserver.GeoserverInitStartupListener contextDestroyed
信息: Unregistering JAI factory class com.sun.media.jai.opimage.MagnitudeCRIF
12月 08, 2020 4:14:10 下午 org.geoserver.GeoserverInitStartupListener contextDestroyed
信息: Unregistering JAI factory class com.sun.media.jai.mlib.MlibSubsampleBinaryToGrayRIF
12月 08, 2020 4:14:10 下午 org.geoserver.GeoserverInitStartupListener contextDestroyed
信息: Unregistering JAI factory class com.sun.media.jai.opimage.SubsampleBinaryToGrayCRIF
12月 08, 2020 4:14:10 下午 org.geoserver.GeoserverInitStartupListener contextDestroyed
信息: Unregistering JAI factory class com.sun.media.jai.mlib.MlibNotRIF
12月 08, 2020 4:14:10 下午 org.geoserver.GeoserverInitStartupListener contextDestroyed
信息: Unregistering JAI factory class com.sun.media.jai.opimage.NotCRIF
12月 08, 2020 4:14:10 下午 org.geoserver.GeoserverInitStartupListener contextDestroyed
信息: Unregistering JAI factory class com.sun.media.jai.mlib.MlibIDCTRIF
12月 08, 2020 4:14:10 下午 org.geoserver.GeoserverInitStartupListener contextDestroyed
信息: Unregistering JAI factory class com.sun.media.jai.opimage.IDCTCRIF
12月 08, 2020 4:14:10 下午 org.geoserver.GeoserverInitStartupListener contextDestroyed
信息: Unregistering JAI factory class com.sun.media.jai.mlib.MlibDivideIntoConstRIF
12月 08, 2020 4:14:10 下午 org.geoserver.GeoserverInitStartupListener contextDestroyed
信息: Unregistering JAI factory class com.sun.media.jai.opimage.DivideIntoConstCRIF
12月 08, 2020 4:14:10 下午 org.geoserver.GeoserverInitStartupListener contextDestroyed
信息: Unregistering JAI factory class it.geosolutions.jaiext.imagefunction.ImageFunctionRIF
12月 08, 2020 4:14:10 下午 org.geoserver.GeoserverInitStartupListener contextDestroyed
信息: Unregistering JAI factory class com.sun.media.jai.mlib.MlibMedianFilterRIF
12月 08, 2020 4:14:10 下午 org.geoserver.GeoserverInitStartupListener contextDestroyed
信息: Unregistering JAI factory class com.sun.media.jai.opimage.MedianFilterRIF
12月 08, 2020 4:14:10 下午 org.geoserver.GeoserverInitStartupListener contextDestroyed
信息: Unregistering JAI factory class com.sun.media.jai.mlib.MlibFilteredSubsampleRIF
12月 08, 2020 4:14:10 下午 org.geoserver.GeoserverInitStartupListener contextDestroyed
信息: Unregistering JAI factory class com.sun.media.jai.opimage.FilteredSubsampleRIF
12月 08, 2020 4:14:10 下午 org.geoserver.GeoserverInitStartupListener contextDestroyed
信息: Unregistering JAI factory class com.sun.media.jai.mlib.MlibMinRIF
12月 08, 2020 4:14:10 下午 org.geoserver.GeoserverInitStartupListener contextDestroyed
信息: Unregistering JAI factory class com.sun.media.jai.opimage.MinCRIF
12月 08, 2020 4:14:10 下午 org.geoserver.GeoserverInitStartupListener contextDestroyed
信息: Unregistering JAI factory class it.geosolutions.jaiext.warp.WarpRIF
12月 08, 2020 4:14:10 下午 org.geoserver.GeoserverInitStartupListener contextDestroyed
信息: Unregistering JAI factory class com.sun.media.jai.opimage.PeriodicShiftCRIF
12月 08, 2020 4:14:10 下午 org.geoserver.GeoserverInitStartupListener contextDestroyed
信息: Unregistering JAI factory class com.sun.media.jai.opimage.FPXRIF
12月 08, 2020 4:14:10 下午 org.geoserver.GeoserverInitStartupListener contextDestroyed
信息: Unregistering JAI factory class com.sun.media.jai.mlib.MlibTransposeRIF
12月 08, 2020 4:14:10 下午 org.geoserver.GeoserverInitStartupListener contextDestroyed
信息: Unregistering JAI factory class com.sun.media.jai.opimage.TransposeCRIF
12月 08, 2020 4:14:10 下午 org.geoserver.GeoserverInitStartupListener contextDestroyed
信息: Unregistering JAI factory class com.sun.media.jai.imageioimpl.ImageReadCIF
12月 08, 2020 4:14:10 下午 org.geoserver.GeoserverInitStartupListener contextDestroyed
信息: Unregistering JAI factory class com.sun.media.jai.opimage.AddConstToCollectionCIF
12月 08, 2020 4:14:10 下午 org.geoserver.GeoserverInitStartupListener contextDestroyed
信息: Unregistering JAI factory class com.sun.media.jai.imageioimpl.ImageWriteCIF
12月 08, 2020 4:14:10 下午 org.geoserver.GeoserverInitStartupListener contextDestroyed
信息: Unregistering JAI factory class com.sun.media.jai.tilecodec.RawTileDecoderFactory
12月 08, 2020 4:14:10 下午 org.geoserver.GeoserverInitStartupListener contextDestroyed
信息: Unregistering JAI factory class com.sun.media.jai.tilecodec.JPEGTileDecoderFactory
12月 08, 2020 4:14:10 下午 org.geoserver.GeoserverInitStartupListener contextDestroyed
信息: Unregistering JAI factory class com.sun.media.jai.tilecodec.GZIPTileDecoderFactory
12月 08, 2020 4:14:10 下午 org.geoserver.GeoserverInitStartupListener contextDestroyed
信息: Unregistering JAI factory class com.sun.media.jai.tilecodec.RawTileEncoderFactory
12月 08, 2020 4:14:10 下午 org.geoserver.GeoserverInitStartupListener contextDestroyed
信息: Unregistering JAI factory class com.sun.media.jai.tilecodec.JPEGTileEncoderFactory
12月 08, 2020 4:14:10 下午 org.geoserver.GeoserverInitStartupListener contextDestroyed
信息: Unregistering JAI factory class com.sun.media.jai.tilecodec.GZIPTileEncoderFactory
12月 08, 2020 4:14:10 下午 org.geoserver.GeoserverInitStartupListener contextDestroyed
信息: Cleaned up javabean caches
12月 08, 2020 4:14:10 下午 org.apache.catalina.loader.WebappClassLoaderBase clearReferencesThreads
严重: The web application [/geoserver] appears to have started a thread named [FileSystemWatcher-1] but has failed to stop it. This is very likely to create a memory leak.
12月 08, 2020 4:14:10 下午 org.apache.catalina.loader.WebappClassLoaderBase clearReferencesThreads
严重: The web application [/geoserver] appears to have started a thread named [Thread-3] but has failed to stop it. This is very likely to create a memory leak.
12月 08, 2020 4:14:10 下午 org.apache.catalina.loader.WebappClassLoaderBase clearReferencesThreads
严重: The web application [/geoserver] appears to have started a thread named [EMF Reference Cleaner] but has failed to stop it. This is very likely to create a memory leak.
12月 08, 2020 4:14:10 下午 org.apache.catalina.loader.WebappClassLoaderBase clearReferencesThreads
严重: The web application [/geoserver] appears to have started a thread named [GuavaAuthCache-0-1] but has failed to stop it. This is very likely to create a memory leak.
12月 08, 2020 4:14:10 下午 org.apache.catalina.loader.WebappClassLoaderBase clearReferencesThreads
严重: The web application [/geoserver] appears to have started a thread named [Timer-9] but has failed to stop it. This is very likely to create a memory leak.
12月 08, 2020 4:14:10 下午 org.apache.catalina.loader.WebappClassLoaderBase checkThreadLocalMapForLeaks
严重: The web application [/geoserver] created a ThreadLocal with key of type [com.sun.jna.Structure$2] (value [com.sun.jna.Structure$2@7b2d0871]) and a value of type [com.sun.jna.Structure.StructureSet] (value [[]]) but failed to remove it when the web application was stopped. Threads are going to be renewed over time to try and avoid a probable memory leak.
12月 08, 2020 4:14:10 下午 org.apache.catalina.loader.WebappClassLoaderBase checkThreadLocalMapForLeaks
严重: The web application [/geoserver] created a ThreadLocal with key of type [org.geotools.renderer.lite.RendererUtilities$1] (value [org.geotools.renderer.lite.RendererUtilities$1@a5c579b]) and a value of type [org.geotools.referencing.operation.builder.GridToEnvelopeMapper] (value [org.geotools.referencing.operation.builder.GridToEnvelopeMapper@721bc301]) but failed to remove it when the web application was stopped. Threads are going to be renewed over time to try and avoid a probable memory leak.
12月 08, 2020 4:14:10 下午 org.apache.catalina.loader.WebappClassLoaderBase checkThreadLocalMapForLeaks
严重: The web application [/geoserver] created a ThreadLocal with key of type [java.lang.ThreadLocal] (value [java.lang.ThreadLocal@61e623b3]) and a value of type [org.geotools.data.postgis.TWKBAttributeIO] (value [org.geotools.data.postgis.TWKBAttributeIO@2ebae74d]) but failed to remove it when the web application was stopped. Threads are going to be renewed over time to try and avoid a probable memory leak.
12月 08, 2020 4:14:10 下午 org.apache.catalina.loader.WebappClassLoaderBase checkThreadLocalMapForLeaks
严重: The web application [/geoserver] created a ThreadLocal with key of type [org.geotools.renderer.lite.RendererUtilities$1] (value [org.geotools.renderer.lite.RendererUtilities$1@a5c579b]) and a value of type [org.geotools.referencing.operation.builder.GridToEnvelopeMapper] (value [org.geotools.referencing.operation.builder.GridToEnvelopeMapper@46b28d8e]) but failed to remove it when the web application was stopped. Threads are going to be renewed over time to try and avoid a probable memory leak.
12月 08, 2020 4:14:10 下午 org.apache.catalina.loader.WebappClassLoaderBase checkThreadLocalMapForLeaks
严重: The web application [/geoserver] created a ThreadLocal with key of type [java.lang.ThreadLocal] (value [java.lang.ThreadLocal@61e623b3]) and a value of type [org.geotools.data.postgis.TWKBAttributeIO] (value [org.geotools.data.postgis.TWKBAttributeIO@6a1d5d92]) but failed to remove it when the web application was stopped. Threads are going to be renewed over time to try and avoid a probable memory leak.
12月 08, 2020 4:14:10 下午 org.apache.catalina.loader.WebappClassLoaderBase checkThreadLocalMapForLeaks
严重: The web application [/geoserver] created a ThreadLocal with key of type [org.geotools.renderer.lite.RendererUtilities$1] (value [org.geotools.renderer.lite.RendererUtilities$1@a5c579b]) and a value of type [org.geotools.referencing.operation.builder.GridToEnvelopeMapper] (value [org.geotools.referencing.operation.builder.GridToEnvelopeMapper@3a3610d9]) but failed to remove it when the web application was stopped. Threads are going to be renewed over time to try and avoid a probable memory leak.
12月 08, 2020 4:14:10 下午 org.apache.catalina.loader.WebappClassLoaderBase checkThreadLocalMapForLeaks
严重: The web application [/geoserver] created a ThreadLocal with key of type [org.geotools.renderer.lite.RendererUtilities$1] (value [org.geotools.renderer.lite.RendererUtilities$1@a5c579b]) and a value of type [org.geotools.referencing.operation.builder.GridToEnvelopeMapper] (value [org.geotools.referencing.operation.builder.GridToEnvelopeMapper@434f085d]) but failed to remove it when the web application was stopped. Threads are going to be renewed over time to try and avoid a probable memory leak.
12月 08, 2020 4:14:10 下午 org.apache.catalina.loader.WebappClassLoaderBase checkThreadLocalMapForLeaks
严重: The web application [/geoserver] created a ThreadLocal with key of type [java.lang.ThreadLocal] (value [java.lang.ThreadLocal@61e623b3]) and a value of type [org.geotools.data.postgis.TWKBAttributeIO] (value [org.geotools.data.postgis.TWKBAttributeIO@11c32347]) but failed to remove it when the web application was stopped. Threads are going to be renewed over time to try and avoid a probable memory leak.
12月 08, 2020 4:14:10 下午 org.apache.catalina.loader.WebappClassLoaderBase checkThreadLocalMapForLeaks
严重: The web application [/geoserver] created a ThreadLocal with key of type [org.geotools.renderer.lite.RendererUtilities$1] (value [org.geotools.renderer.lite.RendererUtilities$1@a5c579b]) and a value of type [org.geotools.referencing.operation.builder.GridToEnvelopeMapper] (value [org.geotools.referencing.operation.builder.GridToEnvelopeMapper@11b21d20]) but failed to remove it when the web application was stopped. Threads are going to be renewed over time to try and avoid a probable memory leak.
12月 08, 2020 4:14:10 下午 org.apache.catalina.loader.WebappClassLoaderBase checkThreadLocalMapForLeaks
严重: The web application [/geoserver] created a ThreadLocal with key of type [org.geotools.renderer.lite.RendererUtilities$1] (value [org.geotools.renderer.lite.RendererUtilities$1@a5c579b]) and a value of type [org.geotools.referencing.operation.builder.GridToEnvelopeMapper] (value [org.geotools.referencing.operation.builder.GridToEnvelopeMapper@1b086717]) but failed to remove it when the web application was stopped. Threads are going to be renewed over time to try and avoid a probable memory leak.
12月 08, 2020 4:14:10 下午 org.apache.catalina.loader.WebappClassLoaderBase checkThreadLocalMapForLeaks
严重: The web application [/geoserver] created a ThreadLocal with key of type [org.geotools.renderer.lite.RendererUtilities$1] (value [org.geotools.renderer.lite.RendererUtilities$1@a5c579b]) and a value of type [org.geotools.referencing.operation.builder.GridToEnvelopeMapper] (value [org.geotools.referencing.operation.builder.GridToEnvelopeMapper@203e99cb]) but failed to remove it when the web application was stopped. Threads are going to be renewed over time to try and avoid a probable memory leak.
12月 08, 2020 4:14:10 下午 org.apache.catalina.loader.WebappClassLoaderBase checkThreadLocalMapForLeaks
严重: The web application [/geoserver] created a ThreadLocal with key of type [java.lang.ThreadLocal] (value [java.lang.ThreadLocal@61e623b3]) and a value of type [org.geotools.data.postgis.TWKBAttributeIO] (value [org.geotools.data.postgis.TWKBAttributeIO@28ef4f90]) but failed to remove it when the web application was stopped. Threads are going to be renewed over time to try and avoid a probable memory leak.
12月 08, 2020 4:14:10 下午 org.apache.catalina.loader.WebappClassLoaderBase checkThreadLocalMapForLeaks
严重: The web application [/geoserver] created a ThreadLocal with key of type [org.geotools.renderer.lite.RendererUtilities$1] (value [org.geotools.renderer.lite.RendererUtilities$1@a5c579b]) and a value of type [org.geotools.referencing.operation.builder.GridToEnvelopeMapper] (value [org.geotools.referencing.operation.builder.GridToEnvelopeMapper@29b51cb0]) but failed to remove it when the web application was stopped. Threads are going to be renewed over time to try and avoid a probable memory leak.
12月 08, 2020 4:14:10 下午 org.apache.catalina.loader.WebappClassLoaderBase checkThreadLocalMapForLeaks
严重: The web application [/geoserver] created a ThreadLocal with key of type [java.lang.ThreadLocal] (value [java.lang.ThreadLocal@61e623b3]) and a value of type [org.geotools.data.postgis.TWKBAttributeIO] (value [org.geotools.data.postgis.TWKBAttributeIO@715de64e]) but failed to remove it when the web application was stopped. Threads are going to be renewed over time to try and avoid a probable memory leak.
12月 08, 2020 4:14:10 下午 org.apache.catalina.loader.WebappClassLoaderBase checkThreadLocalMapForLeaks
严重: The web application [/geoserver] created a ThreadLocal with key of type [org.geotools.renderer.lite.RendererUtilities$1] (value [org.geotools.renderer.lite.RendererUtilities$1@a5c579b]) and a value of type [org.geotools.referencing.operation.builder.GridToEnvelopeMapper] (value [org.geotools.referencing.operation.builder.GridToEnvelopeMapper@25f9d96f]) but failed to remove it when the web application was stopped. Threads are going to be renewed over time to try and avoid a probable memory leak.
12月 08, 2020 4:14:10 下午 org.apache.coyote.AbstractProtocol stop
信息: 正在停止ProtocolHandler ["http-apr-8080"]
12月 08, 2020 4:14:10 下午 org.apache.coyote.AbstractProtocol destroy
信息: 正在摧毁协议处理器 ["http-apr-8080"]
12月 08, 2020 4:49:07 下午 org.apache.catalina.startup.VersionLoggerListener log
信息: Server.服务器版本:     Apache Tomcat/7.0.103
12月 08, 2020 4:49:07 下午 org.apache.catalina.startup.VersionLoggerListener log
信息: 服务器构建:            Mar 16 2020 08:34:15 UTC
12月 08, 2020 4:49:07 下午 org.apache.catalina.startup.VersionLoggerListener log
信息: 服务器版本号(：7.0.103.0
12月 08, 2020 4:49:07 下午 org.apache.catalina.startup.VersionLoggerListener log
信息: OS Name:               Windows 10
12月 08, 2020 4:49:07 下午 org.apache.catalina.startup.VersionLoggerListener log
信息: OS.版本:               10.0
12月 08, 2020 4:49:07 下午 org.apache.catalina.startup.VersionLoggerListener log
信息: 架构:                  amd64
12月 08, 2020 4:49:07 下午 org.apache.catalina.startup.VersionLoggerListener log
信息: Java 环境变量:         E:\Program Files\java\jdk-14.0.1
12月 08, 2020 4:49:07 下午 org.apache.catalina.startup.VersionLoggerListener log
信息: JVM 版本:              14.0.1+7
12月 08, 2020 4:49:07 下午 org.apache.catalina.startup.VersionLoggerListener log
信息: JVM.供应商:            Oracle Corporation
12月 08, 2020 4:49:07 下午 org.apache.catalina.startup.VersionLoggerListener log
信息: CATALINA_BASE:         E:\MyFile\learn\java\apache-tomcat-7.0.103
12月 08, 2020 4:49:07 下午 org.apache.catalina.startup.VersionLoggerListener log
信息: CATALINA_HOME:         E:\MyFile\learn\java\apache-tomcat-7.0.103
12月 08, 2020 4:49:07 下午 org.apache.catalina.startup.VersionLoggerListener log
信息: Command line argument: --add-opens=java.base/java.lang=ALL-UNNAMED
12月 08, 2020 4:49:07 下午 org.apache.catalina.startup.VersionLoggerListener log
信息: Command line argument: --add-opens=java.base/java.io=ALL-UNNAMED
12月 08, 2020 4:49:07 下午 org.apache.catalina.startup.VersionLoggerListener log
信息: Command line argument: --add-opens=java.rmi/sun.rmi.transport=ALL-UNNAMED
12月 08, 2020 4:49:07 下午 org.apache.catalina.startup.VersionLoggerListener log
信息: Command line argument: -Djava.util.logging.config.file=E:\MyFile\learn\java\apache-tomcat-7.0.103\conf\logging.properties
12月 08, 2020 4:49:07 下午 org.apache.catalina.startup.VersionLoggerListener log
信息: Command line argument: -Djava.util.logging.manager=org.apache.juli.ClassLoaderLogManager
12月 08, 2020 4:49:07 下午 org.apache.catalina.startup.VersionLoggerListener log
信息: Command line argument: -Djdk.tls.ephemeralDHKeySize=2048
12月 08, 2020 4:49:07 下午 org.apache.catalina.startup.VersionLoggerListener log
信息: Command line argument: -Dignore.endorsed.dirs=
12月 08, 2020 4:49:07 下午 org.apache.catalina.startup.VersionLoggerListener log
信息: Command line argument: -Dcatalina.base=E:\MyFile\learn\java\apache-tomcat-7.0.103
12月 08, 2020 4:49:07 下午 org.apache.catalina.startup.VersionLoggerListener log
信息: Command line argument: -Dcatalina.home=E:\MyFile\learn\java\apache-tomcat-7.0.103
12月 08, 2020 4:49:07 下午 org.apache.catalina.startup.VersionLoggerListener log
信息: Command line argument: -Djava.io.tmpdir=E:\MyFile\learn\java\apache-tomcat-7.0.103\temp
12月 08, 2020 4:49:07 下午 org.apache.catalina.core.AprLifecycleListener lifecycleEvent
信息: Loaded APR based Apache Tomcat Native library [1.2.23] using APR version [1.7.0].
12月 08, 2020 4:49:07 下午 org.apache.catalina.core.AprLifecycleListener lifecycleEvent
信息: APR capabilities: IPv6 [true], sendfile [true], accept filters [false], random [true].
12月 08, 2020 4:49:07 下午 org.apache.catalina.core.AprLifecycleListener initializeSSL
信息: OpenSSL successfully initialized [OpenSSL 1.1.1c  28 May 2019]
12月 08, 2020 4:49:07 下午 org.apache.coyote.AbstractProtocol init
信息: 初始化协议处理器 ["http-apr-8080"]
12月 08, 2020 4:49:07 下午 org.apache.catalina.startup.Catalina load
信息: Initialization processed in 2359 ms
12月 08, 2020 4:49:07 下午 org.apache.catalina.core.StandardService startInternal
信息: Starting service [Catalina]
12月 08, 2020 4:49:07 下午 org.apache.catalina.core.StandardEngine startInternal
信息: Starting Servlet Engine: Apache Tomcat/7.0.103
12月 08, 2020 4:49:08 下午 org.apache.catalina.startup.HostConfig deployWAR
信息: Deploying web application archive [E:\MyFile\learn\java\apache-tomcat-7.0.103\webapps\geoserver.war]
12月 08, 2020 4:49:52 下午 org.apache.catalina.startup.TldConfig execute
信息: At least one JAR was scanned for TLDs yet contained no TLDs. Enable debug logging for this logger for a complete list of JARs that were scanned but no TLDs were found in them. Skipping unneeded JARs during scanning can improve startup time and JSP compilation time.
12月 08, 2020 4:49:55 下午 org.geoserver.platform.GeoServerExtensions checkContext
警告: Extension lookup 'XStreamPersisterInitializer', but ApplicationContext is unset.
12月 08, 2020 4:49:55 下午 org.geoserver.platform.GeoServerExtensions checkContext
警告: Extension lookup 'ExtensionFilter', but ApplicationContext is unset.
12月 08, 2020 4:49:55 下午 org.geoserver.platform.GeoServerExtensions checkContext
警告: Extension lookup 'ExtensionProvider', but ApplicationContext is unset.
12月 08, 2020 4:49:55 下午 org.geoserver.platform.GeoServerExtensions checkContext
警告: Extension lookup 'ExtensionFilter', but ApplicationContext is unset.
12月 08, 2020 4:49:59 下午 org.geoserver.platform.GeoServerExtensions checkContext
警告: Extension lookup 'GeoServerSecurityProvider', but ApplicationContext is unset.
12月 08, 2020 4:49:59 下午 org.geoserver.platform.GeoServerExtensions checkContext
警告: Extension lookup 'ExtensionFilter', but ApplicationContext is unset.
12月 08, 2020 4:49:59 下午 org.geoserver.platform.GeoServerExtensions checkContext
警告: Extension lookup 'ExtensionProvider', but ApplicationContext is unset.
12月 08, 2020 4:49:59 下午 org.geoserver.platform.GeoServerExtensions checkContext
警告: Extension lookup 'ExtensionFilter', but ApplicationContext is unset.
12月 08, 2020 4:50:19 下午 org.apache.catalina.startup.HostConfig deployWAR
信息: Deployment of web application archive [E:\MyFile\learn\java\apache-tomcat-7.0.103\webapps\geoserver.war] has finished in [71,571] ms
12月 08, 2020 4:50:19 下午 org.apache.coyote.AbstractProtocol start
信息: 开始协议处理句柄["http-apr-8080"]
12月 08, 2020 4:50:19 下午 org.apache.catalina.startup.Catalina start
信息: Server startup in 71814 ms
12月 08, 2020 5:02:01 下午 org.apache.coyote.http11.AbstractHttp11Processor process
信息: 解析 HTTP 请求 header 错误
 Note: further occurrences of HTTP request parsing errors will be logged at DEBUG level.
java.lang.IllegalArgumentException: 在方法名称中发现无效的字符串, HTTP 方法名必须是有效的符号.
	at org.apache.coyote.http11.InternalAprInputBuffer.parseRequestLine(InternalAprInputBuffer.java:185)
	at org.apache.coyote.http11.AbstractHttp11Processor.process(AbstractHttp11Processor.java:1108)
	at org.apache.coyote.AbstractProtocol$AbstractConnectionHandler.process(AbstractProtocol.java:654)
	at org.apache.tomcat.util.net.AprEndpoint$SocketProcessor.doRun(AprEndpoint.java:2532)
	at org.apache.tomcat.util.net.AprEndpoint$SocketProcessor.run(AprEndpoint.java:2521)
	at java.base/java.util.concurrent.ThreadPoolExecutor.runWorker(ThreadPoolExecutor.java:1130)
	at java.base/java.util.concurrent.ThreadPoolExecutor$Worker.run(ThreadPoolExecutor.java:630)
	at org.apache.tomcat.util.threads.TaskThread$WrappingRunnable.run(TaskThread.java:61)
	at java.base/java.lang.Thread.run(Thread.java:832)

12月 08, 2020 5:02:01 下午 org.apache.coyote.http11.AbstractHttp11Processor process
信息: 解析 HTTP 请求 header 错误
 Note: further occurrences of HTTP request parsing errors will be logged at DEBUG level.
java.lang.IllegalArgumentException: 在方法名称中发现无效的字符串, HTTP 方法名必须是有效的符号.
	at org.apache.coyote.http11.InternalAprInputBuffer.parseRequestLine(InternalAprInputBuffer.java:185)
	at org.apache.coyote.http11.AbstractHttp11Processor.process(AbstractHttp11Processor.java:1108)
	at org.apache.coyote.AbstractProtocol$AbstractConnectionHandler.process(AbstractProtocol.java:654)
	at org.apache.tomcat.util.net.AprEndpoint$SocketProcessor.doRun(AprEndpoint.java:2532)
	at org.apache.tomcat.util.net.AprEndpoint$SocketProcessor.run(AprEndpoint.java:2521)
	at java.base/java.util.concurrent.ThreadPoolExecutor.runWorker(ThreadPoolExecutor.java:1130)
	at java.base/java.util.concurrent.ThreadPoolExecutor$Worker.run(ThreadPoolExecutor.java:630)
	at org.apache.tomcat.util.threads.TaskThread$WrappingRunnable.run(TaskThread.java:61)
	at java.base/java.lang.Thread.run(Thread.java:832)

