四月 20, 2021 8:24:49 上午 org.apache.catalina.startup.VersionLoggerListener log
信息: Server.服务器版本:     Apache Tomcat/7.0.103
四月 20, 2021 8:24:49 上午 org.apache.catalina.startup.VersionLoggerListener log
信息: 服务器构建:            Mar 16 2020 08:34:15 UTC
四月 20, 2021 8:24:49 上午 org.apache.catalina.startup.VersionLoggerListener log
信息: 服务器版本号(：7.0.103.0
四月 20, 2021 8:24:49 上午 org.apache.catalina.startup.VersionLoggerListener log
信息: OS Name:               Windows 10
四月 20, 2021 8:24:49 上午 org.apache.catalina.startup.VersionLoggerListener log
信息: OS.版本:               10.0
四月 20, 2021 8:24:49 上午 org.apache.catalina.startup.VersionLoggerListener log
信息: 架构:                  amd64
四月 20, 2021 8:24:49 上午 org.apache.catalina.startup.VersionLoggerListener log
信息: Java 环境变量:         C:\Program Files\Java\jdk1.8.0_281\jre
四月 20, 2021 8:24:49 上午 org.apache.catalina.startup.VersionLoggerListener log
信息: JVM 版本:              1.8.0_281-b09
四月 20, 2021 8:24:49 上午 org.apache.catalina.startup.VersionLoggerListener log
信息: JVM.供应商:            Oracle Corporation
四月 20, 2021 8:24:49 上午 org.apache.catalina.startup.VersionLoggerListener log
信息: CATALINA_BASE:         E:\MyFile\learn\java\apache-tomcat-7.0.103
四月 20, 2021 8:24:49 上午 org.apache.catalina.startup.VersionLoggerListener log
信息: CATALINA_HOME:         E:\MyFile\learn\java\apache-tomcat-7.0.103
四月 20, 2021 8:24:49 上午 org.apache.catalina.startup.VersionLoggerListener log
信息: Command line argument: -Djava.util.logging.config.file=E:\MyFile\learn\java\apache-tomcat-7.0.103\conf\logging.properties
四月 20, 2021 8:24:49 上午 org.apache.catalina.startup.VersionLoggerListener log
信息: Command line argument: -Djava.util.logging.manager=org.apache.juli.ClassLoaderLogManager
四月 20, 2021 8:24:49 上午 org.apache.catalina.startup.VersionLoggerListener log
信息: Command line argument: -Djdk.tls.ephemeralDHKeySize=2048
四月 20, 2021 8:24:49 上午 org.apache.catalina.startup.VersionLoggerListener log
信息: Command line argument: -Dignore.endorsed.dirs=
四月 20, 2021 8:24:49 上午 org.apache.catalina.startup.VersionLoggerListener log
信息: Command line argument: -Dcatalina.base=E:\MyFile\learn\java\apache-tomcat-7.0.103
四月 20, 2021 8:24:49 上午 org.apache.catalina.startup.VersionLoggerListener log
信息: Command line argument: -Dcatalina.home=E:\MyFile\learn\java\apache-tomcat-7.0.103
四月 20, 2021 8:24:49 上午 org.apache.catalina.startup.VersionLoggerListener log
信息: Command line argument: -Djava.io.tmpdir=E:\MyFile\learn\java\apache-tomcat-7.0.103\temp
四月 20, 2021 8:24:49 上午 org.apache.catalina.core.AprLifecycleListener lifecycleEvent
信息: Loaded APR based Apache Tomcat Native library [1.2.23] using APR version [1.7.0].
四月 20, 2021 8:24:49 上午 org.apache.catalina.core.AprLifecycleListener lifecycleEvent
信息: APR capabilities: IPv6 [true], sendfile [true], accept filters [false], random [true].
四月 20, 2021 8:24:49 上午 org.apache.catalina.core.AprLifecycleListener initializeSSL
信息: OpenSSL successfully initialized [OpenSSL 1.1.1c  28 May 2019]
四月 20, 2021 8:24:49 上午 org.apache.coyote.AbstractProtocol init
信息: 初始化协议处理器 ["http-apr-8080"]
四月 20, 2021 8:24:49 上午 org.apache.catalina.startup.Catalina load
信息: Initialization processed in 2027 ms
四月 20, 2021 8:24:49 上午 org.apache.catalina.core.StandardService startInternal
信息: Starting service [Catalina]
四月 20, 2021 8:24:49 上午 org.apache.catalina.core.StandardEngine startInternal
信息: Starting Servlet Engine: Apache Tomcat/7.0.103
四月 20, 2021 8:24:49 上午 org.apache.catalina.startup.HostConfig deployWAR
信息: Deploying web application archive [E:\MyFile\learn\java\apache-tomcat-7.0.103\webapps\geoserver.war]
四月 20, 2021 8:25:13 上午 org.apache.catalina.startup.TldConfig execute
信息: At least one JAR was scanned for TLDs yet contained no TLDs. Enable debug logging for this logger for a complete list of JARs that were scanned but no TLDs were found in them. Skipping unneeded JARs during scanning can improve startup time and JSP compilation time.
四月 20, 2021 8:25:14 上午 org.geoserver.platform.GeoServerExtensions checkContext
警告: Extension lookup 'XStreamPersisterInitializer', but ApplicationContext is unset.
四月 20, 2021 8:25:14 上午 org.geoserver.platform.GeoServerExtensions checkContext
警告: Extension lookup 'ExtensionFilter', but ApplicationContext is unset.
四月 20, 2021 8:25:14 上午 org.geoserver.platform.GeoServerExtensions checkContext
警告: Extension lookup 'ExtensionProvider', but ApplicationContext is unset.
四月 20, 2021 8:25:14 上午 org.geoserver.platform.GeoServerExtensions checkContext
警告: Extension lookup 'ExtensionFilter', but ApplicationContext is unset.
四月 20, 2021 8:25:16 上午 org.geoserver.platform.GeoServerExtensions checkContext
警告: Extension lookup 'GeoServerSecurityProvider', but ApplicationContext is unset.
四月 20, 2021 8:25:16 上午 org.geoserver.platform.GeoServerExtensions checkContext
警告: Extension lookup 'ExtensionFilter', but ApplicationContext is unset.
四月 20, 2021 8:25:16 上午 org.geoserver.platform.GeoServerExtensions checkContext
警告: Extension lookup 'ExtensionProvider', but ApplicationContext is unset.
四月 20, 2021 8:25:16 上午 org.geoserver.platform.GeoServerExtensions checkContext
警告: Extension lookup 'ExtensionFilter', but ApplicationContext is unset.
四月 20, 2021 8:25:30 上午 org.apache.catalina.startup.HostConfig deployWAR
信息: Deployment of web application archive [E:\MyFile\learn\java\apache-tomcat-7.0.103\webapps\geoserver.war] has finished in [40,866] ms
四月 20, 2021 8:25:30 上午 org.apache.coyote.AbstractProtocol start
信息: 开始协议处理句柄["http-apr-8080"]
四月 20, 2021 8:25:30 上午 org.apache.catalina.startup.Catalina start
信息: Server startup in 41143 ms
四月 20, 2021 4:56:42 下午 org.apache.catalina.startup.VersionLoggerListener log
信息: Server.服务器版本:     Apache Tomcat/7.0.103
四月 20, 2021 4:56:42 下午 org.apache.catalina.startup.VersionLoggerListener log
信息: 服务器构建:            Mar 16 2020 08:34:15 UTC
四月 20, 2021 4:56:42 下午 org.apache.catalina.startup.VersionLoggerListener log
信息: 服务器版本号(：7.0.103.0
四月 20, 2021 4:56:42 下午 org.apache.catalina.startup.VersionLoggerListener log
信息: OS Name:               Windows 10
四月 20, 2021 4:56:42 下午 org.apache.catalina.startup.VersionLoggerListener log
信息: OS.版本:               10.0
四月 20, 2021 4:56:42 下午 org.apache.catalina.startup.VersionLoggerListener log
信息: 架构:                  amd64
四月 20, 2021 4:56:42 下午 org.apache.catalina.startup.VersionLoggerListener log
信息: Java 环境变量:         C:\Program Files\Java\jdk1.8.0_281\jre
四月 20, 2021 4:56:42 下午 org.apache.catalina.startup.VersionLoggerListener log
信息: JVM 版本:              1.8.0_281-b09
四月 20, 2021 4:56:42 下午 org.apache.catalina.startup.VersionLoggerListener log
信息: JVM.供应商:            Oracle Corporation
四月 20, 2021 4:56:42 下午 org.apache.catalina.startup.VersionLoggerListener log
信息: CATALINA_BASE:         E:\MyFile\learn\java\apache-tomcat-7.0.103
四月 20, 2021 4:56:42 下午 org.apache.catalina.startup.VersionLoggerListener log
信息: CATALINA_HOME:         E:\MyFile\learn\java\apache-tomcat-7.0.103
四月 20, 2021 4:56:42 下午 org.apache.catalina.startup.VersionLoggerListener log
信息: Command line argument: -Djava.util.logging.config.file=E:\MyFile\learn\java\apache-tomcat-7.0.103\conf\logging.properties
四月 20, 2021 4:56:42 下午 org.apache.catalina.startup.VersionLoggerListener log
信息: Command line argument: -Djava.util.logging.manager=org.apache.juli.ClassLoaderLogManager
四月 20, 2021 4:56:42 下午 org.apache.catalina.startup.VersionLoggerListener log
信息: Command line argument: -Djdk.tls.ephemeralDHKeySize=2048
四月 20, 2021 4:56:42 下午 org.apache.catalina.startup.VersionLoggerListener log
信息: Command line argument: -Dignore.endorsed.dirs=
四月 20, 2021 4:56:42 下午 org.apache.catalina.startup.VersionLoggerListener log
信息: Command line argument: -Dcatalina.base=E:\MyFile\learn\java\apache-tomcat-7.0.103
四月 20, 2021 4:56:42 下午 org.apache.catalina.startup.VersionLoggerListener log
信息: Command line argument: -Dcatalina.home=E:\MyFile\learn\java\apache-tomcat-7.0.103
四月 20, 2021 4:56:42 下午 org.apache.catalina.startup.VersionLoggerListener log
信息: Command line argument: -Djava.io.tmpdir=E:\MyFile\learn\java\apache-tomcat-7.0.103\temp
四月 20, 2021 4:56:42 下午 org.apache.catalina.core.AprLifecycleListener lifecycleEvent
信息: Loaded APR based Apache Tomcat Native library [1.2.23] using APR version [1.7.0].
四月 20, 2021 4:56:42 下午 org.apache.catalina.core.AprLifecycleListener lifecycleEvent
信息: APR capabilities: IPv6 [true], sendfile [true], accept filters [false], random [true].
四月 20, 2021 4:56:42 下午 org.apache.catalina.core.AprLifecycleListener initializeSSL
信息: OpenSSL successfully initialized [OpenSSL 1.1.1c  28 May 2019]
四月 20, 2021 4:56:43 下午 org.apache.coyote.AbstractProtocol init
信息: 初始化协议处理器 ["http-apr-8080"]
四月 20, 2021 4:56:43 下午 org.apache.catalina.startup.Catalina load
信息: Initialization processed in 1352 ms
四月 20, 2021 4:56:43 下午 org.apache.catalina.core.StandardService startInternal
信息: Starting service [Catalina]
四月 20, 2021 4:56:43 下午 org.apache.catalina.core.StandardEngine startInternal
信息: Starting Servlet Engine: Apache Tomcat/7.0.103
四月 20, 2021 4:56:43 下午 org.apache.catalina.startup.HostConfig deployWAR
信息: Deploying web application archive [E:\MyFile\learn\java\apache-tomcat-7.0.103\webapps\geoserver.war]
四月 20, 2021 4:56:58 下午 org.apache.catalina.startup.TldConfig execute
信息: At least one JAR was scanned for TLDs yet contained no TLDs. Enable debug logging for this logger for a complete list of JARs that were scanned but no TLDs were found in them. Skipping unneeded JARs during scanning can improve startup time and JSP compilation time.
四月 20, 2021 4:57:00 下午 org.geoserver.platform.GeoServerExtensions checkContext
警告: Extension lookup 'XStreamPersisterInitializer', but ApplicationContext is unset.
四月 20, 2021 4:57:00 下午 org.geoserver.platform.GeoServerExtensions checkContext
警告: Extension lookup 'ExtensionFilter', but ApplicationContext is unset.
四月 20, 2021 4:57:00 下午 org.geoserver.platform.GeoServerExtensions checkContext
警告: Extension lookup 'ExtensionProvider', but ApplicationContext is unset.
四月 20, 2021 4:57:00 下午 org.geoserver.platform.GeoServerExtensions checkContext
警告: Extension lookup 'ExtensionFilter', but ApplicationContext is unset.
四月 20, 2021 4:57:02 下午 org.geoserver.platform.GeoServerExtensions checkContext
警告: Extension lookup 'GeoServerSecurityProvider', but ApplicationContext is unset.
四月 20, 2021 4:57:02 下午 org.geoserver.platform.GeoServerExtensions checkContext
警告: Extension lookup 'ExtensionFilter', but ApplicationContext is unset.
四月 20, 2021 4:57:02 下午 org.geoserver.platform.GeoServerExtensions checkContext
警告: Extension lookup 'ExtensionProvider', but ApplicationContext is unset.
四月 20, 2021 4:57:02 下午 org.geoserver.platform.GeoServerExtensions checkContext
警告: Extension lookup 'ExtensionFilter', but ApplicationContext is unset.
四月 20, 2021 4:57:14 下午 org.apache.catalina.startup.HostConfig deployWAR
信息: Deployment of web application archive [E:\MyFile\learn\java\apache-tomcat-7.0.103\webapps\geoserver.war] has finished in [30,685] ms
四月 20, 2021 4:57:14 下午 org.apache.coyote.AbstractProtocol start
信息: 开始协议处理句柄["http-apr-8080"]
四月 20, 2021 4:57:14 下午 org.apache.catalina.startup.Catalina start
信息: Server startup in 30888 ms
