十二月 30, 2021 8:48:26 下午 org.apache.catalina.startup.VersionLoggerListener log
信息: Server.服务器版本:     Apache Tomcat/7.0.103
十二月 30, 2021 8:48:26 下午 org.apache.catalina.startup.VersionLoggerListener log
信息: 服务器构建:            Mar 16 2020 08:34:15 UTC
十二月 30, 2021 8:48:26 下午 org.apache.catalina.startup.VersionLoggerListener log
信息: 服务器版本号(：7.0.103.0
十二月 30, 2021 8:48:26 下午 org.apache.catalina.startup.VersionLoggerListener log
信息: OS Name:               Windows 10
十二月 30, 2021 8:48:26 下午 org.apache.catalina.startup.VersionLoggerListener log
信息: OS.版本:               10.0
十二月 30, 2021 8:48:26 下午 org.apache.catalina.startup.VersionLoggerListener log
信息: 架构:                  amd64
十二月 30, 2021 8:48:26 下午 org.apache.catalina.startup.VersionLoggerListener log
信息: Java 环境变量:         C:\Program Files\Java\jdk1.8.0_281\jre
十二月 30, 2021 8:48:26 下午 org.apache.catalina.startup.VersionLoggerListener log
信息: JVM 版本:              1.8.0_281-b09
十二月 30, 2021 8:48:26 下午 org.apache.catalina.startup.VersionLoggerListener log
信息: JVM.供应商:            Oracle Corporation
十二月 30, 2021 8:48:26 下午 org.apache.catalina.startup.VersionLoggerListener log
信息: CATALINA_BASE:         E:\MyFile\learn\java\apache-tomcat-7.0.103
十二月 30, 2021 8:48:26 下午 org.apache.catalina.startup.VersionLoggerListener log
信息: CATALINA_HOME:         E:\MyFile\learn\java\apache-tomcat-7.0.103
十二月 30, 2021 8:48:26 下午 org.apache.catalina.startup.VersionLoggerListener log
信息: Command line argument: -Djava.util.logging.config.file=E:\MyFile\learn\java\apache-tomcat-7.0.103\conf\logging.properties
十二月 30, 2021 8:48:26 下午 org.apache.catalina.startup.VersionLoggerListener log
信息: Command line argument: -Djava.util.logging.manager=org.apache.juli.ClassLoaderLogManager
十二月 30, 2021 8:48:26 下午 org.apache.catalina.startup.VersionLoggerListener log
信息: Command line argument: -Djdk.tls.ephemeralDHKeySize=2048
十二月 30, 2021 8:48:26 下午 org.apache.catalina.startup.VersionLoggerListener log
信息: Command line argument: -Dignore.endorsed.dirs=
十二月 30, 2021 8:48:26 下午 org.apache.catalina.startup.VersionLoggerListener log
信息: Command line argument: -Dcatalina.base=E:\MyFile\learn\java\apache-tomcat-7.0.103
十二月 30, 2021 8:48:26 下午 org.apache.catalina.startup.VersionLoggerListener log
信息: Command line argument: -Dcatalina.home=E:\MyFile\learn\java\apache-tomcat-7.0.103
十二月 30, 2021 8:48:26 下午 org.apache.catalina.startup.VersionLoggerListener log
信息: Command line argument: -Djava.io.tmpdir=E:\MyFile\learn\java\apache-tomcat-7.0.103\temp
十二月 30, 2021 8:48:26 下午 org.apache.catalina.core.AprLifecycleListener lifecycleEvent
信息: Loaded APR based Apache Tomcat Native library [1.2.23] using APR version [1.7.0].
十二月 30, 2021 8:48:26 下午 org.apache.catalina.core.AprLifecycleListener lifecycleEvent
信息: APR capabilities: IPv6 [true], sendfile [true], accept filters [false], random [true].
十二月 30, 2021 8:48:27 下午 org.apache.catalina.core.AprLifecycleListener initializeSSL
信息: OpenSSL successfully initialized [OpenSSL 1.1.1c  28 May 2019]
十二月 30, 2021 8:48:27 下午 org.apache.coyote.AbstractProtocol init
信息: 初始化协议处理器 ["http-apr-8080"]
十二月 30, 2021 8:48:27 下午 org.apache.catalina.startup.Catalina load
信息: Initialization processed in 2411 ms
十二月 30, 2021 8:48:27 下午 org.apache.catalina.core.StandardService startInternal
信息: Starting service [Catalina]
十二月 30, 2021 8:48:27 下午 org.apache.catalina.core.StandardEngine startInternal
信息: Starting Servlet Engine: Apache Tomcat/7.0.103
十二月 30, 2021 8:48:27 下午 org.apache.catalina.startup.HostConfig deployWAR
信息: Deploying web application archive [E:\MyFile\learn\java\apache-tomcat-7.0.103\webapps\geoserver.war]
十二月 30, 2021 8:49:04 下午 org.apache.catalina.startup.TldConfig execute
信息: At least one JAR was scanned for TLDs yet contained no TLDs. Enable debug logging for this logger for a complete list of JARs that were scanned but no TLDs were found in them. Skipping unneeded JARs during scanning can improve startup time and JSP compilation time.
十二月 30, 2021 8:49:05 下午 org.geoserver.platform.GeoServerExtensions checkContext
警告: Extension lookup 'XStreamPersisterInitializer', but ApplicationContext is unset.
十二月 30, 2021 8:49:05 下午 org.geoserver.platform.GeoServerExtensions checkContext
警告: Extension lookup 'ExtensionFilter', but ApplicationContext is unset.
十二月 30, 2021 8:49:05 下午 org.geoserver.platform.GeoServerExtensions checkContext
警告: Extension lookup 'ExtensionProvider', but ApplicationContext is unset.
十二月 30, 2021 8:49:05 下午 org.geoserver.platform.GeoServerExtensions checkContext
警告: Extension lookup 'ExtensionFilter', but ApplicationContext is unset.
十二月 30, 2021 8:49:08 下午 org.geoserver.platform.GeoServerExtensions checkContext
警告: Extension lookup 'GeoServerSecurityProvider', but ApplicationContext is unset.
十二月 30, 2021 8:49:08 下午 org.geoserver.platform.GeoServerExtensions checkContext
警告: Extension lookup 'ExtensionFilter', but ApplicationContext is unset.
十二月 30, 2021 8:49:08 下午 org.geoserver.platform.GeoServerExtensions checkContext
警告: Extension lookup 'ExtensionProvider', but ApplicationContext is unset.
十二月 30, 2021 8:49:08 下午 org.geoserver.platform.GeoServerExtensions checkContext
警告: Extension lookup 'ExtensionFilter', but ApplicationContext is unset.
十二月 30, 2021 8:49:24 下午 org.apache.catalina.startup.HostConfig deployWAR
信息: Deployment of web application archive [E:\MyFile\learn\java\apache-tomcat-7.0.103\webapps\geoserver.war] has finished in [57,188] ms
十二月 30, 2021 8:49:24 下午 org.apache.coyote.AbstractProtocol start
信息: 开始协议处理句柄["http-apr-8080"]
十二月 30, 2021 8:49:25 下午 org.apache.catalina.startup.Catalina start
信息: Server startup in 57520 ms
