5月 01, 2020 12:53:38 下午 org.apache.catalina.startup.VersionLoggerListener log
信息: Server.服务器版本:     Apache Tomcat/7.0.103
5月 01, 2020 12:53:38 下午 org.apache.catalina.startup.VersionLoggerListener log
信息: 服务器构建:            Mar 16 2020 08:34:15 UTC
5月 01, 2020 12:53:38 下午 org.apache.catalina.startup.VersionLoggerListener log
信息: 服务器版本号(：7.0.103.0
5月 01, 2020 12:53:38 下午 org.apache.catalina.startup.VersionLoggerListener log
信息: OS Name:               Windows 10
5月 01, 2020 12:53:38 下午 org.apache.catalina.startup.VersionLoggerListener log
信息: OS.版本:               10.0
5月 01, 2020 12:53:38 下午 org.apache.catalina.startup.VersionLoggerListener log
信息: 架构:                  amd64
5月 01, 2020 12:53:38 下午 org.apache.catalina.startup.VersionLoggerListener log
信息: Java 环境变量:         E:\Program Files\java\jdk-14.0.1
5月 01, 2020 12:53:38 下午 org.apache.catalina.startup.VersionLoggerListener log
信息: JVM 版本:              14.0.1+7
5月 01, 2020 12:53:38 下午 org.apache.catalina.startup.VersionLoggerListener log
信息: JVM.供应商:            Oracle Corporation
5月 01, 2020 12:53:38 下午 org.apache.catalina.startup.VersionLoggerListener log
信息: CATALINA_BASE:         E:\MyFile\learn\java\apache-tomcat-7.0.103
5月 01, 2020 12:53:38 下午 org.apache.catalina.startup.VersionLoggerListener log
信息: CATALINA_HOME:         E:\MyFile\learn\java\apache-tomcat-7.0.103
5月 01, 2020 12:53:38 下午 org.apache.catalina.startup.VersionLoggerListener log
信息: Command line argument: --add-opens=java.base/java.lang=ALL-UNNAMED
5月 01, 2020 12:53:38 下午 org.apache.catalina.startup.VersionLoggerListener log
信息: Command line argument: --add-opens=java.base/java.io=ALL-UNNAMED
5月 01, 2020 12:53:38 下午 org.apache.catalina.startup.VersionLoggerListener log
信息: Command line argument: --add-opens=java.rmi/sun.rmi.transport=ALL-UNNAMED
5月 01, 2020 12:53:38 下午 org.apache.catalina.startup.VersionLoggerListener log
信息: Command line argument: -Djava.util.logging.config.file=E:\MyFile\learn\java\apache-tomcat-7.0.103\conf\logging.properties
5月 01, 2020 12:53:38 下午 org.apache.catalina.startup.VersionLoggerListener log
信息: Command line argument: -Djava.util.logging.manager=org.apache.juli.ClassLoaderLogManager
5月 01, 2020 12:53:38 下午 org.apache.catalina.startup.VersionLoggerListener log
信息: Command line argument: -Djdk.tls.ephemeralDHKeySize=2048
5月 01, 2020 12:53:38 下午 org.apache.catalina.startup.VersionLoggerListener log
信息: Command line argument: -Dignore.endorsed.dirs=
5月 01, 2020 12:53:38 下午 org.apache.catalina.startup.VersionLoggerListener log
信息: Command line argument: -Dcatalina.base=E:\MyFile\learn\java\apache-tomcat-7.0.103
5月 01, 2020 12:53:38 下午 org.apache.catalina.startup.VersionLoggerListener log
信息: Command line argument: -Dcatalina.home=E:\MyFile\learn\java\apache-tomcat-7.0.103
5月 01, 2020 12:53:38 下午 org.apache.catalina.startup.VersionLoggerListener log
信息: Command line argument: -Djava.io.tmpdir=E:\MyFile\learn\java\apache-tomcat-7.0.103\temp
5月 01, 2020 12:53:38 下午 org.apache.catalina.core.AprLifecycleListener lifecycleEvent
信息: Loaded APR based Apache Tomcat Native library [1.2.23] using APR version [1.7.0].
5月 01, 2020 12:53:38 下午 org.apache.catalina.core.AprLifecycleListener lifecycleEvent
信息: APR capabilities: IPv6 [true], sendfile [true], accept filters [false], random [true].
5月 01, 2020 12:53:38 下午 org.apache.catalina.core.AprLifecycleListener initializeSSL
信息: OpenSSL successfully initialized [OpenSSL 1.1.1c  28 May 2019]
5月 01, 2020 12:53:38 下午 org.apache.coyote.AbstractProtocol init
信息: 初始化协议处理器 ["http-apr-8080"]
5月 01, 2020 12:53:38 下午 org.apache.catalina.startup.Catalina load
信息: Initialization processed in 1745 ms
5月 01, 2020 12:53:38 下午 org.apache.catalina.core.StandardService startInternal
信息: Starting service [Catalina]
5月 01, 2020 12:53:38 下午 org.apache.catalina.core.StandardEngine startInternal
信息: Starting Servlet Engine: Apache Tomcat/7.0.103
5月 01, 2020 12:53:38 下午 org.apache.catalina.startup.HostConfig deployDirectory
信息: 把web 应用程序部署到目录 [E:\MyFile\learn\java\apache-tomcat-7.0.103\webapps\docs]
5月 01, 2020 12:53:39 下午 org.apache.catalina.util.SessionIdGeneratorBase createSecureRandom
警告: Creation of SecureRandom instance for session ID generation using [SHA1PRNG] took [112] milliseconds.
5月 01, 2020 12:53:39 下午 org.apache.catalina.startup.HostConfig deployDirectory
信息: Deployment of web application directory [E:\MyFile\learn\java\apache-tomcat-7.0.103\webapps\docs] has finished in [796] ms
5月 01, 2020 12:53:39 下午 org.apache.catalina.startup.HostConfig deployDirectory
信息: 把web 应用程序部署到目录 [E:\MyFile\learn\java\apache-tomcat-7.0.103\webapps\examples]
5月 01, 2020 12:53:40 下午 org.apache.catalina.startup.HostConfig deployDirectory
信息: Deployment of web application directory [E:\MyFile\learn\java\apache-tomcat-7.0.103\webapps\examples] has finished in [995] ms
5月 01, 2020 12:53:40 下午 org.apache.catalina.startup.HostConfig deployDirectory
信息: 把web 应用程序部署到目录 [E:\MyFile\learn\java\apache-tomcat-7.0.103\webapps\FirstServletApp]
5月 01, 2020 12:53:40 下午 org.apache.catalina.startup.HostConfig deployDirectory
信息: Deployment of web application directory [E:\MyFile\learn\java\apache-tomcat-7.0.103\webapps\FirstServletApp] has finished in [87] ms
5月 01, 2020 12:53:40 下午 org.apache.catalina.startup.HostConfig deployDirectory
信息: 把web 应用程序部署到目录 [E:\MyFile\learn\java\apache-tomcat-7.0.103\webapps\host-manager]
5月 01, 2020 12:53:40 下午 org.apache.catalina.startup.HostConfig deployDirectory
信息: Deployment of web application directory [E:\MyFile\learn\java\apache-tomcat-7.0.103\webapps\host-manager] has finished in [139] ms
5月 01, 2020 12:53:40 下午 org.apache.catalina.startup.HostConfig deployDirectory
信息: 把web 应用程序部署到目录 [E:\MyFile\learn\java\apache-tomcat-7.0.103\webapps\manager]
5月 01, 2020 12:53:41 下午 org.apache.catalina.startup.HostConfig deployDirectory
信息: Deployment of web application directory [E:\MyFile\learn\java\apache-tomcat-7.0.103\webapps\manager] has finished in [124] ms
5月 01, 2020 12:53:41 下午 org.apache.catalina.startup.HostConfig deployDirectory
信息: 把web 应用程序部署到目录 [E:\MyFile\learn\java\apache-tomcat-7.0.103\webapps\RequestTest01]
5月 01, 2020 12:53:41 下午 org.apache.catalina.startup.HostConfig deployDirectory
信息: Deployment of web application directory [E:\MyFile\learn\java\apache-tomcat-7.0.103\webapps\RequestTest01] has finished in [414] ms
5月 01, 2020 12:53:41 下午 org.apache.catalina.startup.HostConfig deployDirectory
信息: 把web 应用程序部署到目录 [E:\MyFile\learn\java\apache-tomcat-7.0.103\webapps\ROOT]
5月 01, 2020 12:53:41 下午 org.apache.catalina.startup.HostConfig deployDirectory
信息: Deployment of web application directory [E:\MyFile\learn\java\apache-tomcat-7.0.103\webapps\ROOT] has finished in [92] ms
5月 01, 2020 12:53:41 下午 org.apache.catalina.startup.HostConfig deployDirectory
信息: 把web 应用程序部署到目录 [E:\MyFile\learn\java\apache-tomcat-7.0.103\webapps\SecondServletApp]
5月 01, 2020 12:53:41 下午 org.apache.catalina.startup.HostConfig deployDirectory
信息: Deployment of web application directory [E:\MyFile\learn\java\apache-tomcat-7.0.103\webapps\SecondServletApp] has finished in [134] ms
5月 01, 2020 12:53:41 下午 org.apache.coyote.AbstractProtocol start
信息: 开始协议处理句柄["http-apr-8080"]
5月 01, 2020 12:53:41 下午 org.apache.catalina.startup.Catalina start
信息: Server startup in 2995 ms
5月 01, 2020 12:53:47 下午 org.apache.catalina.core.StandardServer await
信息: A valid shutdown command was received via the shutdown port. Stopping the Server instance.
5月 01, 2020 12:53:47 下午 org.apache.coyote.AbstractProtocol pause
信息: Pausing ProtocolHandler ["http-apr-8080"]
5月 01, 2020 12:53:47 下午 org.apache.catalina.core.StandardService stopInternal
信息: 正在停止服务[Catalina]
5月 01, 2020 12:53:47 下午 org.apache.coyote.AbstractProtocol stop
信息: 正在停止ProtocolHandler ["http-apr-8080"]
5月 01, 2020 12:53:47 下午 org.apache.coyote.AbstractProtocol destroy
信息: 正在摧毁协议处理器 ["http-apr-8080"]
