4月 14, 2020 9:54:15 上午 org.apache.catalina.startup.VersionLoggerListener log
信息: Server.服务器版本:     Apache Tomcat/7.0.103
4月 14, 2020 9:54:15 上午 org.apache.catalina.startup.VersionLoggerListener log
信息: 服务器构建:            Mar 16 2020 08:34:15 UTC
4月 14, 2020 9:54:15 上午 org.apache.catalina.startup.VersionLoggerListener log
信息: 服务器版本号(：7.0.103.0
4月 14, 2020 9:54:15 上午 org.apache.catalina.startup.VersionLoggerListener log
信息: OS Name:               Windows 10
4月 14, 2020 9:54:15 上午 org.apache.catalina.startup.VersionLoggerListener log
信息: OS.版本:               10.0
4月 14, 2020 9:54:15 上午 org.apache.catalina.startup.VersionLoggerListener log
信息: 架构:                  amd64
4月 14, 2020 9:54:15 上午 org.apache.catalina.startup.VersionLoggerListener log
信息: Java 环境变量:         E:\Program Files\Java\jdk-13.0.2
4月 14, 2020 9:54:15 上午 org.apache.catalina.startup.VersionLoggerListener log
信息: JVM 版本:              13.0.2+8
4月 14, 2020 9:54:15 上午 org.apache.catalina.startup.VersionLoggerListener log
信息: JVM.供应商:            Oracle Corporation
4月 14, 2020 9:54:15 上午 org.apache.catalina.startup.VersionLoggerListener log
信息: CATALINA_BASE:         E:\MyFile\learn\java\apache-tomcat-7.0.103
4月 14, 2020 9:54:15 上午 org.apache.catalina.startup.VersionLoggerListener log
信息: CATALINA_HOME:         E:\MyFile\learn\java\apache-tomcat-7.0.103
4月 14, 2020 9:54:15 上午 org.apache.catalina.startup.VersionLoggerListener log
信息: Command line argument: --add-opens=java.base/java.lang=ALL-UNNAMED
4月 14, 2020 9:54:15 上午 org.apache.catalina.startup.VersionLoggerListener log
信息: Command line argument: --add-opens=java.base/java.io=ALL-UNNAMED
4月 14, 2020 9:54:15 上午 org.apache.catalina.startup.VersionLoggerListener log
信息: Command line argument: --add-opens=java.rmi/sun.rmi.transport=ALL-UNNAMED
4月 14, 2020 9:54:15 上午 org.apache.catalina.startup.VersionLoggerListener log
信息: Command line argument: -Djava.util.logging.config.file=E:\MyFile\learn\java\apache-tomcat-7.0.103\conf\logging.properties
4月 14, 2020 9:54:15 上午 org.apache.catalina.startup.VersionLoggerListener log
信息: Command line argument: -Djava.util.logging.manager=org.apache.juli.ClassLoaderLogManager
4月 14, 2020 9:54:15 上午 org.apache.catalina.startup.VersionLoggerListener log
信息: Command line argument: -Djdk.tls.ephemeralDHKeySize=2048
4月 14, 2020 9:54:15 上午 org.apache.catalina.startup.VersionLoggerListener log
信息: Command line argument: -Dignore.endorsed.dirs=
4月 14, 2020 9:54:15 上午 org.apache.catalina.startup.VersionLoggerListener log
信息: Command line argument: -Dcatalina.base=E:\MyFile\learn\java\apache-tomcat-7.0.103
4月 14, 2020 9:54:15 上午 org.apache.catalina.startup.VersionLoggerListener log
信息: Command line argument: -Dcatalina.home=E:\MyFile\learn\java\apache-tomcat-7.0.103
4月 14, 2020 9:54:15 上午 org.apache.catalina.startup.VersionLoggerListener log
信息: Command line argument: -Djava.io.tmpdir=E:\MyFile\learn\java\apache-tomcat-7.0.103\temp
4月 14, 2020 9:54:15 上午 org.apache.catalina.core.AprLifecycleListener lifecycleEvent
信息: Loaded APR based Apache Tomcat Native library [1.2.23] using APR version [1.7.0].
4月 14, 2020 9:54:15 上午 org.apache.catalina.core.AprLifecycleListener lifecycleEvent
信息: APR capabilities: IPv6 [true], sendfile [true], accept filters [false], random [true].
4月 14, 2020 9:54:15 上午 org.apache.catalina.core.AprLifecycleListener initializeSSL
信息: OpenSSL successfully initialized [OpenSSL 1.1.1c  28 May 2019]
4月 14, 2020 9:54:15 上午 org.apache.coyote.AbstractProtocol init
信息: 初始化协议处理器 ["http-apr-8080"]
4月 14, 2020 9:54:15 上午 org.apache.catalina.startup.Catalina load
信息: Initialization processed in 1118 ms
4月 14, 2020 9:54:15 上午 org.apache.catalina.core.StandardService startInternal
信息: Starting service [Catalina]
4月 14, 2020 9:54:15 上午 org.apache.catalina.core.StandardEngine startInternal
信息: Starting Servlet Engine: Apache Tomcat/7.0.103
4月 14, 2020 9:54:15 上午 org.apache.catalina.startup.HostConfig deployDirectory
信息: 把web 应用程序部署到目录 [E:\MyFile\learn\java\apache-tomcat-7.0.103\webapps\docs]
4月 14, 2020 9:54:16 上午 org.apache.catalina.util.SessionIdGeneratorBase createSecureRandom
警告: Creation of SecureRandom instance for session ID generation using [SHA1PRNG] took [420] milliseconds.
4月 14, 2020 9:54:16 上午 org.apache.catalina.startup.HostConfig deployDirectory
信息: Deployment of web application directory [E:\MyFile\learn\java\apache-tomcat-7.0.103\webapps\docs] has finished in [827] ms
4月 14, 2020 9:54:16 上午 org.apache.catalina.startup.HostConfig deployDirectory
信息: 把web 应用程序部署到目录 [E:\MyFile\learn\java\apache-tomcat-7.0.103\webapps\examples]
4月 14, 2020 9:54:16 上午 org.apache.catalina.startup.HostConfig deployDirectory
信息: Deployment of web application directory [E:\MyFile\learn\java\apache-tomcat-7.0.103\webapps\examples] has finished in [562] ms
4月 14, 2020 9:54:16 上午 org.apache.catalina.startup.HostConfig deployDirectory
信息: 把web 应用程序部署到目录 [E:\MyFile\learn\java\apache-tomcat-7.0.103\webapps\FirstServletApp]
4月 14, 2020 9:54:16 上午 org.apache.catalina.startup.HostConfig deployDirectory
信息: Deployment of web application directory [E:\MyFile\learn\java\apache-tomcat-7.0.103\webapps\FirstServletApp] has finished in [84] ms
4月 14, 2020 9:54:16 上午 org.apache.catalina.startup.HostConfig deployDirectory
信息: 把web 应用程序部署到目录 [E:\MyFile\learn\java\apache-tomcat-7.0.103\webapps\host-manager]
4月 14, 2020 9:54:16 上午 org.apache.catalina.startup.HostConfig deployDirectory
信息: Deployment of web application directory [E:\MyFile\learn\java\apache-tomcat-7.0.103\webapps\host-manager] has finished in [95] ms
4月 14, 2020 9:54:16 上午 org.apache.catalina.startup.HostConfig deployDirectory
信息: 把web 应用程序部署到目录 [E:\MyFile\learn\java\apache-tomcat-7.0.103\webapps\manager]
4月 14, 2020 9:54:17 上午 org.apache.catalina.startup.HostConfig deployDirectory
信息: Deployment of web application directory [E:\MyFile\learn\java\apache-tomcat-7.0.103\webapps\manager] has finished in [79] ms
4月 14, 2020 9:54:17 上午 org.apache.catalina.startup.HostConfig deployDirectory
信息: 把web 应用程序部署到目录 [E:\MyFile\learn\java\apache-tomcat-7.0.103\webapps\ROOT]
4月 14, 2020 9:54:17 上午 org.apache.catalina.startup.HostConfig deployDirectory
信息: Deployment of web application directory [E:\MyFile\learn\java\apache-tomcat-7.0.103\webapps\ROOT] has finished in [77] ms
4月 14, 2020 9:54:17 上午 org.apache.catalina.startup.HostConfig deployDirectory
信息: 把web 应用程序部署到目录 [E:\MyFile\learn\java\apache-tomcat-7.0.103\webapps\SecondServletApp]
4月 14, 2020 9:54:17 上午 org.apache.catalina.startup.HostConfig deployDirectory
信息: Deployment of web application directory [E:\MyFile\learn\java\apache-tomcat-7.0.103\webapps\SecondServletApp] has finished in [158] ms
4月 14, 2020 9:54:17 上午 org.apache.coyote.AbstractProtocol start
信息: 开始协议处理句柄["http-apr-8080"]
4月 14, 2020 9:54:17 上午 org.apache.catalina.startup.Catalina start
信息: Server startup in 2007 ms
4月 14, 2020 9:54:31 上午 org.apache.catalina.core.StandardServer await
信息: A valid shutdown command was received via the shutdown port. Stopping the Server instance.
4月 14, 2020 9:54:31 上午 org.apache.coyote.AbstractProtocol pause
信息: Pausing ProtocolHandler ["http-apr-8080"]
4月 14, 2020 9:54:31 上午 org.apache.catalina.core.StandardService stopInternal
信息: 正在停止服务[Catalina]
4月 14, 2020 9:54:31 上午 org.apache.coyote.AbstractProtocol stop
信息: 正在停止ProtocolHandler ["http-apr-8080"]
4月 14, 2020 9:54:31 上午 org.apache.coyote.AbstractProtocol destroy
信息: 正在摧毁协议处理器 ["http-apr-8080"]
