十二月 28, 2020 8:44:08 上午 org.apache.catalina.core.ApplicationContext log
信息: No Spring WebApplicationInitializer types detected on classpath
十二月 28, 2020 8:44:10 上午 org.apache.catalina.core.ApplicationContext log
信息: Initializing Spring root WebApplicationContext
十二月 28, 2020 8:45:47 上午 org.apache.catalina.core.ApplicationContext log
信息: Initializing Spring DispatcherServlet 'dispatcher'
十二月 28, 2020 9:52:58 上午 org.apache.catalina.core.ApplicationContext log
信息: No Spring WebApplicationInitializer types detected on classpath
十二月 28, 2020 9:52:59 上午 org.apache.catalina.core.ApplicationContext log
信息: Initializing Spring root WebApplicationContext
十二月 28, 2020 10:21:12 上午 org.apache.catalina.core.ApplicationContext log
信息: Initializing Spring DispatcherServlet 'dispatcher'
十二月 28, 2020 8:02:17 下午 org.apache.catalina.core.ApplicationContext log
信息: No Spring WebApplicationInitializer types detected on classpath
十二月 28, 2020 8:02:22 下午 org.apache.catalina.core.ApplicationContext log
信息: Initializing Spring root WebApplicationContext
十二月 28, 2020 8:06:10 下午 org.apache.catalina.core.ApplicationContext log
信息: Initializing Spring DispatcherServlet 'dispatcher'
十二月 28, 2020 8:07:31 下午 org.apache.catalina.core.ApplicationContext log
信息: No Spring WebApplicationInitializer types detected on classpath
十二月 28, 2020 8:07:33 下午 org.apache.catalina.core.ApplicationContext log
信息: Initializing Spring root WebApplicationContext
十二月 28, 2020 8:08:12 下午 org.apache.catalina.core.ApplicationContext log
信息: Initializing Spring DispatcherServlet 'dispatcher'
