4月 11, 2020 2:38:26 下午 org.apache.catalina.core.ApplicationContext log
信息: ContextListener: contextInitialized()
4月 11, 2020 2:38:26 下午 org.apache.catalina.core.ApplicationContext log
信息: SessionListener: contextInitialized()
4月 11, 2020 2:38:26 下午 org.apache.catalina.core.ApplicationContext log
信息: ContextListener: attributeAdded('StockTicker', 'async.Stockticker@59879162')
4月 11, 2020 2:38:26 下午 org.apache.catalina.core.ApplicationContext log
信息: ContextListener: attributeAdded('org.apache.jasper.compiler.TldLocationsCache', 'org.apache.jasper.compiler.TldLocationsCache@3836a1af')
4月 11, 2020 2:40:39 下午 org.apache.catalina.core.ApplicationContext log
信息: SessionListener: contextDestroyed()
4月 11, 2020 2:40:39 下午 org.apache.catalina.core.ApplicationContext log
信息: ContextListener: contextDestroyed()
4月 11, 2020 2:48:18 下午 org.apache.catalina.core.ApplicationContext log
信息: ContextListener: contextInitialized()
4月 11, 2020 2:48:18 下午 org.apache.catalina.core.ApplicationContext log
信息: SessionListener: contextInitialized()
4月 11, 2020 2:48:18 下午 org.apache.catalina.core.ApplicationContext log
信息: ContextListener: attributeAdded('StockTicker', 'async.Stockticker@59879162')
4月 11, 2020 2:48:18 下午 org.apache.catalina.core.ApplicationContext log
信息: ContextListener: attributeAdded('org.apache.jasper.compiler.TldLocationsCache', 'org.apache.jasper.compiler.TldLocationsCache@3836a1af')
4月 11, 2020 2:48:40 下午 org.apache.catalina.core.ApplicationContext log
信息: SessionListener: contextDestroyed()
4月 11, 2020 2:48:40 下午 org.apache.catalina.core.ApplicationContext log
信息: ContextListener: contextDestroyed()
4月 11, 2020 3:12:06 下午 org.apache.catalina.core.ApplicationContext log
信息: ContextListener: contextInitialized()
4月 11, 2020 3:12:06 下午 org.apache.catalina.core.ApplicationContext log
信息: SessionListener: contextInitialized()
4月 11, 2020 3:12:06 下午 org.apache.catalina.core.ApplicationContext log
信息: ContextListener: attributeAdded('StockTicker', 'async.Stockticker@53b2aeed')
4月 11, 2020 3:12:06 下午 org.apache.catalina.core.ApplicationContext log
信息: ContextListener: attributeAdded('org.apache.jasper.compiler.TldLocationsCache', 'org.apache.jasper.compiler.TldLocationsCache@78dfcf01')
4月 11, 2020 3:13:12 下午 org.apache.catalina.core.ApplicationContext log
信息: SessionListener: contextDestroyed()
4月 11, 2020 3:13:12 下午 org.apache.catalina.core.ApplicationContext log
信息: ContextListener: contextDestroyed()
4月 11, 2020 3:14:13 下午 org.apache.catalina.core.ApplicationContext log
信息: ContextListener: contextInitialized()
4月 11, 2020 3:14:13 下午 org.apache.catalina.core.ApplicationContext log
信息: SessionListener: contextInitialized()
4月 11, 2020 3:14:13 下午 org.apache.catalina.core.ApplicationContext log
信息: ContextListener: attributeAdded('StockTicker', 'async.Stockticker@9489333')
4月 11, 2020 3:14:13 下午 org.apache.catalina.core.ApplicationContext log
信息: ContextListener: attributeAdded('org.apache.jasper.compiler.TldLocationsCache', 'org.apache.jasper.compiler.TldLocationsCache@7bca1470')
4月 11, 2020 3:14:31 下午 org.apache.catalina.core.ApplicationContext log
信息: SessionListener: contextDestroyed()
4月 11, 2020 3:14:31 下午 org.apache.catalina.core.ApplicationContext log
信息: ContextListener: contextDestroyed()
4月 11, 2020 3:14:48 下午 org.apache.catalina.core.ApplicationContext log
信息: ContextListener: contextInitialized()
4月 11, 2020 3:14:48 下午 org.apache.catalina.core.ApplicationContext log
信息: SessionListener: contextInitialized()
4月 11, 2020 3:14:48 下午 org.apache.catalina.core.ApplicationContext log
信息: ContextListener: attributeAdded('StockTicker', 'async.Stockticker@53b2aeed')
4月 11, 2020 3:14:48 下午 org.apache.catalina.core.ApplicationContext log
信息: ContextListener: attributeAdded('org.apache.jasper.compiler.TldLocationsCache', 'org.apache.jasper.compiler.TldLocationsCache@78dfcf01')
4月 11, 2020 3:15:45 下午 org.apache.catalina.core.ApplicationContext log
信息: SessionListener: contextDestroyed()
4月 11, 2020 3:15:45 下午 org.apache.catalina.core.ApplicationContext log
信息: ContextListener: contextDestroyed()
4月 11, 2020 3:15:51 下午 org.apache.catalina.core.ApplicationContext log
信息: ContextListener: contextInitialized()
4月 11, 2020 3:15:51 下午 org.apache.catalina.core.ApplicationContext log
信息: SessionListener: contextInitialized()
4月 11, 2020 3:15:51 下午 org.apache.catalina.core.ApplicationContext log
信息: ContextListener: attributeAdded('StockTicker', 'async.Stockticker@53b2aeed')
4月 11, 2020 3:15:51 下午 org.apache.catalina.core.ApplicationContext log
信息: ContextListener: attributeAdded('org.apache.jasper.compiler.TldLocationsCache', 'org.apache.jasper.compiler.TldLocationsCache@78dfcf01')
4月 11, 2020 3:16:08 下午 org.apache.catalina.core.ApplicationContext log
信息: SessionListener: contextDestroyed()
4月 11, 2020 3:16:08 下午 org.apache.catalina.core.ApplicationContext log
信息: ContextListener: contextDestroyed()
4月 11, 2020 3:16:13 下午 org.apache.catalina.core.ApplicationContext log
信息: ContextListener: contextInitialized()
4月 11, 2020 3:16:13 下午 org.apache.catalina.core.ApplicationContext log
信息: SessionListener: contextInitialized()
4月 11, 2020 3:16:13 下午 org.apache.catalina.core.ApplicationContext log
信息: ContextListener: attributeAdded('StockTicker', 'async.Stockticker@9489333')
4月 11, 2020 3:16:13 下午 org.apache.catalina.core.ApplicationContext log
信息: ContextListener: attributeAdded('org.apache.jasper.compiler.TldLocationsCache', 'org.apache.jasper.compiler.TldLocationsCache@7bca1470')
4月 11, 2020 3:16:51 下午 org.apache.catalina.core.ApplicationContext log
信息: SessionListener: contextDestroyed()
4月 11, 2020 3:16:51 下午 org.apache.catalina.core.ApplicationContext log
信息: ContextListener: contextDestroyed()
4月 11, 2020 3:16:57 下午 org.apache.catalina.core.ApplicationContext log
信息: ContextListener: contextInitialized()
4月 11, 2020 3:16:57 下午 org.apache.catalina.core.ApplicationContext log
信息: SessionListener: contextInitialized()
4月 11, 2020 3:16:57 下午 org.apache.catalina.core.ApplicationContext log
信息: ContextListener: attributeAdded('StockTicker', 'async.Stockticker@9489333')
4月 11, 2020 3:16:57 下午 org.apache.catalina.core.ApplicationContext log
信息: ContextListener: attributeAdded('org.apache.jasper.compiler.TldLocationsCache', 'org.apache.jasper.compiler.TldLocationsCache@7bca1470')
4月 11, 2020 3:20:52 下午 org.apache.catalina.core.ApplicationContext log
信息: ContextListener: contextInitialized()
4月 11, 2020 3:20:52 下午 org.apache.catalina.core.ApplicationContext log
信息: SessionListener: contextInitialized()
4月 11, 2020 3:20:52 下午 org.apache.catalina.core.ApplicationContext log
信息: ContextListener: attributeAdded('StockTicker', 'async.Stockticker@52abf5a1')
4月 11, 2020 3:20:52 下午 org.apache.catalina.core.ApplicationContext log
信息: ContextListener: attributeAdded('org.apache.jasper.compiler.TldLocationsCache', 'org.apache.jasper.compiler.TldLocationsCache@1f53b4d1')
4月 11, 2020 3:20:52 下午 org.apache.catalina.core.ApplicationContext log
信息: SessionListener: contextDestroyed()
4月 11, 2020 3:20:52 下午 org.apache.catalina.core.ApplicationContext log
信息: ContextListener: contextDestroyed()
4月 11, 2020 5:57:07 下午 org.apache.catalina.core.ApplicationContext log
信息: ContextListener: contextInitialized()
4月 11, 2020 5:57:07 下午 org.apache.catalina.core.ApplicationContext log
信息: SessionListener: contextInitialized()
4月 11, 2020 5:57:07 下午 org.apache.catalina.core.ApplicationContext log
信息: ContextListener: attributeAdded('StockTicker', 'async.Stockticker@9489333')
4月 11, 2020 5:57:07 下午 org.apache.catalina.core.ApplicationContext log
信息: ContextListener: attributeAdded('org.apache.jasper.compiler.TldLocationsCache', 'org.apache.jasper.compiler.TldLocationsCache@7bca1470')
4月 11, 2020 5:58:18 下午 org.apache.catalina.core.ApplicationContext log
信息: SessionListener: contextDestroyed()
4月 11, 2020 5:58:18 下午 org.apache.catalina.core.ApplicationContext log
信息: ContextListener: contextDestroyed()
4月 11, 2020 5:58:23 下午 org.apache.catalina.core.ApplicationContext log
信息: ContextListener: contextInitialized()
4月 11, 2020 5:58:23 下午 org.apache.catalina.core.ApplicationContext log
信息: SessionListener: contextInitialized()
4月 11, 2020 5:58:23 下午 org.apache.catalina.core.ApplicationContext log
信息: ContextListener: attributeAdded('StockTicker', 'async.Stockticker@9489333')
4月 11, 2020 5:58:23 下午 org.apache.catalina.core.ApplicationContext log
信息: ContextListener: attributeAdded('org.apache.jasper.compiler.TldLocationsCache', 'org.apache.jasper.compiler.TldLocationsCache@7bca1470')
4月 11, 2020 5:58:36 下午 org.apache.catalina.core.ApplicationContext log
信息: SessionListener: contextDestroyed()
4月 11, 2020 5:58:36 下午 org.apache.catalina.core.ApplicationContext log
信息: ContextListener: contextDestroyed()
4月 11, 2020 5:59:34 下午 org.apache.catalina.core.ApplicationContext log
信息: ContextListener: contextInitialized()
4月 11, 2020 5:59:34 下午 org.apache.catalina.core.ApplicationContext log
信息: SessionListener: contextInitialized()
4月 11, 2020 5:59:34 下午 org.apache.catalina.core.ApplicationContext log
信息: ContextListener: attributeAdded('StockTicker', 'async.Stockticker@9489333')
4月 11, 2020 5:59:34 下午 org.apache.catalina.core.ApplicationContext log
信息: ContextListener: attributeAdded('org.apache.jasper.compiler.TldLocationsCache', 'org.apache.jasper.compiler.TldLocationsCache@7bca1470')
4月 11, 2020 6:09:51 下午 org.apache.catalina.core.ApplicationContext log
信息: ContextListener: contextInitialized()
4月 11, 2020 6:09:51 下午 org.apache.catalina.core.ApplicationContext log
信息: SessionListener: contextInitialized()
4月 11, 2020 6:09:51 下午 org.apache.catalina.core.ApplicationContext log
信息: ContextListener: attributeAdded('StockTicker', 'async.Stockticker@52abf5a1')
4月 11, 2020 6:09:51 下午 org.apache.catalina.core.ApplicationContext log
信息: ContextListener: attributeAdded('org.apache.jasper.compiler.TldLocationsCache', 'org.apache.jasper.compiler.TldLocationsCache@1f53b4d1')
4月 11, 2020 6:09:52 下午 org.apache.catalina.core.ApplicationContext log
信息: SessionListener: contextDestroyed()
4月 11, 2020 6:09:52 下午 org.apache.catalina.core.ApplicationContext log
信息: ContextListener: contextDestroyed()
4月 11, 2020 6:11:17 下午 org.apache.catalina.core.ApplicationContext log
信息: ContextListener: contextInitialized()
4月 11, 2020 6:11:17 下午 org.apache.catalina.core.ApplicationContext log
信息: SessionListener: contextInitialized()
4月 11, 2020 6:11:17 下午 org.apache.catalina.core.ApplicationContext log
信息: ContextListener: attributeAdded('StockTicker', 'async.Stockticker@6c26d4e3')
4月 11, 2020 6:11:17 下午 org.apache.catalina.core.ApplicationContext log
信息: ContextListener: attributeAdded('org.apache.jasper.compiler.TldLocationsCache', 'org.apache.jasper.compiler.TldLocationsCache@232ce4de')
4月 11, 2020 6:11:17 下午 org.apache.catalina.core.ApplicationContext log
信息: SessionListener: contextDestroyed()
4月 11, 2020 6:11:17 下午 org.apache.catalina.core.ApplicationContext log
信息: ContextListener: contextDestroyed()
4月 11, 2020 6:11:46 下午 org.apache.catalina.core.ApplicationContext log
信息: ContextListener: contextInitialized()
4月 11, 2020 6:11:46 下午 org.apache.catalina.core.ApplicationContext log
信息: SessionListener: contextInitialized()
4月 11, 2020 6:11:46 下午 org.apache.catalina.core.ApplicationContext log
信息: ContextListener: attributeAdded('StockTicker', 'async.Stockticker@9489333')
4月 11, 2020 6:11:46 下午 org.apache.catalina.core.ApplicationContext log
信息: ContextListener: attributeAdded('org.apache.jasper.compiler.TldLocationsCache', 'org.apache.jasper.compiler.TldLocationsCache@7bca1470')
4月 11, 2020 6:18:04 下午 org.apache.catalina.core.ApplicationContext log
信息: ContextListener: contextInitialized()
4月 11, 2020 6:18:04 下午 org.apache.catalina.core.ApplicationContext log
信息: SessionListener: contextInitialized()
4月 11, 2020 6:18:04 下午 org.apache.catalina.core.ApplicationContext log
信息: ContextListener: attributeAdded('StockTicker', 'async.Stockticker@143d6029')
4月 11, 2020 6:18:04 下午 org.apache.catalina.core.ApplicationContext log
信息: ContextListener: attributeAdded('org.apache.jasper.compiler.TldLocationsCache', 'org.apache.jasper.compiler.TldLocationsCache@3e8cdcce')
4月 11, 2020 6:18:04 下午 org.apache.catalina.core.ApplicationContext log
信息: SessionListener: contextDestroyed()
4月 11, 2020 6:18:04 下午 org.apache.catalina.core.ApplicationContext log
信息: ContextListener: contextDestroyed()
4月 11, 2020 6:18:28 下午 org.apache.catalina.core.ApplicationContext log
信息: ContextListener: contextInitialized()
4月 11, 2020 6:18:28 下午 org.apache.catalina.core.ApplicationContext log
信息: SessionListener: contextInitialized()
4月 11, 2020 6:18:28 下午 org.apache.catalina.core.ApplicationContext log
信息: ContextListener: attributeAdded('StockTicker', 'async.Stockticker@9489333')
4月 11, 2020 6:18:28 下午 org.apache.catalina.core.ApplicationContext log
信息: ContextListener: attributeAdded('org.apache.jasper.compiler.TldLocationsCache', 'org.apache.jasper.compiler.TldLocationsCache@7bca1470')
4月 11, 2020 6:21:45 下午 org.apache.catalina.core.ApplicationContext log
信息: SessionListener: contextDestroyed()
4月 11, 2020 6:21:45 下午 org.apache.catalina.core.ApplicationContext log
信息: ContextListener: contextDestroyed()
