三月 15, 2021 10:37:56 上午 org.apache.catalina.core.ApplicationContext log
信息: No Spring WebApplicationInitializer types detected on classpath
三月 15, 2021 10:37:59 上午 org.apache.catalina.core.ApplicationContext log
信息: Initializing Spring root WebApplicationContext
三月 15, 2021 10:38:20 上午 org.apache.catalina.core.ApplicationContext log
信息: No Spring WebApplicationInitializer types detected on classpath
三月 15, 2021 10:38:20 上午 org.apache.catalina.core.ApplicationContext log
信息: Initializing Spring FrameworkServlet 'dispatcherServlet'
三月 15, 2021 10:38:32 上午 org.apache.catalina.core.ApplicationContext log
信息: No Spring WebApplicationInitializer types detected on classpath
三月 15, 2021 10:38:32 上午 org.apache.catalina.core.ApplicationContext log
信息: Initializing Spring FrameworkServlet 'dispatcherServlet'
三月 15, 2021 10:38:44 上午 org.apache.catalina.core.ApplicationContext log
信息: No Spring WebApplicationInitializer types detected on classpath
三月 15, 2021 10:38:44 上午 org.apache.catalina.core.ApplicationContext log
信息: Initializing Spring root WebApplicationContext
三月 15, 2021 10:38:45 上午 org.apache.catalina.core.ApplicationContext log
信息: Set web app root system property: 'webapp.root' = [E:\MyFile\learn\java\apache-tomcat-7.0.103\webapps\webchat_war\]
三月 15, 2021 10:38:45 上午 org.apache.catalina.core.ApplicationContext log
信息: Initializing Spring FrameworkServlet 'SpringMVC'
三月 15, 2021 10:38:46 上午 org.apache.catalina.core.ApplicationContext log
信息: Initializing Spring DispatcherServlet 'dispatcher'
三月 15, 2021 10:58:26 上午 org.apache.catalina.core.ApplicationContext log
信息: No Spring WebApplicationInitializer types detected on classpath
三月 15, 2021 10:58:26 上午 org.apache.catalina.core.ApplicationContext log
信息: Initializing Spring FrameworkServlet 'dispatcherServlet'
三月 15, 2021 10:58:34 上午 org.apache.catalina.core.ApplicationContext log
信息: No Spring WebApplicationInitializer types detected on classpath
三月 15, 2021 10:58:34 上午 org.apache.catalina.core.ApplicationContext log
信息: Initializing Spring FrameworkServlet 'dispatcherServlet'
三月 15, 2021 10:58:40 上午 org.apache.catalina.core.ApplicationContext log
信息: No Spring WebApplicationInitializer types detected on classpath
三月 15, 2021 10:58:40 上午 org.apache.catalina.core.ApplicationContext log
信息: Initializing Spring root WebApplicationContext
三月 15, 2021 10:58:41 上午 org.apache.catalina.core.ApplicationContext log
信息: Set web app root system property: 'webapp.root' = [E:\MyFile\learn\java\apache-tomcat-7.0.103\webapps\webchat_war\]
三月 15, 2021 10:58:41 上午 org.apache.catalina.core.ApplicationContext log
信息: Initializing Spring FrameworkServlet 'SpringMVC'
三月 15, 2021 11:00:22 上午 org.apache.catalina.core.ApplicationContext log
信息: Destroying Spring FrameworkServlet 'dispatcherServlet'
三月 15, 2021 11:00:22 上午 org.apache.catalina.core.ApplicationContext log
信息: Destroying Spring FrameworkServlet 'dispatcherServlet'
三月 15, 2021 11:00:22 上午 org.apache.catalina.core.ApplicationContext log
信息: Destroying Spring FrameworkServlet 'SpringMVC'
三月 15, 2021 11:00:22 上午 org.apache.catalina.core.ApplicationContext log
信息: Shutting down log4j
三月 15, 2021 11:00:22 上午 org.apache.catalina.core.StandardContext listenerStop
严重: 例外情况发送上下文删除事件[com.amayadream.webchat.listener.LoggerListener]，以便列表实例
java.lang.NoClassDefFoundError: org/apache/log4j/LogManager
	at org.springframework.util.Log4jConfigurer.shutdownLogging(Log4jConfigurer.java:123)
	at org.springframework.web.util.Log4jWebConfigurer.shutdownLogging(Log4jWebConfigurer.java:172)
	at org.springframework.web.util.Log4jConfigListener.contextDestroyed(Log4jConfigListener.java:54)
	at org.apache.catalina.core.StandardContext.listenerStop(StandardContext.java:5183)
	at org.apache.catalina.core.StandardContext.stopInternal(StandardContext.java:5874)
	at org.apache.catalina.util.LifecycleBase.stop(LifecycleBase.java:257)
	at org.apache.catalina.core.ContainerBase$StopChild.call(ContainerBase.java:1705)
	at org.apache.catalina.core.ContainerBase$StopChild.call(ContainerBase.java:1694)
	at java.util.concurrent.FutureTask.run(FutureTask.java:266)
	at java.util.concurrent.ThreadPoolExecutor.runWorker(ThreadPoolExecutor.java:1149)
	at java.util.concurrent.ThreadPoolExecutor$Worker.run(ThreadPoolExecutor.java:624)
	at java.lang.Thread.run(Thread.java:748)
Caused by: java.lang.ClassNotFoundException: org.apache.log4j.LogManager
	at org.apache.catalina.loader.WebappClassLoaderBase.loadClass(WebappClassLoaderBase.java:1952)
	at org.apache.catalina.loader.WebappClassLoaderBase.loadClass(WebappClassLoaderBase.java:1795)
	... 12 more

三月 15, 2021 11:00:22 上午 org.apache.catalina.core.ApplicationContext log
信息: Closing Spring root WebApplicationContext
三月 15, 2021 11:08:07 上午 org.apache.catalina.core.ApplicationContext log
信息: No Spring WebApplicationInitializer types detected on classpath
三月 15, 2021 11:08:08 上午 org.apache.catalina.core.ApplicationContext log
信息: Initializing Spring root WebApplicationContext
三月 15, 2021 11:08:26 上午 org.apache.catalina.core.ApplicationContext log
信息: No Spring WebApplicationInitializer types detected on classpath
三月 15, 2021 11:08:27 上午 org.apache.catalina.core.ApplicationContext log
信息: Initializing Spring FrameworkServlet 'dispatcherServlet'
三月 15, 2021 11:08:33 上午 org.apache.catalina.core.ApplicationContext log
信息: No Spring WebApplicationInitializer types detected on classpath
三月 15, 2021 11:08:33 上午 org.apache.catalina.core.ApplicationContext log
信息: Initializing Spring FrameworkServlet 'dispatcherServlet'
三月 15, 2021 11:08:37 上午 org.apache.catalina.core.ApplicationContext log
信息: No Spring WebApplicationInitializer types detected on classpath
三月 15, 2021 11:08:37 上午 org.apache.catalina.core.ApplicationContext log
信息: Initializing Spring root WebApplicationContext
三月 15, 2021 11:08:39 上午 org.apache.catalina.core.ApplicationContext log
信息: Set web app root system property: 'webapp.root' = [E:\MyFile\learn\java\apache-tomcat-7.0.103\webapps\webchat_war\]
三月 15, 2021 11:08:39 上午 org.apache.catalina.core.ApplicationContext log
信息: Initializing Spring FrameworkServlet 'SpringMVC'
三月 15, 2021 11:10:06 上午 org.apache.catalina.core.ApplicationContext log
信息: No Spring WebApplicationInitializer types detected on classpath
三月 15, 2021 11:10:07 上午 org.apache.catalina.core.ApplicationContext log
信息: Initializing Spring root WebApplicationContext
三月 15, 2021 11:21:12 上午 org.apache.catalina.core.ApplicationContext log
信息: No Spring WebApplicationInitializer types detected on classpath
三月 15, 2021 11:21:14 上午 org.apache.catalina.core.ApplicationContext log
信息: Initializing Spring root WebApplicationContext
三月 15, 2021 11:21:30 上午 org.apache.catalina.core.ApplicationContext log
信息: No Spring WebApplicationInitializer types detected on classpath
三月 15, 2021 11:21:30 上午 org.apache.catalina.core.ApplicationContext log
信息: Initializing Spring FrameworkServlet 'dispatcherServlet'
三月 15, 2021 11:21:39 上午 org.apache.catalina.core.ApplicationContext log
信息: No Spring WebApplicationInitializer types detected on classpath
三月 15, 2021 11:21:39 上午 org.apache.catalina.core.ApplicationContext log
信息: Initializing Spring FrameworkServlet 'dispatcherServlet'
三月 15, 2021 11:21:45 上午 org.apache.catalina.core.ApplicationContext log
信息: No Spring WebApplicationInitializer types detected on classpath
三月 15, 2021 11:21:45 上午 org.apache.catalina.core.ApplicationContext log
信息: Initializing Spring root WebApplicationContext
三月 15, 2021 11:21:46 上午 org.apache.catalina.core.ApplicationContext log
信息: Set web app root system property: 'webapp.root' = [E:\MyFile\learn\java\apache-tomcat-7.0.103\webapps\webchat_war\]
三月 15, 2021 11:21:46 上午 org.apache.catalina.core.ApplicationContext log
信息: Initializing Spring FrameworkServlet 'SpringMVC'
三月 15, 2021 11:22:10 上午 org.apache.catalina.core.ApplicationContext log
信息: Initializing Spring DispatcherServlet 'dispatcher'
三月 15, 2021 11:23:27 上午 org.apache.catalina.core.ApplicationContext log
信息: No Spring WebApplicationInitializer types detected on classpath
三月 15, 2021 11:23:27 上午 org.apache.catalina.core.ApplicationContext log
信息: Initializing Spring FrameworkServlet 'dispatcherServlet'
三月 15, 2021 11:23:31 上午 org.apache.catalina.core.ApplicationContext log
信息: No Spring WebApplicationInitializer types detected on classpath
三月 15, 2021 11:23:32 上午 org.apache.catalina.core.ApplicationContext log
信息: Initializing Spring FrameworkServlet 'dispatcherServlet'
三月 15, 2021 11:23:36 上午 org.apache.catalina.core.ApplicationContext log
信息: No Spring WebApplicationInitializer types detected on classpath
三月 15, 2021 11:23:36 上午 org.apache.catalina.core.ApplicationContext log
信息: Initializing Spring root WebApplicationContext
三月 15, 2021 11:23:37 上午 org.apache.catalina.core.ApplicationContext log
信息: Set web app root system property: 'webapp.root' = [E:\MyFile\learn\java\apache-tomcat-7.0.103\webapps\webchat_war\]
三月 15, 2021 11:23:37 上午 org.apache.catalina.core.ApplicationContext log
信息: Initializing Spring FrameworkServlet 'SpringMVC'
三月 15, 2021 11:24:42 上午 org.apache.catalina.core.ApplicationContext log
信息: Destroying Spring FrameworkServlet 'dispatcherServlet'
三月 15, 2021 11:24:42 上午 org.apache.catalina.core.ApplicationContext log
信息: Destroying Spring FrameworkServlet 'dispatcherServlet'
三月 15, 2021 11:24:42 上午 org.apache.catalina.core.ApplicationContext log
信息: Destroying Spring FrameworkServlet 'SpringMVC'
三月 15, 2021 11:24:42 上午 org.apache.catalina.core.ApplicationContext log
信息: Shutting down log4j
三月 15, 2021 11:24:42 上午 org.apache.catalina.core.StandardContext listenerStop
严重: 例外情况发送上下文删除事件[com.amayadream.webchat.listener.LoggerListener]，以便列表实例
java.lang.NoClassDefFoundError: org/apache/log4j/LogManager
	at org.springframework.util.Log4jConfigurer.shutdownLogging(Log4jConfigurer.java:123)
	at org.springframework.web.util.Log4jWebConfigurer.shutdownLogging(Log4jWebConfigurer.java:172)
	at org.springframework.web.util.Log4jConfigListener.contextDestroyed(Log4jConfigListener.java:54)
	at org.apache.catalina.core.StandardContext.listenerStop(StandardContext.java:5183)
	at org.apache.catalina.core.StandardContext.stopInternal(StandardContext.java:5874)
	at org.apache.catalina.util.LifecycleBase.stop(LifecycleBase.java:257)
	at org.apache.catalina.core.ContainerBase$StopChild.call(ContainerBase.java:1705)
	at org.apache.catalina.core.ContainerBase$StopChild.call(ContainerBase.java:1694)
	at java.util.concurrent.FutureTask.run(FutureTask.java:266)
	at java.util.concurrent.ThreadPoolExecutor.runWorker(ThreadPoolExecutor.java:1149)
	at java.util.concurrent.ThreadPoolExecutor$Worker.run(ThreadPoolExecutor.java:624)
	at java.lang.Thread.run(Thread.java:748)
Caused by: java.lang.ClassNotFoundException: org.apache.log4j.LogManager
	at org.apache.catalina.loader.WebappClassLoaderBase.loadClass(WebappClassLoaderBase.java:1952)
	at org.apache.catalina.loader.WebappClassLoaderBase.loadClass(WebappClassLoaderBase.java:1795)
	... 12 more

三月 15, 2021 11:24:42 上午 org.apache.catalina.core.ApplicationContext log
信息: Closing Spring root WebApplicationContext
三月 15, 2021 2:28:40 下午 org.apache.catalina.core.ApplicationContext log
信息: No Spring WebApplicationInitializer types detected on classpath
三月 15, 2021 2:28:41 下午 org.apache.catalina.core.ApplicationContext log
信息: Initializing Spring root WebApplicationContext
三月 15, 2021 2:28:52 下午 org.apache.catalina.core.StandardContext filterStart
严重: 启动过滤器异常
java.lang.ClassNotFoundException: org.eclipse.jetty.servlets.CrossOriginFilter
	at org.apache.catalina.loader.WebappClassLoaderBase.loadClass(WebappClassLoaderBase.java:1952)
	at org.apache.catalina.loader.WebappClassLoaderBase.loadClass(WebappClassLoaderBase.java:1795)
	at org.apache.catalina.core.DefaultInstanceManager.loadClass(DefaultInstanceManager.java:536)
	at org.apache.catalina.core.DefaultInstanceManager.loadClassMaybePrivileged(DefaultInstanceManager.java:518)
	at org.apache.catalina.core.DefaultInstanceManager.newInstance(DefaultInstanceManager.java:148)
	at org.apache.catalina.core.ApplicationFilterConfig.getFilter(ApplicationFilterConfig.java:260)
	at org.apache.catalina.core.ApplicationFilterConfig.<init>(ApplicationFilterConfig.java:106)
	at org.apache.catalina.core.StandardContext.filterStart(StandardContext.java:4977)
	at org.apache.catalina.core.StandardContext.startInternal(StandardContext.java:5681)
	at org.apache.catalina.util.LifecycleBase.start(LifecycleBase.java:183)
	at org.apache.catalina.core.ContainerBase.addChildInternal(ContainerBase.java:1007)
	at org.apache.catalina.core.ContainerBase.addChild(ContainerBase.java:983)
	at org.apache.catalina.core.StandardHost.addChild(StandardHost.java:639)
	at org.apache.catalina.startup.HostConfig.deployWAR(HostConfig.java:1127)
	at org.apache.catalina.startup.HostConfig$DeployWar.run(HostConfig.java:2020)
	at java.util.concurrent.Executors$RunnableAdapter.call(Executors.java:511)
	at java.util.concurrent.FutureTask.run(FutureTask.java:266)
	at java.util.concurrent.ThreadPoolExecutor.runWorker(ThreadPoolExecutor.java:1149)
	at java.util.concurrent.ThreadPoolExecutor$Worker.run(ThreadPoolExecutor.java:624)
	at java.lang.Thread.run(Thread.java:748)

三月 15, 2021 2:28:52 下午 org.apache.catalina.core.ApplicationContext log
信息: Closing Spring root WebApplicationContext
三月 15, 2021 2:28:57 下午 org.apache.catalina.core.ApplicationContext log
信息: No Spring WebApplicationInitializer types detected on classpath
三月 15, 2021 2:28:57 下午 org.apache.catalina.core.ApplicationContext log
信息: Initializing Spring FrameworkServlet 'dispatcherServlet'
三月 15, 2021 2:29:05 下午 org.apache.catalina.core.ApplicationContext log
信息: No Spring WebApplicationInitializer types detected on classpath
三月 15, 2021 2:29:05 下午 org.apache.catalina.core.ApplicationContext log
信息: Initializing Spring FrameworkServlet 'dispatcherServlet'
三月 15, 2021 2:29:11 下午 org.apache.catalina.core.ApplicationContext log
信息: No Spring WebApplicationInitializer types detected on classpath
三月 15, 2021 2:29:11 下午 org.apache.catalina.core.ApplicationContext log
信息: Initializing Spring root WebApplicationContext
三月 15, 2021 2:29:11 下午 org.apache.catalina.core.ApplicationContext log
信息: Set web app root system property: 'webapp.root' = [E:\MyFile\learn\java\apache-tomcat-7.0.103\webapps\webchat_war\]
三月 15, 2021 2:29:11 下午 org.apache.catalina.core.ApplicationContext log
信息: Initializing Spring FrameworkServlet 'SpringMVC'
三月 15, 2021 2:30:23 下午 org.apache.catalina.core.ApplicationContext log
信息: Destroying Spring FrameworkServlet 'dispatcherServlet'
三月 15, 2021 2:30:23 下午 org.apache.catalina.core.ApplicationContext log
信息: Destroying Spring FrameworkServlet 'dispatcherServlet'
三月 15, 2021 2:30:24 下午 org.apache.catalina.core.ApplicationContext log
信息: Destroying Spring FrameworkServlet 'SpringMVC'
三月 15, 2021 2:30:24 下午 org.apache.catalina.core.ApplicationContext log
信息: Shutting down log4j
三月 15, 2021 2:30:24 下午 org.apache.catalina.core.StandardContext listenerStop
严重: 例外情况发送上下文删除事件[com.amayadream.webchat.listener.LoggerListener]，以便列表实例
java.lang.NoClassDefFoundError: org/springframework/util/Log4jConfigurer
	at org.springframework.web.util.Log4jWebConfigurer.shutdownLogging(Log4jWebConfigurer.java:172)
	at org.springframework.web.util.Log4jConfigListener.contextDestroyed(Log4jConfigListener.java:54)
	at org.apache.catalina.core.StandardContext.listenerStop(StandardContext.java:5183)
	at org.apache.catalina.core.StandardContext.stopInternal(StandardContext.java:5874)
	at org.apache.catalina.util.LifecycleBase.stop(LifecycleBase.java:257)
	at org.apache.catalina.core.ContainerBase.removeChild(ContainerBase.java:1122)
	at org.apache.catalina.startup.HostConfig.undeploy(HostConfig.java:1597)
	at org.apache.catalina.startup.HostConfig.checkResources(HostConfig.java:1524)
	at org.apache.catalina.startup.HostConfig.check(HostConfig.java:1783)
	at org.apache.catalina.startup.HostConfig.lifecycleEvent(HostConfig.java:366)
	at org.apache.catalina.util.LifecycleBase.fireLifecycleEvent(LifecycleBase.java:123)
	at org.apache.catalina.core.ContainerBase.backgroundProcess(ContainerBase.java:1491)
	at org.apache.catalina.core.ContainerBase$ContainerBackgroundProcessor.processChildren(ContainerBase.java:1660)
	at org.apache.catalina.core.ContainerBase$ContainerBackgroundProcessor.processChildren(ContainerBase.java:1670)
	at org.apache.catalina.core.ContainerBase$ContainerBackgroundProcessor.run(ContainerBase.java:1638)
	at java.lang.Thread.run(Thread.java:748)
Caused by: java.lang.ClassNotFoundException: org.springframework.util.Log4jConfigurer
	at org.apache.catalina.loader.WebappClassLoaderBase.loadClass(WebappClassLoaderBase.java:1952)
	at org.apache.catalina.loader.WebappClassLoaderBase.loadClass(WebappClassLoaderBase.java:1795)
	... 16 more

三月 15, 2021 2:30:24 下午 org.apache.catalina.core.ApplicationContext log
信息: Closing Spring root WebApplicationContext
三月 15, 2021 2:30:24 下午 org.apache.catalina.core.StandardContext listenerStop
严重: 例外情况发送上下文删除事件[org.springframework.web.context.ContextLoaderListener]，以便列表实例
java.lang.NoClassDefFoundError: org/springframework/web/context/ContextCleanupListener
	at org.springframework.web.context.ContextLoaderListener.contextDestroyed(ContextLoaderListener.java:117)
	at org.apache.catalina.core.StandardContext.listenerStop(StandardContext.java:5183)
	at org.apache.catalina.core.StandardContext.stopInternal(StandardContext.java:5874)
	at org.apache.catalina.util.LifecycleBase.stop(LifecycleBase.java:257)
	at org.apache.catalina.core.ContainerBase.removeChild(ContainerBase.java:1122)
	at org.apache.catalina.startup.HostConfig.undeploy(HostConfig.java:1597)
	at org.apache.catalina.startup.HostConfig.checkResources(HostConfig.java:1524)
	at org.apache.catalina.startup.HostConfig.check(HostConfig.java:1783)
	at org.apache.catalina.startup.HostConfig.lifecycleEvent(HostConfig.java:366)
	at org.apache.catalina.util.LifecycleBase.fireLifecycleEvent(LifecycleBase.java:123)
	at org.apache.catalina.core.ContainerBase.backgroundProcess(ContainerBase.java:1491)
	at org.apache.catalina.core.ContainerBase$ContainerBackgroundProcessor.processChildren(ContainerBase.java:1660)
	at org.apache.catalina.core.ContainerBase$ContainerBackgroundProcessor.processChildren(ContainerBase.java:1670)
	at org.apache.catalina.core.ContainerBase$ContainerBackgroundProcessor.run(ContainerBase.java:1638)
	at java.lang.Thread.run(Thread.java:748)
Caused by: java.lang.ClassNotFoundException: org.springframework.web.context.ContextCleanupListener
	at org.apache.catalina.loader.WebappClassLoaderBase.loadClass(WebappClassLoaderBase.java:1952)
	at org.apache.catalina.loader.WebappClassLoaderBase.loadClass(WebappClassLoaderBase.java:1795)
	... 15 more

三月 15, 2021 2:32:15 下午 org.apache.catalina.core.ApplicationContext log
信息: No Spring WebApplicationInitializer types detected on classpath
三月 15, 2021 2:32:16 下午 org.apache.catalina.core.ApplicationContext log
信息: Initializing Spring root WebApplicationContext
三月 15, 2021 2:32:41 下午 org.apache.catalina.core.ApplicationContext log
信息: Initializing Spring DispatcherServlet 'dispatcher'
三月 15, 2021 2:33:54 下午 org.apache.catalina.core.ApplicationContext log
信息: No Spring WebApplicationInitializer types detected on classpath
三月 15, 2021 2:33:55 下午 org.apache.catalina.core.ApplicationContext log
信息: Initializing Spring root WebApplicationContext
三月 15, 2021 2:34:13 下午 org.apache.catalina.core.ApplicationContext log
信息: Initializing Spring DispatcherServlet 'dispatcher'
三月 15, 2021 2:35:26 下午 org.apache.catalina.core.ApplicationContext log
信息: Destroying Spring FrameworkServlet 'dispatcher'
三月 15, 2021 2:35:26 下午 org.apache.catalina.core.ApplicationContext log
信息: Closing Spring root WebApplicationContext
三月 15, 2021 2:35:33 下午 org.apache.catalina.core.ApplicationContext log
信息: No Spring WebApplicationInitializer types detected on classpath
三月 15, 2021 2:35:34 下午 org.apache.catalina.core.ApplicationContext log
信息: Initializing Spring root WebApplicationContext
三月 15, 2021 2:35:48 下午 org.apache.catalina.core.StandardContext filterStart
严重: 启动过滤器异常
java.lang.ClassNotFoundException: org.eclipse.jetty.servlets.CrossOriginFilter
	at org.apache.catalina.loader.WebappClassLoaderBase.loadClass(WebappClassLoaderBase.java:1952)
	at org.apache.catalina.loader.WebappClassLoaderBase.loadClass(WebappClassLoaderBase.java:1795)
	at org.apache.catalina.core.DefaultInstanceManager.loadClass(DefaultInstanceManager.java:536)
	at org.apache.catalina.core.DefaultInstanceManager.loadClassMaybePrivileged(DefaultInstanceManager.java:518)
	at org.apache.catalina.core.DefaultInstanceManager.newInstance(DefaultInstanceManager.java:148)
	at org.apache.catalina.core.ApplicationFilterConfig.getFilter(ApplicationFilterConfig.java:260)
	at org.apache.catalina.core.ApplicationFilterConfig.<init>(ApplicationFilterConfig.java:106)
	at org.apache.catalina.core.StandardContext.filterStart(StandardContext.java:4977)
	at org.apache.catalina.core.StandardContext.startInternal(StandardContext.java:5681)
	at org.apache.catalina.util.LifecycleBase.start(LifecycleBase.java:183)
	at org.apache.catalina.core.StandardContext.reload(StandardContext.java:4153)
	at org.apache.catalina.startup.HostConfig.reload(HostConfig.java:1575)
	at org.apache.catalina.startup.HostConfig.checkResources(HostConfig.java:1548)
	at org.apache.catalina.startup.HostConfig.check(HostConfig.java:1783)
	at org.apache.catalina.startup.HostConfig.lifecycleEvent(HostConfig.java:366)
	at org.apache.catalina.util.LifecycleBase.fireLifecycleEvent(LifecycleBase.java:123)
	at org.apache.catalina.core.ContainerBase.backgroundProcess(ContainerBase.java:1491)
	at org.apache.catalina.core.ContainerBase$ContainerBackgroundProcessor.processChildren(ContainerBase.java:1660)
	at org.apache.catalina.core.ContainerBase$ContainerBackgroundProcessor.processChildren(ContainerBase.java:1670)
	at org.apache.catalina.core.ContainerBase$ContainerBackgroundProcessor.run(ContainerBase.java:1638)
	at java.lang.Thread.run(Thread.java:748)

三月 15, 2021 2:35:48 下午 org.apache.catalina.core.ApplicationContext log
信息: Closing Spring root WebApplicationContext
三月 15, 2021 2:36:41 下午 org.apache.catalina.core.ApplicationContext log
信息: No Spring WebApplicationInitializer types detected on classpath
三月 15, 2021 2:36:43 下午 org.apache.catalina.core.ApplicationContext log
信息: Initializing Spring root WebApplicationContext
三月 15, 2021 2:37:01 下午 org.apache.catalina.core.ApplicationContext log
信息: Initializing Spring DispatcherServlet 'dispatcher'
三月 15, 2021 2:44:14 下午 org.apache.catalina.core.ApplicationContext log
信息: Destroying Spring FrameworkServlet 'dispatcher'
三月 15, 2021 2:44:14 下午 org.apache.catalina.core.ApplicationContext log
信息: Closing Spring root WebApplicationContext
三月 15, 2021 2:44:21 下午 org.apache.catalina.core.ApplicationContext log
信息: No Spring WebApplicationInitializer types detected on classpath
三月 15, 2021 2:44:22 下午 org.apache.catalina.core.ApplicationContext log
信息: Initializing Spring root WebApplicationContext
三月 15, 2021 2:44:43 下午 org.apache.catalina.core.ApplicationContext log
信息: No Spring WebApplicationInitializer types detected on classpath
三月 15, 2021 2:44:44 下午 org.apache.catalina.core.ApplicationContext log
信息: Initializing Spring root WebApplicationContext
三月 15, 2021 2:44:55 下午 org.apache.catalina.core.StandardContext filterStart
严重: 启动过滤器异常
java.lang.ClassNotFoundException: org.eclipse.jetty.servlets.CrossOriginFilter
	at org.apache.catalina.loader.WebappClassLoaderBase.loadClass(WebappClassLoaderBase.java:1952)
	at org.apache.catalina.loader.WebappClassLoaderBase.loadClass(WebappClassLoaderBase.java:1795)
	at org.apache.catalina.core.DefaultInstanceManager.loadClass(DefaultInstanceManager.java:536)
	at org.apache.catalina.core.DefaultInstanceManager.loadClassMaybePrivileged(DefaultInstanceManager.java:518)
	at org.apache.catalina.core.DefaultInstanceManager.newInstance(DefaultInstanceManager.java:148)
	at org.apache.catalina.core.ApplicationFilterConfig.getFilter(ApplicationFilterConfig.java:260)
	at org.apache.catalina.core.ApplicationFilterConfig.<init>(ApplicationFilterConfig.java:106)
	at org.apache.catalina.core.StandardContext.filterStart(StandardContext.java:4977)
	at org.apache.catalina.core.StandardContext.startInternal(StandardContext.java:5681)
	at org.apache.catalina.util.LifecycleBase.start(LifecycleBase.java:183)
	at org.apache.catalina.core.ContainerBase.addChildInternal(ContainerBase.java:1007)
	at org.apache.catalina.core.ContainerBase.addChild(ContainerBase.java:983)
	at org.apache.catalina.core.StandardHost.addChild(StandardHost.java:639)
	at org.apache.catalina.startup.HostConfig.deployWAR(HostConfig.java:1127)
	at org.apache.catalina.startup.HostConfig$DeployWar.run(HostConfig.java:2020)
	at java.util.concurrent.Executors$RunnableAdapter.call(Executors.java:511)
	at java.util.concurrent.FutureTask.run(FutureTask.java:266)
	at java.util.concurrent.ThreadPoolExecutor.runWorker(ThreadPoolExecutor.java:1149)
	at java.util.concurrent.ThreadPoolExecutor$Worker.run(ThreadPoolExecutor.java:624)
	at java.lang.Thread.run(Thread.java:748)

三月 15, 2021 2:44:55 下午 org.apache.catalina.core.ApplicationContext log
信息: Closing Spring root WebApplicationContext
三月 15, 2021 2:45:58 下午 org.apache.catalina.core.ApplicationContext log
信息: No Spring WebApplicationInitializer types detected on classpath
三月 15, 2021 2:45:59 下午 org.apache.catalina.core.ApplicationContext log
信息: Initializing Spring root WebApplicationContext
三月 15, 2021 2:46:17 下午 org.apache.catalina.core.ApplicationContext log
信息: Initializing Spring DispatcherServlet 'dispatcher'
三月 15, 2021 2:47:55 下午 org.apache.catalina.core.ApplicationContext log
信息: Destroying Spring FrameworkServlet 'dispatcher'
三月 15, 2021 2:47:55 下午 org.apache.catalina.core.ApplicationContext log
信息: Closing Spring root WebApplicationContext
三月 15, 2021 2:48:05 下午 org.apache.catalina.core.ApplicationContext log
信息: No Spring WebApplicationInitializer types detected on classpath
三月 15, 2021 2:48:06 下午 org.apache.catalina.core.ApplicationContext log
信息: Initializing Spring root WebApplicationContext
三月 15, 2021 2:49:24 下午 org.apache.catalina.core.ApplicationContext log
信息: Initializing Spring DispatcherServlet 'dispatcher'
三月 15, 2021 2:50:28 下午 org.apache.catalina.core.ApplicationContext log
信息: Destroying Spring FrameworkServlet 'dispatcher'
三月 15, 2021 2:50:28 下午 org.apache.catalina.core.ApplicationContext log
信息: Closing Spring root WebApplicationContext
三月 15, 2021 2:50:37 下午 org.apache.catalina.core.ApplicationContext log
信息: No Spring WebApplicationInitializer types detected on classpath
三月 15, 2021 2:50:38 下午 org.apache.catalina.core.ApplicationContext log
信息: Initializing Spring root WebApplicationContext
三月 15, 2021 2:50:52 下午 org.apache.catalina.core.ApplicationContext log
信息: Initializing Spring DispatcherServlet 'dispatcher'
三月 15, 2021 2:51:16 下午 org.apache.catalina.core.ApplicationContext log
信息: Destroying Spring FrameworkServlet 'dispatcher'
三月 15, 2021 2:51:16 下午 org.apache.catalina.core.ApplicationContext log
信息: Closing Spring root WebApplicationContext
三月 15, 2021 2:51:25 下午 org.apache.catalina.core.ApplicationContext log
信息: No Spring WebApplicationInitializer types detected on classpath
三月 15, 2021 2:51:26 下午 org.apache.catalina.core.ApplicationContext log
信息: Initializing Spring root WebApplicationContext
三月 15, 2021 2:51:47 下午 org.apache.catalina.core.ApplicationContext log
信息: Initializing Spring DispatcherServlet 'dispatcher'
三月 15, 2021 2:52:54 下午 org.apache.catalina.core.ApplicationContext log
信息: Destroying Spring FrameworkServlet 'dispatcher'
三月 15, 2021 2:52:54 下午 org.apache.catalina.core.ApplicationContext log
信息: Closing Spring root WebApplicationContext
三月 15, 2021 2:53:37 下午 org.apache.catalina.core.ApplicationContext log
信息: No Spring WebApplicationInitializer types detected on classpath
三月 15, 2021 2:53:38 下午 org.apache.catalina.core.ApplicationContext log
信息: Initializing Spring root WebApplicationContext
三月 15, 2021 2:53:59 下午 org.apache.catalina.core.ApplicationContext log
信息: Initializing Spring DispatcherServlet 'dispatcher'
三月 15, 2021 2:54:39 下午 org.apache.catalina.core.ApplicationContext log
信息: Destroying Spring FrameworkServlet 'dispatcher'
三月 15, 2021 2:54:40 下午 org.apache.catalina.core.ApplicationContext log
信息: Closing Spring root WebApplicationContext
三月 15, 2021 2:54:46 下午 org.apache.catalina.core.ApplicationContext log
信息: No Spring WebApplicationInitializer types detected on classpath
三月 15, 2021 2:54:47 下午 org.apache.catalina.core.ApplicationContext log
信息: Initializing Spring root WebApplicationContext
三月 15, 2021 2:54:55 下午 org.apache.catalina.core.ApplicationContext log
信息: No Spring WebApplicationInitializer types detected on classpath
三月 15, 2021 2:54:57 下午 org.apache.catalina.core.ApplicationContext log
信息: Initializing Spring root WebApplicationContext
三月 15, 2021 2:55:01 下午 org.apache.catalina.core.ApplicationContext log
信息: Closing Spring root WebApplicationContext
三月 15, 2021 2:55:32 下午 org.apache.catalina.core.ApplicationContext log
信息: Closing Spring root WebApplicationContext
三月 15, 2021 2:55:40 下午 org.apache.catalina.core.ApplicationContext log
信息: No Spring WebApplicationInitializer types detected on classpath
三月 15, 2021 2:55:41 下午 org.apache.catalina.core.ApplicationContext log
信息: Initializing Spring root WebApplicationContext
三月 15, 2021 2:55:50 下午 org.apache.catalina.core.ApplicationContext log
信息: No Spring WebApplicationInitializer types detected on classpath
三月 15, 2021 2:55:52 下午 org.apache.catalina.core.ApplicationContext log
信息: Initializing Spring root WebApplicationContext
三月 15, 2021 2:56:00 下午 org.apache.catalina.core.ApplicationContext log
信息: Closing Spring root WebApplicationContext
三月 15, 2021 2:56:09 下午 org.apache.catalina.core.ApplicationContext log
信息: Initializing Spring DispatcherServlet 'dispatcher'
三月 15, 2021 2:56:51 下午 org.apache.catalina.core.ApplicationContext log
信息: Destroying Spring FrameworkServlet 'dispatcher'
三月 15, 2021 2:56:51 下午 org.apache.catalina.core.ApplicationContext log
信息: Closing Spring root WebApplicationContext
三月 15, 2021 2:57:30 下午 org.apache.catalina.core.ApplicationContext log
信息: No Spring WebApplicationInitializer types detected on classpath
三月 15, 2021 2:57:31 下午 org.apache.catalina.core.ApplicationContext log
信息: Initializing Spring root WebApplicationContext
三月 15, 2021 2:57:49 下午 org.apache.catalina.core.ApplicationContext log
信息: Initializing Spring DispatcherServlet 'dispatcher'
三月 15, 2021 2:58:28 下午 org.apache.catalina.core.ApplicationContext log
信息: Destroying Spring FrameworkServlet 'dispatcher'
三月 15, 2021 2:58:28 下午 org.apache.catalina.core.ApplicationContext log
信息: Closing Spring root WebApplicationContext
三月 15, 2021 2:58:42 下午 org.apache.catalina.core.ApplicationContext log
信息: No Spring WebApplicationInitializer types detected on classpath
三月 15, 2021 2:58:43 下午 org.apache.catalina.core.ApplicationContext log
信息: Initializing Spring root WebApplicationContext
三月 15, 2021 2:58:54 下午 org.apache.catalina.core.StandardContext filterStart
严重: 启动过滤器异常
java.lang.ClassNotFoundException: org.eclipse.jetty.servlets.CrossOriginFilter
	at org.apache.catalina.loader.WebappClassLoaderBase.loadClass(WebappClassLoaderBase.java:1952)
	at org.apache.catalina.loader.WebappClassLoaderBase.loadClass(WebappClassLoaderBase.java:1795)
	at org.apache.catalina.core.DefaultInstanceManager.loadClass(DefaultInstanceManager.java:536)
	at org.apache.catalina.core.DefaultInstanceManager.loadClassMaybePrivileged(DefaultInstanceManager.java:518)
	at org.apache.catalina.core.DefaultInstanceManager.newInstance(DefaultInstanceManager.java:148)
	at org.apache.catalina.core.ApplicationFilterConfig.getFilter(ApplicationFilterConfig.java:260)
	at org.apache.catalina.core.ApplicationFilterConfig.<init>(ApplicationFilterConfig.java:106)
	at org.apache.catalina.core.StandardContext.filterStart(StandardContext.java:4977)
	at org.apache.catalina.core.StandardContext.startInternal(StandardContext.java:5681)
	at org.apache.catalina.util.LifecycleBase.start(LifecycleBase.java:183)
	at org.apache.catalina.core.ContainerBase.addChildInternal(ContainerBase.java:1007)
	at org.apache.catalina.core.ContainerBase.addChild(ContainerBase.java:983)
	at org.apache.catalina.core.StandardHost.addChild(StandardHost.java:639)
	at org.apache.catalina.startup.HostConfig.deployWAR(HostConfig.java:1127)
	at org.apache.catalina.startup.HostConfig$DeployWar.run(HostConfig.java:2020)
	at java.util.concurrent.Executors$RunnableAdapter.call(Executors.java:511)
	at java.util.concurrent.FutureTask.run(FutureTask.java:266)
	at java.util.concurrent.ThreadPoolExecutor.runWorker(ThreadPoolExecutor.java:1149)
	at java.util.concurrent.ThreadPoolExecutor$Worker.run(ThreadPoolExecutor.java:624)
	at java.lang.Thread.run(Thread.java:748)

三月 15, 2021 2:58:54 下午 org.apache.catalina.core.ApplicationContext log
信息: Closing Spring root WebApplicationContext
三月 15, 2021 2:59:48 下午 org.apache.catalina.core.ApplicationContext log
信息: No Spring WebApplicationInitializer types detected on classpath
三月 15, 2021 2:59:49 下午 org.apache.catalina.core.ApplicationContext log
信息: Initializing Spring root WebApplicationContext
三月 15, 2021 3:00:10 下午 org.apache.catalina.core.ApplicationContext log
信息: Initializing Spring DispatcherServlet 'dispatcher'
三月 15, 2021 3:05:03 下午 org.apache.catalina.core.ApplicationContext log
信息: Destroying Spring FrameworkServlet 'dispatcher'
三月 15, 2021 3:05:03 下午 org.apache.catalina.core.ApplicationContext log
信息: Closing Spring root WebApplicationContext
三月 15, 2021 3:05:11 下午 org.apache.catalina.core.ApplicationContext log
信息: No Spring WebApplicationInitializer types detected on classpath
三月 15, 2021 3:05:13 下午 org.apache.catalina.core.ApplicationContext log
信息: Initializing Spring root WebApplicationContext
三月 15, 2021 3:05:23 下午 org.apache.catalina.core.StandardContext filterStart
严重: 启动过滤器异常
javax.servlet.ServletException: It is not allowed to configure supportsCredentials=[true] when allowedOrigins=[*]
	at org.apache.catalina.filters.CorsFilter.parseAndStore(CorsFilter.java:779)
	at org.apache.catalina.filters.CorsFilter.init(CorsFilter.java:190)
	at org.apache.catalina.core.ApplicationFilterConfig.initFilter(ApplicationFilterConfig.java:281)
	at org.apache.catalina.core.ApplicationFilterConfig.getFilter(ApplicationFilterConfig.java:262)
	at org.apache.catalina.core.ApplicationFilterConfig.<init>(ApplicationFilterConfig.java:106)
	at org.apache.catalina.core.StandardContext.filterStart(StandardContext.java:4977)
	at org.apache.catalina.core.StandardContext.startInternal(StandardContext.java:5681)
	at org.apache.catalina.util.LifecycleBase.start(LifecycleBase.java:183)
	at org.apache.catalina.core.ContainerBase.addChildInternal(ContainerBase.java:1007)
	at org.apache.catalina.core.ContainerBase.addChild(ContainerBase.java:983)
	at org.apache.catalina.core.StandardHost.addChild(StandardHost.java:639)
	at org.apache.catalina.startup.HostConfig.deployWAR(HostConfig.java:1127)
	at org.apache.catalina.startup.HostConfig$DeployWar.run(HostConfig.java:2020)
	at java.util.concurrent.Executors$RunnableAdapter.call(Executors.java:511)
	at java.util.concurrent.FutureTask.run(FutureTask.java:266)
	at java.util.concurrent.ThreadPoolExecutor.runWorker(ThreadPoolExecutor.java:1149)
	at java.util.concurrent.ThreadPoolExecutor$Worker.run(ThreadPoolExecutor.java:624)
	at java.lang.Thread.run(Thread.java:748)

三月 15, 2021 3:05:23 下午 org.apache.catalina.core.ApplicationContext log
信息: Closing Spring root WebApplicationContext
三月 15, 2021 3:07:33 下午 org.apache.catalina.core.ApplicationContext log
信息: No Spring WebApplicationInitializer types detected on classpath
三月 15, 2021 3:07:35 下午 org.apache.catalina.core.ApplicationContext log
信息: Initializing Spring root WebApplicationContext
三月 15, 2021 3:07:45 下午 org.apache.catalina.core.StandardContext filterStart
严重: 启动过滤器异常
javax.servlet.ServletException: It is not allowed to configure supportsCredentials=[true] when allowedOrigins=[*]
	at org.apache.catalina.filters.CorsFilter.parseAndStore(CorsFilter.java:779)
	at org.apache.catalina.filters.CorsFilter.init(CorsFilter.java:190)
	at org.apache.catalina.core.ApplicationFilterConfig.initFilter(ApplicationFilterConfig.java:281)
	at org.apache.catalina.core.ApplicationFilterConfig.getFilter(ApplicationFilterConfig.java:262)
	at org.apache.catalina.core.ApplicationFilterConfig.<init>(ApplicationFilterConfig.java:106)
	at org.apache.catalina.core.StandardContext.filterStart(StandardContext.java:4977)
	at org.apache.catalina.core.StandardContext.startInternal(StandardContext.java:5681)
	at org.apache.catalina.util.LifecycleBase.start(LifecycleBase.java:183)
	at org.apache.catalina.core.ContainerBase.addChildInternal(ContainerBase.java:1007)
	at org.apache.catalina.core.ContainerBase.addChild(ContainerBase.java:983)
	at org.apache.catalina.core.StandardHost.addChild(StandardHost.java:639)
	at org.apache.catalina.startup.HostConfig.deployWAR(HostConfig.java:1127)
	at org.apache.catalina.startup.HostConfig$DeployWar.run(HostConfig.java:2020)
	at java.util.concurrent.Executors$RunnableAdapter.call(Executors.java:511)
	at java.util.concurrent.FutureTask.run(FutureTask.java:266)
	at java.util.concurrent.ThreadPoolExecutor.runWorker(ThreadPoolExecutor.java:1149)
	at java.util.concurrent.ThreadPoolExecutor$Worker.run(ThreadPoolExecutor.java:624)
	at java.lang.Thread.run(Thread.java:748)

三月 15, 2021 3:07:45 下午 org.apache.catalina.core.ApplicationContext log
信息: Closing Spring root WebApplicationContext
三月 15, 2021 3:08:18 下午 org.apache.catalina.core.ApplicationContext log
信息: No Spring WebApplicationInitializer types detected on classpath
三月 15, 2021 3:08:19 下午 org.apache.catalina.core.ApplicationContext log
信息: Initializing Spring root WebApplicationContext
三月 15, 2021 3:08:30 下午 org.apache.catalina.core.ApplicationContext log
信息: Initializing Spring DispatcherServlet 'dispatcher'
三月 15, 2021 3:11:08 下午 org.apache.catalina.core.ApplicationContext log
信息: Destroying Spring FrameworkServlet 'dispatcher'
三月 15, 2021 3:11:08 下午 org.apache.catalina.core.ApplicationContext log
信息: Closing Spring root WebApplicationContext
三月 15, 2021 3:11:16 下午 org.apache.catalina.core.ApplicationContext log
信息: No Spring WebApplicationInitializer types detected on classpath
三月 15, 2021 3:11:17 下午 org.apache.catalina.core.ApplicationContext log
信息: Initializing Spring root WebApplicationContext
三月 15, 2021 3:11:29 下午 org.apache.catalina.core.ApplicationContext log
信息: Initializing Spring DispatcherServlet 'dispatcher'
三月 15, 2021 3:13:35 下午 org.apache.catalina.core.ApplicationContext log
信息: Destroying Spring FrameworkServlet 'dispatcher'
三月 15, 2021 3:13:35 下午 org.apache.catalina.core.ApplicationContext log
信息: Closing Spring root WebApplicationContext
三月 15, 2021 3:13:53 下午 org.apache.catalina.core.ApplicationContext log
信息: No Spring WebApplicationInitializer types detected on classpath
三月 15, 2021 3:13:54 下午 org.apache.catalina.core.ApplicationContext log
信息: Initializing Spring root WebApplicationContext
三月 15, 2021 3:21:55 下午 org.apache.catalina.core.ApplicationContext log
信息: Closing Spring root WebApplicationContext
三月 15, 2021 5:04:51 下午 org.apache.catalina.core.ApplicationContext log
信息: No Spring WebApplicationInitializer types detected on classpath
三月 15, 2021 5:04:52 下午 org.apache.catalina.core.ApplicationContext log
信息: Initializing Spring root WebApplicationContext
三月 15, 2021 5:07:19 下午 org.apache.catalina.core.ApplicationContext log
信息: Closing Spring root WebApplicationContext
三月 15, 2021 5:07:49 下午 org.apache.catalina.core.ApplicationContext log
信息: No Spring WebApplicationInitializer types detected on classpath
三月 15, 2021 5:07:51 下午 org.apache.catalina.core.ApplicationContext log
信息: Initializing Spring root WebApplicationContext
三月 15, 2021 5:08:16 下午 org.apache.catalina.core.ApplicationContext log
信息: Initializing Spring DispatcherServlet 'dispatcher'
三月 15, 2021 5:09:51 下午 org.apache.catalina.core.ApplicationContext log
信息: Destroying Spring FrameworkServlet 'dispatcher'
三月 15, 2021 5:09:51 下午 org.apache.catalina.core.ApplicationContext log
信息: Closing Spring root WebApplicationContext
三月 15, 2021 5:10:00 下午 org.apache.catalina.core.ApplicationContext log
信息: No Spring WebApplicationInitializer types detected on classpath
三月 15, 2021 5:10:01 下午 org.apache.catalina.core.ApplicationContext log
信息: Initializing Spring root WebApplicationContext
三月 15, 2021 5:10:19 下午 org.apache.catalina.core.ApplicationContext log
信息: Initializing Spring DispatcherServlet 'dispatcher'
三月 15, 2021 5:13:18 下午 org.apache.catalina.core.ApplicationContext log
信息: No Spring WebApplicationInitializer types detected on classpath
三月 15, 2021 5:13:19 下午 org.apache.catalina.core.ApplicationContext log
信息: Initializing Spring root WebApplicationContext
三月 15, 2021 5:13:44 下午 org.apache.catalina.core.ApplicationContext log
信息: Initializing Spring DispatcherServlet 'dispatcher'
三月 15, 2021 5:15:48 下午 org.apache.catalina.core.ApplicationContext log
信息: No Spring WebApplicationInitializer types detected on classpath
三月 15, 2021 5:15:49 下午 org.apache.catalina.core.ApplicationContext log
信息: Initializing Spring root WebApplicationContext
三月 15, 2021 5:16:28 下午 org.apache.catalina.core.ApplicationContext log
信息: Initializing Spring DispatcherServlet 'dispatcher'
三月 15, 2021 8:05:29 下午 org.apache.catalina.core.ApplicationContext log
信息: No Spring WebApplicationInitializer types detected on classpath
三月 15, 2021 8:05:31 下午 org.apache.catalina.core.ApplicationContext log
信息: Initializing Spring root WebApplicationContext
三月 15, 2021 8:06:02 下午 org.apache.catalina.core.ApplicationContext log
信息: Initializing Spring DispatcherServlet 'dispatcher'
