三月 09, 2021 4:25:36 下午 org.apache.catalina.core.ApplicationContext log
信息: No Spring WebApplicationInitializer types detected on classpath
三月 09, 2021 4:25:37 下午 org.apache.catalina.core.ApplicationContext log
信息: Initializing Spring root WebApplicationContext
三月 09, 2021 4:25:56 下午 org.apache.catalina.core.ApplicationContext log
信息: No Spring WebApplicationInitializer types detected on classpath
三月 09, 2021 4:25:56 下午 org.apache.catalina.core.ApplicationContext log
信息: Initializing Spring FrameworkServlet 'dispatcherServlet'
三月 09, 2021 4:26:06 下午 org.apache.catalina.core.ApplicationContext log
信息: No Spring WebApplicationInitializer types detected on classpath
三月 09, 2021 4:26:06 下午 org.apache.catalina.core.ApplicationContext log
信息: Initializing Spring FrameworkServlet 'dispatcherServlet'
三月 09, 2021 4:26:10 下午 org.apache.catalina.core.ApplicationContext log
信息: Initializing Spring DispatcherServlet 'dispatcher'
三月 09, 2021 4:31:48 下午 org.apache.catalina.core.ApplicationContext log
信息: Destroying Spring FrameworkServlet 'dispatcherServlet'
三月 09, 2021 4:31:48 下午 org.apache.catalina.core.ApplicationContext log
信息: Destroying Spring FrameworkServlet 'dispatcher'
三月 09, 2021 4:31:48 下午 org.apache.catalina.core.ApplicationContext log
信息: Closing Spring root WebApplicationContext
三月 09, 2021 4:31:49 下午 org.apache.catalina.core.ApplicationContext log
信息: Destroying Spring FrameworkServlet 'dispatcherServlet'
三月 09, 2021 4:31:59 下午 org.apache.catalina.core.ApplicationContext log
信息: No Spring WebApplicationInitializer types detected on classpath
三月 09, 2021 4:32:00 下午 org.apache.catalina.core.ApplicationContext log
信息: Initializing Spring root WebApplicationContext
三月 09, 2021 4:32:12 下午 org.apache.catalina.core.ApplicationContext log
信息: No Spring WebApplicationInitializer types detected on classpath
三月 09, 2021 4:32:12 下午 org.apache.catalina.core.ApplicationContext log
信息: Initializing Spring FrameworkServlet 'dispatcherServlet'
三月 09, 2021 4:32:18 下午 org.apache.catalina.core.ApplicationContext log
信息: No Spring WebApplicationInitializer types detected on classpath
三月 09, 2021 4:32:18 下午 org.apache.catalina.core.ApplicationContext log
信息: Initializing Spring FrameworkServlet 'dispatcherServlet'
三月 09, 2021 4:32:28 下午 org.apache.catalina.core.ApplicationContext log
信息: Initializing Spring DispatcherServlet 'dispatcher'
三月 09, 2021 4:38:05 下午 org.apache.catalina.core.ApplicationContext log
信息: Destroying Spring FrameworkServlet 'dispatcherServlet'
三月 09, 2021 4:38:05 下午 org.apache.catalina.core.ApplicationContext log
信息: Destroying Spring FrameworkServlet 'dispatcher'
三月 09, 2021 4:38:05 下午 org.apache.catalina.core.ApplicationContext log
信息: Closing Spring root WebApplicationContext
三月 09, 2021 4:38:07 下午 org.apache.catalina.core.ApplicationContext log
信息: Destroying Spring FrameworkServlet 'dispatcherServlet'
