12月 12, 2020 1:06:28 下午 org.apache.catalina.core.ApplicationContext log
信息: No Spring WebApplicationInitializer types detected on classpath
12月 12, 2020 1:06:31 下午 org.apache.catalina.core.ApplicationContext log
信息: Initializing Spring root WebApplicationContext
12月 12, 2020 1:06:54 下午 org.apache.catalina.core.ApplicationContext log
信息: Initializing Spring DispatcherServlet 'dispatcher'
12月 12, 2020 2:50:40 下午 org.apache.catalina.core.ApplicationContext log
信息: No Spring WebApplicationInitializer types detected on classpath
12月 12, 2020 2:50:44 下午 org.apache.catalina.core.ApplicationContext log
信息: Initializing Spring root WebApplicationContext
12月 12, 2020 2:55:11 下午 org.apache.catalina.core.ApplicationContext log
信息: Initializing Spring DispatcherServlet 'dispatcher'
12月 12, 2020 5:39:50 下午 org.apache.catalina.core.ApplicationContext log
信息: Destroying Spring FrameworkServlet 'dispatcher'
12月 12, 2020 5:39:50 下午 org.apache.catalina.core.ApplicationContext log
信息: Closing Spring root WebApplicationContext
12月 12, 2020 5:40:16 下午 org.apache.catalina.core.ApplicationContext log
信息: No Spring WebApplicationInitializer types detected on classpath
12月 12, 2020 5:40:19 下午 org.apache.catalina.core.ApplicationContext log
信息: Initializing Spring root WebApplicationContext
12月 12, 2020 5:40:40 下午 org.apache.catalina.core.ApplicationContext log
信息: Initializing Spring DispatcherServlet 'dispatcher'
12月 12, 2020 5:43:12 下午 org.apache.catalina.core.ApplicationContext log
信息: Destroying Spring FrameworkServlet 'dispatcher'
12月 12, 2020 5:43:12 下午 org.apache.catalina.core.ApplicationContext log
信息: Closing Spring root WebApplicationContext
十二月 12, 2020 5:50:32 下午 org.apache.catalina.core.ApplicationContext log
信息: No Spring WebApplicationInitializer types detected on classpath
十二月 12, 2020 5:50:33 下午 org.apache.catalina.core.ApplicationContext log
信息: Initializing Spring root WebApplicationContext
十二月 12, 2020 5:50:50 下午 org.apache.catalina.core.ApplicationContext log
信息: Initializing Spring DispatcherServlet 'dispatcher'
十二月 12, 2020 8:59:33 下午 org.apache.catalina.core.ApplicationContext log
信息: No Spring WebApplicationInitializer types detected on classpath
十二月 12, 2020 8:59:34 下午 org.apache.catalina.core.ApplicationContext log
信息: Initializing Spring root WebApplicationContext
十二月 12, 2020 9:57:12 下午 org.apache.catalina.core.ApplicationContext log
信息: Initializing Spring DispatcherServlet 'dispatcher'
