十二月 17, 2020 9:08:12 上午 org.apache.catalina.core.ApplicationContext log
信息: No Spring WebApplicationInitializer types detected on classpath
十二月 17, 2020 9:08:14 上午 org.apache.catalina.core.ApplicationContext log
信息: Initializing Spring root WebApplicationContext
十二月 17, 2020 9:08:53 上午 org.apache.catalina.core.ApplicationContext log
信息: Initializing Spring DispatcherServlet 'dispatcher'
十二月 17, 2020 10:09:35 上午 org.apache.catalina.core.ApplicationContext log
信息: Destroying Spring FrameworkServlet 'dispatcher'
十二月 17, 2020 10:09:35 上午 org.apache.catalina.core.ApplicationContext log
信息: Closing Spring root WebApplicationContext
十二月 17, 2020 11:30:36 上午 org.apache.catalina.core.ApplicationContext log
信息: No Spring WebApplicationInitializer types detected on classpath
十二月 17, 2020 11:30:38 上午 org.apache.catalina.core.ApplicationContext log
信息: Initializing Spring root WebApplicationContext
十二月 17, 2020 11:39:52 上午 org.apache.catalina.core.ApplicationContext log
信息: Initializing Spring DispatcherServlet 'dispatcher'
十二月 17, 2020 12:50:24 下午 org.apache.catalina.core.ApplicationContext log
信息: Destroying Spring FrameworkServlet 'dispatcher'
十二月 17, 2020 12:50:24 下午 org.apache.catalina.core.ApplicationContext log
信息: Closing Spring root WebApplicationContext
十二月 17, 2020 4:57:41 下午 org.apache.catalina.core.ApplicationContext log
信息: No Spring WebApplicationInitializer types detected on classpath
十二月 17, 2020 4:57:43 下午 org.apache.catalina.core.ApplicationContext log
信息: Initializing Spring root WebApplicationContext
十二月 17, 2020 4:59:24 下午 org.apache.catalina.core.ApplicationContext log
信息: Initializing Spring DispatcherServlet 'dispatcher'
十二月 17, 2020 7:56:30 下午 org.apache.catalina.core.ApplicationContext log
信息: Destroying Spring FrameworkServlet 'dispatcher'
十二月 17, 2020 7:56:30 下午 org.apache.catalina.core.ApplicationContext log
信息: Closing Spring root WebApplicationContext
十二月 17, 2020 7:56:50 下午 org.apache.catalina.core.ApplicationContext log
信息: No Spring WebApplicationInitializer types detected on classpath
十二月 17, 2020 7:56:52 下午 org.apache.catalina.core.ApplicationContext log
信息: Initializing Spring root WebApplicationContext
十二月 17, 2020 7:57:08 下午 org.apache.catalina.core.StandardContext filterStart
严重: 启动过滤器异常
javax.servlet.ServletException: It is not allowed to configure supportsCredentials=[true] when allowedOrigins=[*]
	at org.apache.catalina.filters.CorsFilter.parseAndStore(CorsFilter.java:779)
	at org.apache.catalina.filters.CorsFilter.init(CorsFilter.java:190)
	at org.apache.catalina.core.ApplicationFilterConfig.initFilter(ApplicationFilterConfig.java:281)
	at org.apache.catalina.core.ApplicationFilterConfig.getFilter(ApplicationFilterConfig.java:262)
	at org.apache.catalina.core.ApplicationFilterConfig.<init>(ApplicationFilterConfig.java:106)
	at org.apache.catalina.core.StandardContext.filterStart(StandardContext.java:4977)
	at org.apache.catalina.core.StandardContext.startInternal(StandardContext.java:5681)
	at org.apache.catalina.util.LifecycleBase.start(LifecycleBase.java:183)
	at org.apache.catalina.core.ContainerBase.addChildInternal(ContainerBase.java:1007)
	at org.apache.catalina.core.ContainerBase.addChild(ContainerBase.java:983)
	at org.apache.catalina.core.StandardHost.addChild(StandardHost.java:639)
	at org.apache.catalina.startup.HostConfig.deployWAR(HostConfig.java:1127)
	at org.apache.catalina.startup.HostConfig$DeployWar.run(HostConfig.java:2020)
	at java.util.concurrent.Executors$RunnableAdapter.call(Unknown Source)
	at java.util.concurrent.FutureTask.run(Unknown Source)
	at java.util.concurrent.ThreadPoolExecutor.runWorker(Unknown Source)
	at java.util.concurrent.ThreadPoolExecutor$Worker.run(Unknown Source)
	at java.lang.Thread.run(Unknown Source)

十二月 17, 2020 7:57:08 下午 org.apache.catalina.core.ApplicationContext log
信息: Closing Spring root WebApplicationContext
十二月 17, 2020 7:59:53 下午 org.apache.catalina.core.ApplicationContext log
信息: No Spring WebApplicationInitializer types detected on classpath
十二月 17, 2020 7:59:55 下午 org.apache.catalina.core.ApplicationContext log
信息: Initializing Spring root WebApplicationContext
十二月 17, 2020 8:00:09 下午 org.apache.catalina.core.ApplicationContext log
信息: Initializing Spring DispatcherServlet 'dispatcher'
十二月 17, 2020 8:01:52 下午 org.apache.catalina.core.ApplicationContext log
信息: Destroying Spring FrameworkServlet 'dispatcher'
十二月 17, 2020 8:01:52 下午 org.apache.catalina.core.ApplicationContext log
信息: Closing Spring root WebApplicationContext
十二月 17, 2020 8:02:03 下午 org.apache.catalina.core.ApplicationContext log
信息: No Spring WebApplicationInitializer types detected on classpath
十二月 17, 2020 8:02:04 下午 org.apache.catalina.core.ApplicationContext log
信息: Initializing Spring root WebApplicationContext
十二月 17, 2020 8:02:32 下午 org.apache.catalina.core.ApplicationContext log
信息: Initializing Spring DispatcherServlet 'dispatcher'
十二月 17, 2020 9:00:16 下午 org.apache.catalina.core.ApplicationContext log
信息: Destroying Spring FrameworkServlet 'dispatcher'
十二月 17, 2020 9:00:16 下午 org.apache.catalina.core.ApplicationContext log
信息: Closing Spring root WebApplicationContext
